2024-09-18T12:44:45.506434+0100 INFO 3040 Ensured data directory exists at C:\Users\qqeer\Desktop\code\scraping books\scraping_books\data
2024-09-18T12:44:45.539568+0100 INFO 3040 Created database engine for C:\Users\qqeer\Desktop\code\scraping books\scraping_books\data\scraping_books.db
2024-09-18T12:44:45.586172+0100 INFO 3040 All tables truncated successfully.
2024-09-18T12:44:45.586172+0100 INFO 3040 2 records inserted successfully.
2024-09-18T12:44:45.586172+0100 INFO 3040 Database initialized successfully with new records.
2024-09-18T12:44:45.588177+0100 ERROR 3040 Tables were not created successfully.
2024-09-18T12:44:45.591176+0100 INFO 3040 Database schema initialized successfully.
2024-09-18T12:44:45.592599+0100 INFO 3040 Tables in the database: <MagicMock name='engine._sa_instance_state.get_table_names()' id='2633070485936'>
2024-09-18T12:44:45.592599+0100 ERROR 3040 Not all required tables were created.
2024-09-18T12:44:45.598595+0100 ERROR 3040 Error initializing database schema: ()
2024-09-18T12:44:45.599595+0100 INFO 3040 Row inserted successfully into test_table.
2024-09-18T12:44:45.601099+0100 ERROR 3040 Error inserting row into test_table: ()
2024-09-18T12:44:45.602104+0100 ERROR 3040 Tables do not exist. Cannot insert row.
2024-09-18T12:44:45.602104+0100 INFO 3040 2 records inserted successfully.
2024-09-18T12:44:45.603106+0100 ERROR 3040 Error inserting records: ()
2024-09-18T12:44:45.606103+0100 INFO 3040 Data exported to test.csv
2024-09-18T12:44:45.609104+0100 INFO 3040 Data exported to test.json
2024-09-18T12:44:45.613193+0100 INFO 3040 Database schema initialized successfully.
2024-09-18T12:44:45.614191+0100 INFO 3040 Tables in the database: ['TestTable', 'books']
2024-09-18T12:44:45.614191+0100 INFO 3040 All required tables have been created successfully.
2024-09-18T12:44:45.616191+0100 ERROR 3040 Error scraping books: Failed to fetch the Books page
2024-09-18T12:44:45.617191+0100 INFO 3040 Successfully fetched the page
