2024-10-01T21:49:32.294160+0100 INFO 6976 Ensured data directory exists at C:\Users\qqeer\Desktop\code\scraping books\scraping_books\data
2024-10-01T21:49:32.294160+0100 INFO 6976 Created database engine for C:\Users\qqeer\Desktop\code\scraping books\scraping_books\data\scraping_books.db
2024-10-01T21:49:32.309785+0100 INFO 6976 Database schema initialized successfully.
2024-10-01T21:49:32.309785+0100 INFO 6976 Tables in the database: ['TestTable', 'books']
2024-10-01T21:49:32.309785+0100 INFO 6976 All required tables have been created successfully.
2024-10-01T21:49:32.872978+0100 INFO 6976 Successfully fetched the page
2024-10-01T21:49:32.891412+0100 INFO 6976 Created the soup.
2024-10-01T21:49:32.893819+0100 INFO 11880 category name: Travel
2024-10-01T21:49:32.893819+0100 INFO 16292 category name: Mystery
2024-10-01T21:49:32.893819+0100 INFO 5292 category name: Historical Fiction
2024-10-01T21:49:32.893819+0100 INFO 15924 category name: Sequential Art
2024-10-01T21:49:32.893819+0100 INFO 11652 category name: Classics
2024-10-01T21:49:32.893819+0100 INFO 17712 category name: Philosophy
2024-10-01T21:49:32.893819+0100 INFO 3340 category name: Romance
2024-10-01T21:49:32.893819+0100 INFO 9028 category name: Womens Fiction
2024-10-01T21:49:32.893819+0100 INFO 3812 category name: Fiction
2024-10-01T21:49:32.893819+0100 INFO 9824 category name: Childrens
2024-10-01T21:49:32.893819+0100 INFO 15044 category name: Religion
2024-10-01T21:49:32.893819+0100 INFO 13496 category name: Nonfiction
2024-10-01T21:49:32.893819+0100 INFO 6424 category name: Music
2024-10-01T21:49:32.893819+0100 INFO 5200 category name: Default
2024-10-01T21:49:32.893819+0100 INFO 5132 category name: Science Fiction
2024-10-01T21:49:32.893819+0100 DEBUG 6976 max workers: 16
2024-10-01T21:49:32.893819+0100 INFO 4048 category name: Sports and Games
2024-10-01T21:49:33.359740+0100 INFO 11880 Successfully fetched the page
2024-10-01T21:49:33.368792+0100 INFO 11880 pages: 1
2024-10-01T21:49:33.369791+0100 INFO 11880 current category page url: https://books.toscrape.com/catalogue/category/books/travel_2/index.html
2024-10-01T21:49:33.370791+0100 INFO 17712 Successfully fetched the page
2024-10-01T21:49:33.380282+0100 INFO 17712 pages: 1
2024-10-01T21:49:33.380282+0100 INFO 17712 current category page url: https://books.toscrape.com/catalogue/category/books/philosophy_7/index.html
2024-10-01T21:49:33.412459+0100 INFO 15044 Successfully fetched the page
2024-10-01T21:49:33.418481+0100 INFO 15044 pages: 1
2024-10-01T21:49:33.418481+0100 INFO 15044 current category page url: https://books.toscrape.com/catalogue/category/books/religion_12/index.html
2024-10-01T21:49:33.426363+0100 INFO 4048 Successfully fetched the page
2024-10-01T21:49:33.429479+0100 INFO 4048 pages: 1
2024-10-01T21:49:33.429479+0100 INFO 4048 current category page url: https://books.toscrape.com/catalogue/category/books/sports-and-games_17/index.html
2024-10-01T21:49:33.463633+0100 INFO 9824 Successfully fetched the page
2024-10-01T21:49:33.499701+0100 INFO 9824 num_pages is not None
2024-10-01T21:49:33.499701+0100 INFO 9824 pages: 2
2024-10-01T21:49:33.500591+0100 INFO 11652 Successfully fetched the page
2024-10-01T21:49:33.500591+0100 INFO 9824 current category page url: https://books.toscrape.com/catalogue/category/books/childrens_11/index.html
2024-10-01T21:49:33.500591+0100 INFO 5292 Successfully fetched the page
2024-10-01T21:49:33.500591+0100 INFO 15924 Successfully fetched the page
2024-10-01T21:49:33.500591+0100 INFO 13496 Successfully fetched the page
2024-10-01T21:49:33.509330+0100 INFO 3340 Successfully fetched the page
2024-10-01T21:49:33.509330+0100 INFO 5200 Successfully fetched the page
2024-10-01T21:49:33.513330+0100 INFO 11652 pages: 1
2024-10-01T21:49:33.513330+0100 INFO 16292 Successfully fetched the page
2024-10-01T21:49:33.527299+0100 INFO 5292 num_pages is not None
2024-10-01T21:49:33.541233+0100 INFO 9028 Successfully fetched the page
2024-10-01T21:49:33.555002+0100 INFO 13496 num_pages is not None
2024-10-01T21:49:33.555002+0100 INFO 15924 num_pages is not None
2024-10-01T21:49:33.555002+0100 INFO 6424 Successfully fetched the page
2024-10-01T21:49:33.560679+0100 INFO 5132 Successfully fetched the page
2024-10-01T21:49:33.569404+0100 INFO 3340 num_pages is not None
2024-10-01T21:49:33.574444+0100 INFO 11652 current category page url: https://books.toscrape.com/catalogue/category/books/classics_6/index.html
2024-10-01T21:49:33.588635+0100 INFO 5200 num_pages is not None
2024-10-01T21:49:33.588635+0100 INFO 5292 pages: 2
2024-10-01T21:49:33.597073+0100 INFO 16292 num_pages is not None
2024-10-01T21:49:33.597073+0100 INFO 13496 pages: 6
2024-10-01T21:49:33.611176+0100 INFO 9028 pages: 1
2024-10-01T21:49:33.611176+0100 INFO 15924 pages: 4
2024-10-01T21:49:33.624847+0100 INFO 6424 pages: 1
2024-10-01T21:49:33.630102+0100 INFO 3340 pages: 2
2024-10-01T21:49:33.638073+0100 INFO 5132 pages: 1
2024-10-01T21:49:33.638073+0100 INFO 5200 pages: 8
2024-10-01T21:49:33.638073+0100 INFO 5292 current category page url: https://books.toscrape.com/catalogue/category/books/historical-fiction_4/index.html
2024-10-01T21:49:33.638073+0100 INFO 16292 pages: 2
2024-10-01T21:49:33.638073+0100 INFO 13496 current category page url: https://books.toscrape.com/catalogue/category/books/nonfiction_13/index.html
2024-10-01T21:49:33.638073+0100 INFO 9028 current category page url: https://books.toscrape.com/catalogue/category/books/womens-fiction_9/index.html
2024-10-01T21:49:33.638073+0100 INFO 15924 current category page url: https://books.toscrape.com/catalogue/category/books/sequential-art_5/index.html
2024-10-01T21:49:33.638073+0100 INFO 6424 current category page url: https://books.toscrape.com/catalogue/category/books/music_14/index.html
2024-10-01T21:49:33.638073+0100 INFO 3340 current category page url: https://books.toscrape.com/catalogue/category/books/romance_8/index.html
2024-10-01T21:49:33.638073+0100 INFO 5132 current category page url: https://books.toscrape.com/catalogue/category/books/science-fiction_16/index.html
2024-10-01T21:49:33.638073+0100 INFO 5200 current category page url: https://books.toscrape.com/catalogue/category/books/default_15/index.html
2024-10-01T21:49:33.638073+0100 INFO 16292 current category page url: https://books.toscrape.com/catalogue/category/books/mystery_3/index.html
2024-10-01T21:49:33.830245+0100 INFO 17712 Successfully fetched the page
2024-10-01T21:49:33.839674+0100 INFO 17712 current book url: sophies-world_966/index.html
2024-10-01T21:49:33.846075+0100 INFO 11880 Successfully fetched the page
2024-10-01T21:49:33.861160+0100 INFO 11880 current book url: its-only-the-himalayas_981/index.html
2024-10-01T21:49:33.887907+0100 INFO 4048 Successfully fetched the page
2024-10-01T21:49:33.895207+0100 INFO 4048 current book url: the-book-of-basketball-the-nba-according-to-the-sports-guy_232/index.html
2024-10-01T21:49:33.898965+0100 INFO 3812 Successfully fetched the page
2024-10-01T21:49:33.913249+0100 INFO 3812 num_pages is not None
2024-10-01T21:49:33.913249+0100 INFO 3812 pages: 4
2024-10-01T21:49:33.913249+0100 INFO 3812 current category page url: https://books.toscrape.com/catalogue/category/books/fiction_10/index.html
2024-10-01T21:49:33.913249+0100 INFO 15044 Successfully fetched the page
2024-10-01T21:49:33.922129+0100 INFO 15044 current book url: dont-be-a-jerk-and-other-practical-advice-from-dogen-japans-greatest-zen-master_890/index.html
2024-10-01T21:49:34.135808+0100 INFO 9824 Successfully fetched the page
2024-10-01T21:49:34.150813+0100 INFO 9824 current book url: birdsong-a-story-in-pictures_975/index.html
2024-10-01T21:49:34.182070+0100 INFO 13496 Successfully fetched the page
2024-10-01T21:49:34.196036+0100 INFO 13496 current book url: worlds-elsewhere-journeys-around-shakespeares-globe_972/index.html
2024-10-01T21:49:34.196373+0100 INFO 9028 Successfully fetched the page
2024-10-01T21:49:34.206664+0100 INFO 9028 current book url: i-had-a-nice-time-and-other-lies-how-to-find-love-sht-like-that_814/index.html
2024-10-01T21:49:34.221669+0100 INFO 15924 Successfully fetched the page
2024-10-01T21:49:34.240109+0100 INFO 15924 current book url: scott-pilgrims-precious-little-life-scott-pilgrim-1_987/index.html
2024-10-01T21:49:34.242551+0100 INFO 16292 Successfully fetched the page
2024-10-01T21:49:34.248124+0100 INFO 16292 current book url: sharp-objects_997/index.html
2024-10-01T21:49:34.248124+0100 INFO 6424 Successfully fetched the page
2024-10-01T21:49:34.248124+0100 INFO 11652 Successfully fetched the page
2024-10-01T21:49:34.248124+0100 INFO 5292 Successfully fetched the page
2024-10-01T21:49:34.263629+0100 INFO 6424 current book url: rip-it-up-and-start-again_986/index.html
2024-10-01T21:49:34.279261+0100 INFO 5200 Successfully fetched the page
2024-10-01T21:49:34.279261+0100 INFO 5132 Successfully fetched the page
2024-10-01T21:49:34.263629+0100 INFO 11652 current book url: the-secret-garden_413/index.html
2024-10-01T21:49:34.279261+0100 INFO 5292 current book url: tipping-the-velvet_999/index.html
2024-10-01T21:49:34.279261+0100 INFO 3340 Successfully fetched the page
2024-10-01T21:49:34.294886+0100 INFO 11880 Successfully fetched the page
2024-10-01T21:49:34.294886+0100 INFO 5200 current book url: the-coming-woman-a-novel-based-on-the-life-of-the-infamous-feminist-victoria-woodhull_993/index.html
2024-10-01T21:49:34.341761+0100 INFO 5132 current book url: mesaerion-the-best-science-fiction-stories-1800-1849_983/index.html
2024-10-01T21:49:34.357387+0100 INFO 17712 Successfully fetched the page
2024-10-01T21:49:34.357387+0100 INFO 3340 current book url: chase-me-paris-nights-2_977/index.html
2024-10-01T21:49:34.357387+0100 INFO 4048 Successfully fetched the page
2024-10-01T21:49:34.374117+0100 INFO 11880 uuid: 54dc31f7-bb96-440a-b84c-bc9c68e8ad6f
2024-10-01T21:49:34.374117+0100 INFO 17712 uuid: 1a6e881d-bcda-426e-8257-fb764cffada0
2024-10-01T21:49:34.389122+0100 INFO 11880 title: It's Only the Himalayas
2024-10-01T21:49:34.389122+0100 INFO 4048 uuid: 28b3aa62-223a-4a74-9566-fc76d48c8f02
2024-10-01T21:49:34.389122+0100 INFO 17712 title: Sophie's World
2024-10-01T21:49:34.389122+0100 INFO 11880 price: 45.17
2024-10-01T21:49:34.389122+0100 INFO 4048 title: The Book of Basketball: The NBA According to The Sports Guy
2024-10-01T21:49:34.389122+0100 INFO 17712 price: 15.94
2024-10-01T21:49:34.389122+0100 INFO 11880 availability: 19 
2024-10-01T21:49:34.389122+0100 INFO 4048 price: 44.84
2024-10-01T21:49:34.389122+0100 INFO 17712 availability: 18 
2024-10-01T21:49:34.389122+0100 INFO 11880 rating: 2
2024-10-01T21:49:34.389122+0100 INFO 4048 availability: 3 
2024-10-01T21:49:34.389122+0100 INFO 17712 rating: 5
2024-10-01T21:49:34.389122+0100 INFO 11880 category: Travel
2024-10-01T21:49:34.389122+0100 INFO 4048 rating: 5
2024-10-01T21:49:34.389122+0100 INFO 17712 category: Philosophy
2024-10-01T21:49:34.389122+0100 INFO 11880 category name: Add a comment
2024-10-01T21:49:34.389122+0100 INFO 4048 category: Sports and Games
2024-10-01T21:49:34.389122+0100 INFO 17712 category name: Fantasy
2024-10-01T21:49:34.389122+0100 INFO 4048 category name: New Adult
2024-10-01T21:49:34.404754+0100 INFO 15044 Successfully fetched the page
2024-10-01T21:49:34.404754+0100 INFO 15044 uuid: d436665a-3c01-4aee-a83a-e72d4b2b754c
2024-10-01T21:49:34.404754+0100 INFO 15044 title: Don't Be a Jerk: And Other Practical Advice from Dogen, Japan's Greatest Zen Master
2024-10-01T21:49:34.404754+0100 INFO 15044 price: 37.97
2024-10-01T21:49:34.404754+0100 INFO 15044 availability: 16 
2024-10-01T21:49:34.404754+0100 INFO 15044 rating: 2
2024-10-01T21:49:34.404754+0100 INFO 15044 category: Religion
2024-10-01T21:49:34.404754+0100 INFO 15044 category name: Young Adult
2024-10-01T21:49:34.525937+0100 INFO 3812 Successfully fetched the page
2024-10-01T21:49:34.540942+0100 INFO 3812 current book url: soumission_998/index.html
2024-10-01T21:49:34.640662+0100 INFO 9824 Successfully fetched the page
2024-10-01T21:49:34.645236+0100 INFO 9824 uuid: 63b9c85c-662b-4e21-aa4c-5cd24d651b57
2024-10-01T21:49:34.646237+0100 INFO 9824 title: Birdsong: A Story in Pictures
2024-10-01T21:49:34.646237+0100 INFO 9824 price: 54.64
2024-10-01T21:49:34.646237+0100 INFO 9824 availability: 19 
2024-10-01T21:49:34.646237+0100 INFO 9824 rating: 3
2024-10-01T21:49:34.646598+0100 INFO 9824 category: Childrens
2024-10-01T21:49:34.646666+0100 INFO 9824 category name: Science
2024-10-01T21:49:34.693636+0100 INFO 9028 Successfully fetched the page
2024-10-01T21:49:34.698542+0100 INFO 9028 uuid: 71a6f47f-8b93-4a45-b0a9-efa1c9b8b619
2024-10-01T21:49:34.698542+0100 INFO 9028 title: I Had a Nice Time And Other Lies...: How to find love & sh*t like that
2024-10-01T21:49:34.699565+0100 INFO 9028 price: 57.36
2024-10-01T21:49:34.699565+0100 INFO 9028 availability: 15 
2024-10-01T21:49:34.699717+0100 INFO 9028 rating: 4
2024-10-01T21:49:34.699717+0100 INFO 9028 category: Womens Fiction
2024-10-01T21:49:34.699823+0100 INFO 9028 category name: Poetry
2024-10-01T21:49:34.710554+0100 INFO 13496 Successfully fetched the page
2024-10-01T21:49:34.716546+0100 INFO 13496 uuid: ea6df269-0632-42ec-91bb-15039d789119
2024-10-01T21:49:34.716546+0100 INFO 13496 title: Worlds Elsewhere: Journeys Around Shakespeare’s Globe
2024-10-01T21:49:34.716546+0100 INFO 13496 price: 40.30
2024-10-01T21:49:34.716546+0100 INFO 13496 availability: 18 
2024-10-01T21:49:34.716546+0100 INFO 13496 rating: 5
2024-10-01T21:49:34.716546+0100 INFO 13496 category: Nonfiction
2024-10-01T21:49:34.716546+0100 INFO 13496 category name: Paranormal
2024-10-01T21:49:34.742024+0100 INFO 15924 Successfully fetched the page
2024-10-01T21:49:34.748180+0100 INFO 15924 uuid: fb06aa17-ebc2-4a21-9678-41e9b25b5909
2024-10-01T21:49:34.748644+0100 INFO 15924 title: Scott Pilgrim's Precious Little Life (Scott Pilgrim #1)
2024-10-01T21:49:34.748644+0100 INFO 15924 price: 52.29
2024-10-01T21:49:34.748763+0100 INFO 15924 availability: 19 
2024-10-01T21:49:34.748837+0100 INFO 15924 rating: 5
2024-10-01T21:49:34.748917+0100 INFO 15924 category: Sequential Art
2024-10-01T21:49:34.748917+0100 INFO 15924 category name: Art
2024-10-01T21:49:34.750666+0100 INFO 16292 Successfully fetched the page
2024-10-01T21:49:34.753598+0100 INFO 16292 uuid: 8af67118-8928-416b-b557-edaa86fcd4d6
2024-10-01T21:49:34.753598+0100 INFO 16292 title: Sharp Objects
2024-10-01T21:49:34.753598+0100 INFO 16292 price: 47.82
2024-10-01T21:49:34.754597+0100 INFO 16292 availability: 20 
2024-10-01T21:49:34.754597+0100 INFO 16292 rating: 4
2024-10-01T21:49:34.754597+0100 INFO 16292 category: Mystery
2024-10-01T21:49:34.754597+0100 INFO 16292 category name: Psychology
2024-10-01T21:49:34.813588+0100 INFO 11652 Successfully fetched the page
2024-10-01T21:49:34.819553+0100 INFO 11652 uuid: c8743e7d-ee45-4a67-b861-92872530a0e9
2024-10-01T21:49:34.819553+0100 INFO 5292 Successfully fetched the page
2024-10-01T21:49:34.819553+0100 INFO 11652 title: The Secret Garden
2024-10-01T21:49:34.819553+0100 INFO 11652 price: 15.08
2024-10-01T21:49:34.822630+0100 INFO 5292 uuid: 3dad7c15-8719-4df2-b8fa-01dde7e12f06
2024-10-01T21:49:34.822630+0100 INFO 11652 availability: 5 
2024-10-01T21:49:34.822630+0100 INFO 5292 title: Tipping the Velvet
2024-10-01T21:49:34.823593+0100 INFO 11652 rating: 4
2024-10-01T21:49:34.823593+0100 INFO 5292 price: 53.74
2024-10-01T21:49:34.823593+0100 INFO 11652 category: Classics
2024-10-01T21:49:34.823593+0100 INFO 5292 availability: 20 
2024-10-01T21:49:34.823593+0100 INFO 11652 category name: Autobiography
2024-10-01T21:49:34.823593+0100 INFO 5292 rating: 1
2024-10-01T21:49:34.823593+0100 INFO 5292 category: Historical Fiction
2024-10-01T21:49:34.823593+0100 INFO 5292 category name: Parenting
2024-10-01T21:49:34.845687+0100 INFO 6424 Successfully fetched the page
2024-10-01T21:49:34.850645+0100 INFO 6424 uuid: cec7c308-d7c3-4684-b910-1557e739df8c
2024-10-01T21:49:34.850645+0100 INFO 6424 title: Rip it Up and Start Again
2024-10-01T21:49:34.850645+0100 INFO 6424 price: 35.02
2024-10-01T21:49:34.850645+0100 INFO 6424 availability: 19 
2024-10-01T21:49:34.850645+0100 INFO 6424 rating: 5
2024-10-01T21:49:34.850645+0100 INFO 6424 category: Music
2024-10-01T21:49:34.850645+0100 INFO 6424 category name: Adult Fiction
2024-10-01T21:49:34.855620+0100 INFO 3340 Successfully fetched the page
2024-10-01T21:49:34.860674+0100 INFO 3340 uuid: 7bb575fe-97b8-435c-b445-c34ec4f7c6b5
2024-10-01T21:49:34.860674+0100 INFO 3340 title: Chase Me (Paris Nights #2)
2024-10-01T21:49:34.861688+0100 INFO 3340 price: 25.27
2024-10-01T21:49:34.861688+0100 INFO 3340 availability: 19 
2024-10-01T21:49:34.861688+0100 INFO 3340 rating: 5
2024-10-01T21:49:34.861688+0100 INFO 3340 category: Romance
2024-10-01T21:49:34.861688+0100 INFO 3340 category name: Humor
2024-10-01T21:49:34.861688+0100 INFO 5132 Successfully fetched the page
2024-10-01T21:49:34.867689+0100 INFO 5132 uuid: 043a5cb3-d7ff-47e3-8df3-3318c13bfddc
2024-10-01T21:49:34.867689+0100 INFO 5132 title: Mesaerion: The Best Science Fiction Stories 1800-1849
2024-10-01T21:49:34.867689+0100 INFO 5132 price: 37.59
2024-10-01T21:49:34.867689+0100 INFO 5132 availability: 19 
2024-10-01T21:49:34.867689+0100 INFO 5132 rating: 1
2024-10-01T21:49:34.868719+0100 INFO 5132 category: Science Fiction
2024-10-01T21:49:34.868719+0100 INFO 5132 category name: Horror
2024-10-01T21:49:34.875449+0100 INFO 5200 Successfully fetched the page
2024-10-01T21:49:34.881421+0100 INFO 5200 uuid: 04119f97-e323-4f13-bd4e-2ccc0886611e
2024-10-01T21:49:34.881421+0100 INFO 5200 title: The Coming Woman: A Novel Based on the Life of the Infamous Feminist, Victoria Woodhull
2024-10-01T21:49:34.881421+0100 INFO 5200 price: 17.93
2024-10-01T21:49:34.881421+0100 INFO 5200 availability: 19 
2024-10-01T21:49:34.881421+0100 INFO 5200 rating: 3
2024-10-01T21:49:34.881421+0100 INFO 5200 category: Default
2024-10-01T21:49:34.881421+0100 INFO 5200 category name: History
2024-10-01T21:49:34.890298+0100 INFO 4048 Successfully fetched the page
2024-10-01T21:49:34.897494+0100 INFO 4048 pages: 1
2024-10-01T21:49:34.897494+0100 INFO 4048 current category page url: https://books.toscrape.com/catalogue/category/books/new-adult_20/index.html
2024-10-01T21:49:34.945509+0100 INFO 17712 Successfully fetched the page
2024-10-01T21:49:34.961134+0100 INFO 17712 num_pages is not None
2024-10-01T21:49:34.961134+0100 INFO 17712 pages: 3
2024-10-01T21:49:34.961134+0100 INFO 17712 current category page url: https://books.toscrape.com/catalogue/category/books/fantasy_19/index.html
2024-10-01T21:49:34.961134+0100 INFO 11880 Successfully fetched the page
2024-10-01T21:49:34.976759+0100 INFO 11880 num_pages is not None
2024-10-01T21:49:34.976759+0100 INFO 11880 pages: 4
2024-10-01T21:49:34.976759+0100 INFO 11880 current category page url: https://books.toscrape.com/catalogue/category/books/add-a-comment_18/index.html
2024-10-01T21:49:35.008009+0100 INFO 15044 Successfully fetched the page
2024-10-01T21:49:35.023634+0100 INFO 15044 num_pages is not None
2024-10-01T21:49:35.023634+0100 INFO 15044 pages: 3
2024-10-01T21:49:35.023634+0100 INFO 3812 Successfully fetched the page
2024-10-01T21:49:35.023634+0100 INFO 15044 current category page url: https://books.toscrape.com/catalogue/category/books/young-adult_21/index.html
2024-10-01T21:49:35.023634+0100 INFO 3812 uuid: d89c4c6f-bfed-4a3e-99e2-09f82803568e
2024-10-01T21:49:35.023634+0100 INFO 3812 title: Soumission
2024-10-01T21:49:35.023634+0100 INFO 3812 price: 50.10
2024-10-01T21:49:35.023634+0100 INFO 3812 availability: 20 
2024-10-01T21:49:35.023634+0100 INFO 3812 rating: 1
2024-10-01T21:49:35.023634+0100 INFO 3812 category: Fiction
2024-10-01T21:49:35.023634+0100 INFO 3812 category name: Food and Drink
2024-10-01T21:49:35.154647+0100 INFO 13496 Successfully fetched the page
2024-10-01T21:49:35.154647+0100 INFO 13496 pages: 1
2024-10-01T21:49:35.154647+0100 INFO 13496 current category page url: https://books.toscrape.com/catalogue/category/books/paranormal_24/index.html
2024-10-01T21:49:35.201521+0100 INFO 9824 Successfully fetched the page
2024-10-01T21:49:35.201521+0100 INFO 9824 pages: 1
2024-10-01T21:49:35.201521+0100 INFO 9824 current category page url: https://books.toscrape.com/catalogue/category/books/science_22/index.html
2024-10-01T21:49:35.217146+0100 INFO 16292 Successfully fetched the page
2024-10-01T21:49:35.232772+0100 INFO 15924 Successfully fetched the page
2024-10-01T21:49:35.232772+0100 INFO 16292 pages: 1
2024-10-01T21:49:35.232772+0100 INFO 15924 pages: 1
2024-10-01T21:49:35.232772+0100 INFO 15924 current category page url: https://books.toscrape.com/catalogue/category/books/art_25/index.html
2024-10-01T21:49:35.232772+0100 INFO 16292 current category page url: https://books.toscrape.com/catalogue/category/books/psychology_26/index.html
2024-10-01T21:49:35.264022+0100 INFO 5292 Successfully fetched the page
2024-10-01T21:49:35.279647+0100 INFO 5292 pages: 1
2024-10-01T21:49:35.279647+0100 INFO 5292 current category page url: https://books.toscrape.com/catalogue/category/books/parenting_28/index.html
2024-10-01T21:49:35.279647+0100 INFO 9028 Successfully fetched the page
2024-10-01T21:49:35.297408+0100 INFO 9028 pages: 1
2024-10-01T21:49:35.297408+0100 INFO 9028 current category page url: https://books.toscrape.com/catalogue/category/books/poetry_23/index.html
2024-10-01T21:49:35.297408+0100 INFO 11652 Successfully fetched the page
2024-10-01T21:49:35.311857+0100 INFO 11652 pages: 1
2024-10-01T21:49:35.311857+0100 INFO 11652 current category page url: https://books.toscrape.com/catalogue/category/books/autobiography_27/index.html
2024-10-01T21:49:35.334515+0100 INFO 4048 Successfully fetched the page
2024-10-01T21:49:35.334515+0100 INFO 6424 Successfully fetched the page
2024-10-01T21:49:35.334515+0100 INFO 4048 current book url: without-borders-wanderlove-1_956/index.html
2024-10-01T21:49:35.350139+0100 INFO 6424 pages: 1
2024-10-01T21:49:35.350139+0100 INFO 6424 current category page url: https://books.toscrape.com/catalogue/category/books/adult-fiction_29/index.html
2024-10-01T21:49:35.350139+0100 INFO 3340 Successfully fetched the page
2024-10-01T21:49:35.365764+0100 INFO 3340 pages: 1
2024-10-01T21:49:35.365764+0100 INFO 3340 current category page url: https://books.toscrape.com/catalogue/category/books/humor_30/index.html
2024-10-01T21:49:35.424622+0100 INFO 5200 Successfully fetched the page
2024-10-01T21:49:35.440249+0100 INFO 5200 pages: 1
2024-10-01T21:49:35.440249+0100 INFO 5200 current category page url: https://books.toscrape.com/catalogue/category/books/history_32/index.html
2024-10-01T21:49:35.440249+0100 INFO 5132 Successfully fetched the page
2024-10-01T21:49:35.455876+0100 INFO 5132 pages: 1
2024-10-01T21:49:35.455876+0100 INFO 5132 current category page url: https://books.toscrape.com/catalogue/category/books/horror_31/index.html
2024-10-01T21:49:35.567691+0100 INFO 11880 Successfully fetched the page
2024-10-01T21:49:35.582620+0100 INFO 11880 current book url: the-torch-is-passed-a-harding-family-story_945/index.html
2024-10-01T21:49:35.585632+0100 INFO 17712 Successfully fetched the page
2024-10-01T21:49:35.588570+0100 INFO 17712 current book url: unicorn-tracks_951/index.html
2024-10-01T21:49:35.588570+0100 INFO 15044 Successfully fetched the page
2024-10-01T21:49:35.681708+0100 INFO 15044 current book url: the-requiem-red_995/index.html
2024-10-01T21:49:35.681708+0100 INFO 13496 Successfully fetched the page
2024-10-01T21:49:35.681708+0100 INFO 3812 Successfully fetched the page
2024-10-01T21:49:35.681708+0100 INFO 13496 current book url: vampire-knight-vol-1-vampire-knight-1_93/index.html
2024-10-01T21:49:35.700750+0100 INFO 3812 num_pages is not None
2024-10-01T21:49:35.700750+0100 INFO 3812 pages: 2
2024-10-01T21:49:35.704733+0100 INFO 3812 current category page url: https://books.toscrape.com/catalogue/category/books/food-and-drink_33/index.html
2024-10-01T21:49:35.761746+0100 INFO 15924 Successfully fetched the page
2024-10-01T21:49:35.761746+0100 INFO 15924 current book url: wall-and-piece_971/index.html
2024-10-01T21:49:35.761746+0100 INFO 16292 Successfully fetched the page
2024-10-01T21:49:35.777371+0100 INFO 16292 current book url: the-lucifer-effect-understanding-how-good-people-turn-evil_758/index.html
2024-10-01T21:49:35.808621+0100 INFO 9824 Successfully fetched the page
2024-10-01T21:49:35.824246+0100 INFO 9824 current book url: the-most-perfect-thing-inside-and-outside-a-birds-egg_938/index.html
2024-10-01T21:49:35.839871+0100 INFO 5292 Successfully fetched the page
2024-10-01T21:49:35.839871+0100 INFO 5292 current book url: catastrophic-happiness-finding-joy-in-childhoods-messy-years_138/index.html
2024-10-01T21:49:35.855496+0100 INFO 11652 Successfully fetched the page
2024-10-01T21:49:35.855496+0100 INFO 11652 current book url: the-argonauts_837/index.html
2024-10-01T21:49:35.886746+0100 INFO 9028 Successfully fetched the page
2024-10-01T21:49:35.902371+0100 INFO 9028 current book url: a-light-in-the-attic_1000/index.html
2024-10-01T21:49:35.902371+0100 INFO 4048 Successfully fetched the page
2024-10-01T21:49:35.902371+0100 INFO 4048 uuid: 29b6e785-4447-4478-9d87-4226d5f8da22
2024-10-01T21:49:35.902371+0100 INFO 4048 title: Without Borders (Wanderlove #1)
2024-10-01T21:49:35.902371+0100 INFO 4048 price: 45.07
2024-10-01T21:49:35.902371+0100 INFO 4048 availability: 16 
2024-10-01T21:49:35.902371+0100 INFO 4048 rating: 2
2024-10-01T21:49:35.902371+0100 INFO 4048 category: New Adult
2024-10-01T21:49:35.913083+0100 INFO 4048 category name: Christian Fiction
2024-10-01T21:49:35.921896+0100 INFO 3340 Successfully fetched the page
2024-10-01T21:49:35.921896+0100 INFO 6424 Successfully fetched the page
2024-10-01T21:49:35.937523+0100 INFO 3340 current book url: the-long-haul-diary-of-a-wimpy-kid-9_757/index.html
2024-10-01T21:49:35.937523+0100 INFO 6424 current book url: fifty-shades-freed-fifty-shades-3_156/index.html
2024-10-01T21:49:36.050036+0100 INFO 5132 Successfully fetched the page
2024-10-01T21:49:36.063136+0100 INFO 5132 current book url: security_925/index.html
2024-10-01T21:49:36.063136+0100 INFO 11880 Successfully fetched the page
2024-10-01T21:49:36.068826+0100 INFO 11880 uuid: 0786e30c-49ca-475c-854a-ac3fd724dd40
2024-10-01T21:49:36.068826+0100 INFO 11880 title: The Torch Is Passed: A Harding Family Story
2024-10-01T21:49:36.068826+0100 INFO 11880 price: 19.09
2024-10-01T21:49:36.068826+0100 INFO 11880 availability: 16 
2024-10-01T21:49:36.069825+0100 INFO 11880 rating: 1
2024-10-01T21:49:36.069825+0100 INFO 11880 category: Add a comment
2024-10-01T21:49:36.069825+0100 INFO 11880 category name: Business
2024-10-01T21:49:36.074695+0100 INFO 5200 Successfully fetched the page
2024-10-01T21:49:36.095966+0100 INFO 5200 current book url: sapiens-a-brief-history-of-humankind_996/index.html
2024-10-01T21:49:36.210742+0100 INFO 13496 Successfully fetched the page
2024-10-01T21:49:36.213744+0100 INFO 13496 uuid: 0a6805b0-872e-4760-8e87-e5e9ad2a7cf6
2024-10-01T21:49:36.213744+0100 INFO 13496 title: Vampire Knight, Vol. 1 (Vampire Knight #1)
2024-10-01T21:49:36.213744+0100 INFO 13496 price: 15.40
2024-10-01T21:49:36.213744+0100 INFO 13496 availability: 1 
2024-10-01T21:49:36.213744+0100 INFO 13496 rating: 1
2024-10-01T21:49:36.213744+0100 INFO 13496 category: Paranormal
2024-10-01T21:49:36.213744+0100 INFO 13496 category name: Biography
2024-10-01T21:49:36.213744+0100 INFO 17712 Successfully fetched the page
2024-10-01T21:49:36.223865+0100 INFO 17712 uuid: 931a62e1-2e33-4022-93b3-5d9cc63c4e80
2024-10-01T21:49:36.223865+0100 INFO 17712 title: Unicorn Tracks
2024-10-01T21:49:36.223865+0100 INFO 17712 price: 18.78
2024-10-01T21:49:36.223865+0100 INFO 15044 Successfully fetched the page
2024-10-01T21:49:36.223865+0100 INFO 17712 availability: 16 
2024-10-01T21:49:36.223865+0100 INFO 17712 rating: 3
2024-10-01T21:49:36.228803+0100 INFO 15044 uuid: b453dc31-626a-4fd8-bff3-fa549b43a38c
2024-10-01T21:49:36.229803+0100 INFO 17712 category: Fantasy
2024-10-01T21:49:36.229803+0100 INFO 15044 title: The Requiem Red
2024-10-01T21:49:36.229803+0100 INFO 17712 category name: Thriller
2024-10-01T21:49:36.229803+0100 INFO 15044 price: 22.65
2024-10-01T21:49:36.229803+0100 INFO 15044 availability: 19 
2024-10-01T21:49:36.229803+0100 INFO 15044 rating: 1
2024-10-01T21:49:36.229803+0100 INFO 15044 category: Young Adult
2024-10-01T21:49:36.230803+0100 INFO 15044 category name: Contemporary
2024-10-01T21:49:36.248335+0100 INFO 15924 Successfully fetched the page
2024-10-01T21:49:36.248335+0100 INFO 15924 uuid: 5d12220d-a8bc-44b2-acfe-94dfbef9f6bf
2024-10-01T21:49:36.248335+0100 INFO 15924 title: Wall and Piece
2024-10-01T21:49:36.248335+0100 INFO 15924 price: 44.18
2024-10-01T21:49:36.248335+0100 INFO 15924 availability: 18 
2024-10-01T21:49:36.248335+0100 INFO 15924 rating: 4
2024-10-01T21:49:36.248335+0100 INFO 15924 category: Art
2024-10-01T21:49:36.248335+0100 INFO 15924 category name: Spirituality
2024-10-01T21:49:36.260054+0100 INFO 16292 Successfully fetched the page
2024-10-01T21:49:36.264520+0100 INFO 16292 uuid: 8fb719a3-742f-4ba5-9b19-22db44f75a70
2024-10-01T21:49:36.264520+0100 INFO 16292 title: The Lucifer Effect: Understanding How Good People Turn Evil
2024-10-01T21:49:36.265519+0100 INFO 16292 price: 10.40
2024-10-01T21:49:36.265519+0100 INFO 16292 availability: 14 
2024-10-01T21:49:36.265597+0100 INFO 16292 rating: 1
2024-10-01T21:49:36.265665+0100 INFO 16292 category: Psychology
2024-10-01T21:49:36.265665+0100 INFO 16292 category name: Academic
2024-10-01T21:49:36.288613+0100 INFO 9028 Successfully fetched the page
2024-10-01T21:49:36.292646+0100 INFO 9028 uuid: f65183de-0190-4e25-8486-a3f6e8c46afb
2024-10-01T21:49:36.292646+0100 INFO 9028 title: A Light in the Attic
2024-10-01T21:49:36.292646+0100 INFO 9028 price: 51.77
2024-10-01T21:49:36.292646+0100 INFO 9028 availability: 22 
2024-10-01T21:49:36.292646+0100 INFO 9028 rating: 3
2024-10-01T21:49:36.292646+0100 INFO 9028 category: Poetry
2024-10-01T21:49:36.292646+0100 INFO 9028 category name: Self Help
2024-10-01T21:49:36.315577+0100 INFO 9824 Successfully fetched the page
2024-10-01T21:49:36.321672+0100 INFO 9824 uuid: 90bea684-3ced-4331-82d6-b6e5235dc102
2024-10-01T21:49:36.321672+0100 INFO 9824 title: The Most Perfect Thing: Inside (and Outside) a Bird's Egg
2024-10-01T21:49:36.321672+0100 INFO 9824 price: 42.96
2024-10-01T21:49:36.321672+0100 INFO 9824 availability: 16 
2024-10-01T21:49:36.321672+0100 INFO 9824 rating: 4
2024-10-01T21:49:36.321672+0100 INFO 9824 category: Science
2024-10-01T21:49:36.321672+0100 INFO 9824 category name: Historical
2024-10-01T21:49:36.323632+0100 INFO 3812 Successfully fetched the page
2024-10-01T21:49:36.335583+0100 INFO 3812 current book url: foolproof-preserving-a-guide-to-small-batch-jams-jellies-pickles-condiments-and-more-a-foolproof-guide-to-making-small-batch-jams-jellies-pickles-condiments-and-more_978/index.html
2024-10-01T21:49:36.357534+0100 INFO 5292 Successfully fetched the page
2024-10-01T21:49:36.357534+0100 INFO 11652 Successfully fetched the page
2024-10-01T21:49:36.362529+0100 INFO 5292 uuid: 36ebc797-2d7b-43de-ad00-1cb8318cd397
2024-10-01T21:49:36.363570+0100 INFO 5292 title: Catastrophic Happiness: Finding Joy in Childhood's Messy Years
2024-10-01T21:49:36.368575+0100 INFO 11652 uuid: 9eb51073-74cb-4c28-8551-6086e4cf85dd
2024-10-01T21:49:36.368575+0100 INFO 5292 price: 37.35
2024-10-01T21:49:36.369566+0100 INFO 11652 title: The Argonauts
2024-10-01T21:49:36.369566+0100 INFO 5292 availability: 3 
2024-10-01T21:49:36.369566+0100 INFO 11652 price: 10.93
2024-10-01T21:49:36.369566+0100 INFO 5292 rating: 2
2024-10-01T21:49:36.369566+0100 INFO 11652 availability: 15 
2024-10-01T21:49:36.369566+0100 INFO 5292 category: Parenting
2024-10-01T21:49:36.369566+0100 INFO 11652 rating: 2
2024-10-01T21:49:36.369566+0100 INFO 5292 category name: Christian
2024-10-01T21:49:36.369566+0100 INFO 11652 category: Autobiography
2024-10-01T21:49:36.370571+0100 INFO 11652 category name: Suspense
2024-10-01T21:49:36.406623+0100 INFO 4048 Successfully fetched the page
2024-10-01T21:49:36.413565+0100 INFO 4048 pages: 1
2024-10-01T21:49:36.413565+0100 INFO 4048 current category page url: https://books.toscrape.com/catalogue/category/books/christian-fiction_34/index.html
2024-10-01T21:49:36.444603+0100 INFO 3340 Successfully fetched the page
2024-10-01T21:49:36.449700+0100 INFO 3340 uuid: 2efbb01a-0b13-40d0-85a8-b30df3330c07
2024-10-01T21:49:36.449867+0100 INFO 3340 title: The Long Haul (Diary of a Wimpy Kid #9)
2024-10-01T21:49:36.449934+0100 INFO 3340 price: 44.07
2024-10-01T21:49:36.449934+0100 INFO 3340 availability: 14 
2024-10-01T21:49:36.449934+0100 INFO 3340 rating: 1
2024-10-01T21:49:36.449934+0100 INFO 3340 category: Humor
2024-10-01T21:49:36.449934+0100 INFO 3340 category name: Short Stories
2024-10-01T21:49:36.503792+0100 INFO 6424 Successfully fetched the page
2024-10-01T21:49:36.505531+0100 INFO 6424 uuid: c3cd88be-5352-4754-86e6-4a206a4ab75c
2024-10-01T21:49:36.505531+0100 INFO 6424 title: Fifty Shades Freed (Fifty Shades #3)
2024-10-01T21:49:36.505531+0100 INFO 6424 price: 15.36
2024-10-01T21:49:36.505531+0100 INFO 6424 availability: 3 
2024-10-01T21:49:36.505531+0100 INFO 6424 rating: 5
2024-10-01T21:49:36.505531+0100 INFO 6424 category: Adult Fiction
2024-10-01T21:49:36.505531+0100 INFO 6424 category name: Novels
2024-10-01T21:49:36.567418+0100 INFO 5132 Successfully fetched the page
2024-10-01T21:49:36.567418+0100 INFO 5132 uuid: ca5a72c5-52aa-42bb-b624-392179b28a2e
2024-10-01T21:49:36.567418+0100 INFO 5132 title: Security
2024-10-01T21:49:36.567418+0100 INFO 5132 price: 39.25
2024-10-01T21:49:36.567418+0100 INFO 5132 availability: 16 
2024-10-01T21:49:36.567418+0100 INFO 5132 rating: 2
2024-10-01T21:49:36.567418+0100 INFO 5132 category: Horror
2024-10-01T21:49:36.567418+0100 INFO 5132 category name: Health
2024-10-01T21:49:36.598668+0100 INFO 5200 Successfully fetched the page
2024-10-01T21:49:36.598668+0100 INFO 5200 uuid: 2244ce4b-91fe-4a96-b625-8ee03cc25e16
2024-10-01T21:49:36.598668+0100 INFO 5200 title: Sapiens: A Brief History of Humankind
2024-10-01T21:49:36.598668+0100 INFO 5200 price: 54.23
2024-10-01T21:49:36.598668+0100 INFO 5200 availability: 20 
2024-10-01T21:49:36.598668+0100 INFO 5200 rating: 5
2024-10-01T21:49:36.598668+0100 INFO 5200 category: History
2024-10-01T21:49:36.598668+0100 INFO 5200 category name: Politics
2024-10-01T21:49:36.682527+0100 INFO 17712 Successfully fetched the page
2024-10-01T21:49:36.698152+0100 INFO 17712 pages: 1
2024-10-01T21:49:36.698152+0100 INFO 17712 current category page url: https://books.toscrape.com/catalogue/category/books/thriller_37/index.html
2024-10-01T21:49:36.698152+0100 INFO 13496 Successfully fetched the page
2024-10-01T21:49:36.713777+0100 INFO 13496 pages: 1
2024-10-01T21:49:36.713777+0100 INFO 13496 current category page url: https://books.toscrape.com/catalogue/category/books/biography_36/index.html
2024-10-01T21:49:36.729402+0100 INFO 11880 Successfully fetched the page
2024-10-01T21:49:36.729402+0100 INFO 11880 pages: 1
2024-10-01T21:49:36.729402+0100 INFO 11880 current category page url: https://books.toscrape.com/catalogue/category/books/business_35/index.html
2024-10-01T21:49:36.729402+0100 INFO 15044 Successfully fetched the page
2024-10-01T21:49:36.745028+0100 INFO 16292 Successfully fetched the page
2024-10-01T21:49:36.745028+0100 INFO 15044 pages: 1
2024-10-01T21:49:36.745028+0100 INFO 16292 pages: 1
2024-10-01T21:49:36.745028+0100 INFO 15044 current category page url: https://books.toscrape.com/catalogue/category/books/contemporary_38/index.html
2024-10-01T21:49:36.745028+0100 INFO 16292 current category page url: https://books.toscrape.com/catalogue/category/books/academic_40/index.html
2024-10-01T21:49:36.745028+0100 INFO 15924 Successfully fetched the page
2024-10-01T21:49:36.760652+0100 INFO 15924 pages: 1
2024-10-01T21:49:36.760652+0100 INFO 15924 current category page url: https://books.toscrape.com/catalogue/category/books/spirituality_39/index.html
2024-10-01T21:49:36.791902+0100 INFO 3812 Successfully fetched the page
2024-10-01T21:49:36.807527+0100 INFO 3812 uuid: 909ac9dd-dcf6-4ff1-9168-fae2f8558ed9
2024-10-01T21:49:36.807527+0100 INFO 3812 title: Foolproof Preserving: A Guide to Small Batch Jams, Jellies, Pickles, Condiments, and More: A Foolproof Guide to Making Small Batch Jams, Jellies, Pickles, Condiments, and More
2024-10-01T21:49:36.807527+0100 INFO 3812 price: 30.52
2024-10-01T21:49:36.807527+0100 INFO 3812 availability: 19 
2024-10-01T21:49:36.807527+0100 INFO 3812 rating: 3
2024-10-01T21:49:36.807527+0100 INFO 3812 category: Food and Drink
2024-10-01T21:49:36.807527+0100 INFO 3812 category name: Cultural
2024-10-01T21:49:36.807527+0100 INFO 9824 Successfully fetched the page
2024-10-01T21:49:36.807527+0100 INFO 9824 pages: 1
2024-10-01T21:49:36.807527+0100 INFO 9824 current category page url: https://books.toscrape.com/catalogue/category/books/historical_42/index.html
2024-10-01T21:49:36.885652+0100 INFO 4048 Successfully fetched the page
2024-10-01T21:49:36.885652+0100 INFO 4048 current book url: redeeming-love_826/index.html
2024-10-01T21:49:36.885652+0100 INFO 11652 Successfully fetched the page
2024-10-01T21:49:36.885652+0100 INFO 11652 pages: 1
2024-10-01T21:49:36.885652+0100 INFO 5292 Successfully fetched the page
2024-10-01T21:49:36.885652+0100 INFO 11652 current category page url: https://books.toscrape.com/catalogue/category/books/suspense_44/index.html
2024-10-01T21:49:36.904593+0100 INFO 5292 pages: 1
2024-10-01T21:49:36.905592+0100 INFO 5292 current category page url: https://books.toscrape.com/catalogue/category/books/christian_43/index.html
2024-10-01T21:49:36.946084+0100 INFO 3340 Successfully fetched the page
2024-10-01T21:49:36.951058+0100 INFO 3340 pages: 1
2024-10-01T21:49:36.951058+0100 INFO 3340 current category page url: https://books.toscrape.com/catalogue/category/books/short-stories_45/index.html
2024-10-01T21:49:37.011977+0100 INFO 6424 Successfully fetched the page
2024-10-01T21:49:37.130363+0100 INFO 6424 pages: 1
2024-10-01T21:49:37.130363+0100 INFO 6424 current category page url: https://books.toscrape.com/catalogue/category/books/novels_46/index.html
2024-10-01T21:49:37.130363+0100 INFO 5132 Successfully fetched the page
2024-10-01T21:49:37.130363+0100 INFO 5132 pages: 1
2024-10-01T21:49:37.130363+0100 INFO 5200 Successfully fetched the page
2024-10-01T21:49:37.130363+0100 INFO 5132 current category page url: https://books.toscrape.com/catalogue/category/books/health_47/index.html
2024-10-01T21:49:37.130363+0100 INFO 5200 pages: 1
2024-10-01T21:49:37.130363+0100 INFO 5200 current category page url: https://books.toscrape.com/catalogue/category/books/politics_48/index.html
2024-10-01T21:49:37.179001+0100 INFO 9028 Successfully fetched the page
2024-10-01T21:49:37.179001+0100 INFO 9028 pages: 1
2024-10-01T21:49:37.179001+0100 INFO 9028 current category page url: https://books.toscrape.com/catalogue/category/books/self-help_41/index.html
2024-10-01T21:49:37.199822+0100 INFO 17712 Successfully fetched the page
2024-10-01T21:49:37.221188+0100 INFO 17712 current book url: in-her-wake_980/index.html
2024-10-01T21:49:37.222193+0100 INFO 13496 Successfully fetched the page
2024-10-01T21:49:37.227607+0100 INFO 13496 current book url: louisa-the-extraordinary-life-of-mrs-adams_818/index.html
2024-10-01T21:49:37.367634+0100 INFO 11880 Successfully fetched the page
2024-10-01T21:49:37.367634+0100 INFO 11880 current book url: the-dirty-little-secrets-of-getting-your-dream-job_994/index.html
2024-10-01T21:49:37.367634+0100 INFO 15924 Successfully fetched the page
2024-10-01T21:49:37.389476+0100 INFO 15924 current book url: the-four-agreements-a-practical-guide-to-personal-freedom_970/index.html
2024-10-01T21:49:37.390475+0100 INFO 15044 Successfully fetched the page
2024-10-01T21:49:37.396363+0100 INFO 15044 current book url: when-we-collided_955/index.html
2024-10-01T21:49:37.396363+0100 INFO 16292 Successfully fetched the page
2024-10-01T21:49:37.397362+0100 INFO 3812 Successfully fetched the page
2024-10-01T21:49:37.401229+0100 INFO 16292 current book url: logan-kade-fallen-crest-high-55_384/index.html
2024-10-01T21:49:37.401229+0100 INFO 3812 pages: 1
2024-10-01T21:49:37.401229+0100 INFO 9824 Successfully fetched the page
2024-10-01T21:49:37.401229+0100 INFO 3812 current category page url: https://books.toscrape.com/catalogue/category/books/cultural_49/index.html
2024-10-01T21:49:37.401229+0100 INFO 9824 current book url: all-the-light-we-cannot-see_660/index.html
2024-10-01T21:49:37.478740+0100 INFO 3340 Successfully fetched the page
2024-10-01T21:49:37.494366+0100 INFO 3340 current book url: the-grownup_546/index.html
2024-10-01T21:49:37.509990+0100 INFO 5292 Successfully fetched the page
2024-10-01T21:49:37.525615+0100 INFO 5292 current book url: unqualified-how-god-uses-broken-people-to-do-big-things_873/index.html
2024-10-01T21:49:37.525615+0100 INFO 4048 Successfully fetched the page
2024-10-01T21:49:37.525615+0100 INFO 11652 Successfully fetched the page
2024-10-01T21:49:37.541241+0100 INFO 4048 uuid: 5175cbdb-22e6-47ec-ba62-293e2709796a
2024-10-01T21:49:37.541241+0100 INFO 11652 current book url: silence-in-the-dark-logan-point-4_542/index.html
2024-10-01T21:49:37.541241+0100 INFO 4048 title: Redeeming Love
2024-10-01T21:49:37.541241+0100 INFO 4048 price: 20.47
2024-10-01T21:49:37.541241+0100 INFO 4048 availability: 15 
2024-10-01T21:49:37.541241+0100 INFO 4048 rating: 5
2024-10-01T21:49:37.541241+0100 INFO 4048 category: Christian Fiction
2024-10-01T21:49:37.541241+0100 INFO 4048 category name: Erotica
2024-10-01T21:49:37.648771+0100 INFO 5200 Successfully fetched the page
2024-10-01T21:49:37.654528+0100 INFO 5200 current book url: libertarianism-for-beginners_982/index.html
2024-10-01T21:49:37.654528+0100 INFO 5132 Successfully fetched the page
2024-10-01T21:49:37.660269+0100 INFO 5132 current book url: the-bulletproof-diet-lose-up-to-a-pound-a-day-reclaim-energy-and-focus-upgrade-your-life_931/index.html
2024-10-01T21:49:37.665160+0100 INFO 6424 Successfully fetched the page
2024-10-01T21:49:37.680165+0100 INFO 6424 current book url: suzie-snowflake-one-beautiful-flake-a-self-esteem-story_568/index.html
2024-10-01T21:49:37.680165+0100 INFO 17712 Successfully fetched the page
2024-10-01T21:49:37.680165+0100 INFO 17712 uuid: 847e23a1-bdb2-4c67-94c7-ec3b69182a8e
2024-10-01T21:49:37.680165+0100 INFO 17712 title: In Her Wake
2024-10-01T21:49:37.680165+0100 INFO 17712 price: 12.84
2024-10-01T21:49:37.680165+0100 INFO 17712 availability: 19 
2024-10-01T21:49:37.680165+0100 INFO 17712 rating: 1
2024-10-01T21:49:37.680165+0100 INFO 17712 category: Thriller
2024-10-01T21:49:37.680165+0100 INFO 17712 category name: Crime
2024-10-01T21:49:37.680165+0100 INFO 9028 Successfully fetched the page
2024-10-01T21:49:37.696293+0100 INFO 9028 current book url: online-marketing-for-busy-authors-a-step-by-step-guide_913/index.html
2024-10-01T21:49:37.696293+0100 INFO 13496 Successfully fetched the page
2024-10-01T21:49:37.702910+0100 INFO 13496 uuid: 64c03a6b-c25b-4b20-adca-d0b2ceb22127
2024-10-01T21:49:37.702910+0100 INFO 13496 title: Louisa: The Extraordinary Life of Mrs. Adams
2024-10-01T21:49:37.702910+0100 INFO 13496 price: 16.85
2024-10-01T21:49:37.702910+0100 INFO 13496 availability: 15 
2024-10-01T21:49:37.702910+0100 INFO 13496 rating: 2
2024-10-01T21:49:37.702910+0100 INFO 13496 category: Biography
2024-10-01T21:49:37.845712+0100 INFO 11880 Successfully fetched the page
2024-10-01T21:49:37.857242+0100 INFO 11880 uuid: 4bea33ca-b871-41a3-8eea-3fc43630b8f2
2024-10-01T21:49:37.857242+0100 INFO 11880 title: The Dirty Little Secrets of Getting Your Dream Job
2024-10-01T21:49:37.857242+0100 INFO 11880 price: 33.34
2024-10-01T21:49:37.857242+0100 INFO 11880 availability: 19 
2024-10-01T21:49:37.857242+0100 INFO 11880 rating: 4
2024-10-01T21:49:37.858242+0100 INFO 11880 category: Business
2024-10-01T21:49:37.904904+0100 INFO 15924 Successfully fetched the page
2024-10-01T21:49:37.910294+0100 INFO 15924 uuid: a483e835-dfbb-4e91-8e10-3b5a6feacdaf
2024-10-01T21:49:37.910294+0100 INFO 15924 title: The Four Agreements: A Practical Guide to Personal Freedom
2024-10-01T21:49:37.910294+0100 INFO 15924 price: 17.66
2024-10-01T21:49:37.910294+0100 INFO 15924 availability: 18 
2024-10-01T21:49:37.910294+0100 INFO 15924 rating: 5
2024-10-01T21:49:37.910294+0100 INFO 15924 category: Spirituality
2024-10-01T21:49:37.913294+0100 INFO 9824 Successfully fetched the page
2024-10-01T21:49:37.915296+0100 INFO 9824 uuid: e7325f21-48c5-4b51-bece-d06980f8e6a2
2024-10-01T21:49:37.915296+0100 INFO 9824 title: All the Light We Cannot See
2024-10-01T21:49:37.915296+0100 INFO 9824 price: 29.87
2024-10-01T21:49:37.915296+0100 INFO 9824 availability: 14 
2024-10-01T21:49:37.915296+0100 INFO 9824 rating: 5
2024-10-01T21:49:37.915296+0100 INFO 9824 category: Historical
2024-10-01T21:49:37.915296+0100 INFO 15044 Successfully fetched the page
2024-10-01T21:49:37.915296+0100 INFO 15044 uuid: 105931a1-8eba-497d-b31c-3dcb23ed8e34
2024-10-01T21:49:37.915296+0100 INFO 15044 title: When We Collided
2024-10-01T21:49:37.915296+0100 INFO 15044 price: 31.77
2024-10-01T21:49:37.915296+0100 INFO 15044 availability: 16 
2024-10-01T21:49:37.915296+0100 INFO 15044 rating: 1
2024-10-01T21:49:37.915296+0100 INFO 16292 Successfully fetched the page
2024-10-01T21:49:37.915296+0100 INFO 3812 Successfully fetched the page
2024-10-01T21:49:37.915296+0100 INFO 15044 category: Contemporary
2024-10-01T21:49:37.930946+0100 INFO 3812 current book url: amid-the-chaos_788/index.html
2024-10-01T21:49:37.930946+0100 INFO 16292 uuid: 29096429-f37e-4b3f-8f12-6351c2a38eac
2024-10-01T21:49:37.930946+0100 INFO 16292 title: Logan Kade (Fallen Crest High #5.5)
2024-10-01T21:49:37.930946+0100 INFO 16292 price: 13.12
2024-10-01T21:49:37.930946+0100 INFO 16292 availability: 5 
2024-10-01T21:49:37.930946+0100 INFO 16292 rating: 2
2024-10-01T21:49:37.930946+0100 INFO 16292 category: Academic
2024-10-01T21:49:37.962195+0100 INFO 3340 Successfully fetched the page
2024-10-01T21:49:37.969572+0100 INFO 3340 uuid: 79bb179a-22ec-40d8-83e5-dcd2f489c0b2
2024-10-01T21:49:37.969572+0100 INFO 3340 title: The Grownup
2024-10-01T21:49:37.969572+0100 INFO 3340 price: 35.88
2024-10-01T21:49:37.969572+0100 INFO 3340 availability: 8 
2024-10-01T21:49:37.969572+0100 INFO 3340 rating: 1
2024-10-01T21:49:37.969572+0100 INFO 3340 category: Short Stories
2024-10-01T21:49:38.034529+0100 INFO 11652 Successfully fetched the page
2024-10-01T21:49:38.039530+0100 INFO 11652 uuid: 7d888688-e9a0-48d5-a210-e64ca0525974
2024-10-01T21:49:38.039530+0100 INFO 11652 title: Silence in the Dark (Logan Point #4)
2024-10-01T21:49:38.039530+0100 INFO 11652 price: 58.33
2024-10-01T21:49:38.039530+0100 INFO 11652 availability: 8 
2024-10-01T21:49:38.039530+0100 INFO 11652 rating: 3
2024-10-01T21:49:38.039530+0100 INFO 11652 category: Suspense
2024-10-01T21:49:38.043694+0100 INFO 5292 Successfully fetched the page
2024-10-01T21:49:38.048439+0100 INFO 5292 uuid: a777d554-9d64-4241-a8b9-442dbac8d7c2
2024-10-01T21:49:38.048439+0100 INFO 5292 title: (Un)Qualified: How God Uses Broken People to Do Big Things
2024-10-01T21:49:38.048439+0100 INFO 5292 price: 54.00
2024-10-01T21:49:38.048439+0100 INFO 5292 availability: 16 
2024-10-01T21:49:38.049439+0100 INFO 4048 Successfully fetched the page
2024-10-01T21:49:38.049439+0100 INFO 5292 rating: 5
2024-10-01T21:49:38.049439+0100 INFO 5292 category: Christian
2024-10-01T21:49:38.054137+0100 INFO 4048 pages: 1
2024-10-01T21:49:38.055142+0100 INFO 4048 current category page url: https://books.toscrape.com/catalogue/category/books/erotica_50/index.html
2024-10-01T21:49:38.122924+0100 INFO 5200 Successfully fetched the page
2024-10-01T21:49:38.122924+0100 INFO 5200 uuid: 733f083e-ae2e-4a9e-987d-a7c8b7c4867b
2024-10-01T21:49:38.122924+0100 INFO 5200 title: Libertarianism for Beginners
2024-10-01T21:49:38.122924+0100 INFO 5200 price: 51.33
2024-10-01T21:49:38.122924+0100 INFO 5200 availability: 19 
2024-10-01T21:49:38.122924+0100 INFO 5200 rating: 2
2024-10-01T21:49:38.122924+0100 INFO 5200 category: Politics
2024-10-01T21:49:38.122924+0100 INFO 5132 Successfully fetched the page
2024-10-01T21:49:38.122924+0100 INFO 5132 uuid: 2a88e9f0-d04f-43f0-b95d-244a881f3418
2024-10-01T21:49:38.122924+0100 INFO 5132 title: The Bulletproof Diet: Lose up to a Pound a Day, Reclaim Energy and Focus, Upgrade Your Life
2024-10-01T21:49:38.138550+0100 INFO 5132 price: 49.05
2024-10-01T21:49:38.138550+0100 INFO 5132 availability: 16 
2024-10-01T21:49:38.138550+0100 INFO 5132 rating: 3
2024-10-01T21:49:38.138550+0100 INFO 5132 category: Health
2024-10-01T21:49:38.138550+0100 INFO 6424 Successfully fetched the page
2024-10-01T21:49:38.154174+0100 INFO 6424 uuid: ff36a699-8b13-4d00-8b32-e0fce3320424
2024-10-01T21:49:38.154174+0100 INFO 6424 title: Suzie Snowflake: One beautiful flake (a self-esteem story)
2024-10-01T21:49:38.154174+0100 INFO 6424 price: 54.81
2024-10-01T21:49:38.154174+0100 INFO 6424 availability: 9 
2024-10-01T21:49:38.154174+0100 INFO 9028 Successfully fetched the page
2024-10-01T21:49:38.154174+0100 INFO 6424 rating: 5
2024-10-01T21:49:38.154174+0100 INFO 6424 category: Novels
2024-10-01T21:49:38.154174+0100 INFO 9028 uuid: 4fdf95ff-23a7-4298-a2d9-34de21dae357
2024-10-01T21:49:38.154174+0100 INFO 9028 title: Online Marketing for Busy Authors: A Step-By-Step Guide
2024-10-01T21:49:38.154174+0100 INFO 9028 price: 46.35
2024-10-01T21:49:38.154174+0100 INFO 17712 Successfully fetched the page
2024-10-01T21:49:38.154174+0100 INFO 9028 availability: 16 
2024-10-01T21:49:38.154174+0100 INFO 9028 rating: 1
2024-10-01T21:49:38.169800+0100 INFO 9028 category: Self Help
2024-10-01T21:49:38.169800+0100 INFO 17712 pages: 1
2024-10-01T21:49:38.169800+0100 INFO 17712 current category page url: https://books.toscrape.com/catalogue/category/books/crime_51/index.html
2024-10-01T21:49:38.417273+0100 INFO 3812 Successfully fetched the page
2024-10-01T21:49:38.422270+0100 INFO 3812 uuid: 93d01571-3297-4799-9967-fec16aa8e837
2024-10-01T21:49:38.422270+0100 INFO 3812 title: Amid the Chaos
2024-10-01T21:49:38.422270+0100 INFO 3812 price: 36.58
2024-10-01T21:49:38.422270+0100 INFO 3812 availability: 15 
2024-10-01T21:49:38.422270+0100 INFO 3812 rating: 1
2024-10-01T21:49:38.422270+0100 INFO 3812 category: Cultural
2024-10-01T21:49:38.489751+0100 INFO 4048 Successfully fetched the page
2024-10-01T21:49:38.489751+0100 INFO 4048 current book url: dark-notes_800/index.html
2024-10-01T21:49:38.651510+0100 INFO 17712 Successfully fetched the page
2024-10-01T21:49:38.656836+0100 INFO 17712 current book url: the-long-shadow-of-small-ghosts-murder-and-memory-in-an-american-city_848/index.html
2024-10-01T21:49:38.953319+0100 INFO 4048 Successfully fetched the page
2024-10-01T21:49:38.958233+0100 INFO 4048 uuid: 39622bae-7140-477c-8ba8-93b45d0943ce
2024-10-01T21:49:38.958233+0100 INFO 4048 title: Dark Notes
2024-10-01T21:49:38.958233+0100 INFO 4048 price: 19.19
2024-10-01T21:49:38.958233+0100 INFO 4048 availability: 15 
2024-10-01T21:49:38.958233+0100 INFO 4048 rating: 5
2024-10-01T21:49:38.958233+0100 INFO 4048 category: Erotica
2024-10-01T21:49:39.104050+0100 INFO 17712 Successfully fetched the page
2024-10-01T21:49:39.104050+0100 INFO 17712 uuid: 96c58d97-9175-485e-b086-1d9095a06f8a
2024-10-01T21:49:39.104050+0100 INFO 17712 title: The Long Shadow of Small Ghosts: Murder and Memory in an American City
2024-10-01T21:49:39.104050+0100 INFO 17712 price: 10.97
2024-10-01T21:49:39.104050+0100 INFO 17712 availability: 15 
2024-10-01T21:49:39.104050+0100 INFO 17712 rating: 1
2024-10-01T21:49:39.104050+0100 INFO 17712 category: Crime
2024-10-01T21:49:39.119701+0100 ERROR 6976 Error scraping books: 'NoneType' object has no attribute 'close'
2024-10-01T21:49:39.119701+0100 ERROR 6976 An unexpected error occurred: 'NoneType' object has no attribute 'close'
