2024-09-18T13:56:12.372096+0100 INFO 5596 Ensured data directory exists at C:\Users\qqeer\Desktop\code\scraping books\scraping_books\data
2024-09-18T13:56:12.405173+0100 INFO 5596 Created database engine for C:\Users\qqeer\Desktop\code\scraping books\scraping_books\data\scraping_books.db
2024-09-18T13:56:12.451077+0100 INFO 5596 All tables truncated successfully.
2024-09-18T13:56:12.452076+0100 INFO 5596 2 records inserted successfully.
2024-09-18T13:56:12.452076+0100 INFO 5596 Database initialized successfully with new records.
2024-09-18T13:56:12.453077+0100 ERROR 5596 Tables were not created successfully.
2024-09-18T13:56:12.457075+0100 INFO 5596 Database schema initialized successfully.
2024-09-18T13:56:12.457075+0100 INFO 5596 Tables in the database: <MagicMock name='engine._sa_instance_state.get_table_names()' id='2837321435136'>
2024-09-18T13:56:12.458073+0100 ERROR 5596 Not all required tables were created.
2024-09-18T13:56:12.463593+0100 ERROR 5596 Error initializing database schema: ()
2024-09-18T13:56:12.464593+0100 INFO 5596 Row inserted successfully into test_table.
2024-09-18T13:56:12.466594+0100 ERROR 5596 Error inserting row into test_table: ()
2024-09-18T13:56:12.467591+0100 ERROR 5596 Tables do not exist. Cannot insert row.
2024-09-18T13:56:12.468591+0100 INFO 5596 2 records inserted successfully.
2024-09-18T13:56:12.469590+0100 ERROR 5596 Error inserting records: ()
2024-09-18T13:56:12.472594+0100 INFO 5596 Data exported to test.csv
2024-09-18T13:56:12.475590+0100 INFO 5596 Data exported to test.json
2024-09-18T13:56:12.481592+0100 INFO 5596 Database schema initialized successfully.
2024-09-18T13:56:12.481592+0100 INFO 5596 Tables in the database: ['TestTable', 'books']
2024-09-18T13:56:12.481592+0100 INFO 5596 All required tables have been created successfully.
2024-09-18T13:56:13.050607+0100 INFO 5596 Successfully fetched the page
2024-09-18T13:56:13.078304+0100 INFO 5596 Created the soup.
2024-09-18T13:56:13.084304+0100 DEBUG 5596 max workers: 16
2024-09-18T13:56:13.093439+0100 INFO 5596 Successfully fetched the page
