2024-10-01T21:47:36.431546+0100 INFO 10720 Ensured data directory exists at C:\Users\qqeer\Desktop\code\scraping books\scraping_books\data
2024-10-01T21:47:36.447172+0100 INFO 10720 Created database engine for C:\Users\qqeer\Desktop\code\scraping books\scraping_books\data\scraping_books.db
2024-10-01T21:47:36.447172+0100 INFO 10720 Database schema initialized successfully.
2024-10-01T21:47:36.447172+0100 INFO 10720 Tables in the database: ['TestTable', 'books']
2024-10-01T21:47:36.447172+0100 INFO 10720 All required tables have been created successfully.
2024-10-01T21:47:37.025985+0100 INFO 10720 Successfully fetched the page
2024-10-01T21:47:37.041610+0100 INFO 10720 Created the soup.
2024-10-01T21:47:37.064924+0100 INFO 7728 category name: Travel
2024-10-01T21:47:37.068832+0100 INFO 7136 category name: Mystery
2024-10-01T21:47:37.069131+0100 INFO 12572 category name: Historical Fiction
2024-10-01T21:47:37.071158+0100 INFO 2932 category name: Sequential Art
2024-10-01T21:47:37.072158+0100 INFO 12980 category name: Classics
2024-10-01T21:47:37.072158+0100 INFO 11660 category name: Philosophy
2024-10-01T21:47:37.073158+0100 INFO 332 category name: Romance
2024-10-01T21:47:37.074160+0100 INFO 17580 category name: Womens Fiction
2024-10-01T21:47:37.075159+0100 INFO 18048 category name: Fiction
2024-10-01T21:47:37.075159+0100 INFO 16116 category name: Childrens
2024-10-01T21:47:37.076158+0100 INFO 8768 category name: Religion
2024-10-01T21:47:37.077229+0100 INFO 11832 category name: Nonfiction
2024-10-01T21:47:37.077526+0100 INFO 14896 category name: Music
2024-10-01T21:47:37.078953+0100 INFO 1960 category name: Default
2024-10-01T21:47:37.079248+0100 INFO 3444 category name: Science Fiction
2024-10-01T21:47:37.079248+0100 DEBUG 10720 max workers: 16
2024-10-01T21:47:37.079248+0100 INFO 9516 category name: Sports and Games
2024-10-01T21:47:37.514333+0100 INFO 7728 Successfully fetched the page
2024-10-01T21:47:37.526546+0100 INFO 7728 pages: 1
2024-10-01T21:47:37.526546+0100 INFO 7728 current category page url: https://books.toscrape.com/catalogue/category/books/travel_2/index.html
2024-10-01T21:47:37.540340+0100 INFO 8768 Successfully fetched the page
2024-10-01T21:47:37.548701+0100 INFO 8768 pages: 1
2024-10-01T21:47:37.548701+0100 INFO 8768 current category page url: https://books.toscrape.com/catalogue/category/books/religion_12/index.html
2024-10-01T21:47:37.569873+0100 INFO 11660 Successfully fetched the page
2024-10-01T21:47:37.582484+0100 INFO 11660 pages: 1
2024-10-01T21:47:37.582484+0100 INFO 11660 current category page url: https://books.toscrape.com/catalogue/category/books/philosophy_7/index.html
2024-10-01T21:47:37.583483+0100 INFO 9516 Successfully fetched the page
2024-10-01T21:47:37.590390+0100 INFO 9516 pages: 1
2024-10-01T21:47:37.590390+0100 INFO 9516 current category page url: https://books.toscrape.com/catalogue/category/books/sports-and-games_17/index.html
2024-10-01T21:47:37.625677+0100 INFO 12572 Successfully fetched the page
2024-10-01T21:47:37.664927+0100 INFO 12572 num_pages is not None
2024-10-01T21:47:37.664927+0100 INFO 14896 Successfully fetched the page
2024-10-01T21:47:37.664927+0100 INFO 12980 Successfully fetched the page
2024-10-01T21:47:37.665927+0100 INFO 12572 pages: 2
2024-10-01T21:47:37.673509+0100 INFO 12572 current category page url: https://books.toscrape.com/catalogue/category/books/historical-fiction_4/index.html
2024-10-01T21:47:37.682008+0100 INFO 12980 pages: 1
2024-10-01T21:47:37.682008+0100 INFO 1960 Successfully fetched the page
2024-10-01T21:47:37.687424+0100 INFO 12980 current category page url: https://books.toscrape.com/catalogue/category/books/classics_6/index.html
2024-10-01T21:47:37.687606+0100 INFO 2932 Successfully fetched the page
2024-10-01T21:47:37.687606+0100 INFO 332 Successfully fetched the page
2024-10-01T21:47:37.690606+0100 INFO 14896 pages: 1
2024-10-01T21:47:37.690606+0100 INFO 16116 Successfully fetched the page
2024-10-01T21:47:37.701500+0100 INFO 18048 Successfully fetched the page
2024-10-01T21:47:37.705500+0100 INFO 1960 num_pages is not None
2024-10-01T21:47:37.706500+0100 INFO 7136 Successfully fetched the page
2024-10-01T21:47:37.706500+0100 INFO 3444 Successfully fetched the page
2024-10-01T21:47:37.706500+0100 INFO 17580 Successfully fetched the page
2024-10-01T21:47:37.706500+0100 INFO 11832 Successfully fetched the page
2024-10-01T21:47:37.721399+0100 INFO 2932 num_pages is not None
2024-10-01T21:47:37.735284+0100 INFO 332 num_pages is not None
2024-10-01T21:47:37.735284+0100 INFO 14896 current category page url: https://books.toscrape.com/catalogue/category/books/music_14/index.html
2024-10-01T21:47:37.749191+0100 INFO 16116 num_pages is not None
2024-10-01T21:47:37.756841+0100 INFO 1960 pages: 8
2024-10-01T21:47:37.763216+0100 INFO 18048 num_pages is not None
2024-10-01T21:47:37.779211+0100 INFO 3444 pages: 1
2024-10-01T21:47:37.788851+0100 INFO 7136 num_pages is not None
2024-10-01T21:47:37.801831+0100 INFO 17580 pages: 1
2024-10-01T21:47:37.801831+0100 INFO 2932 pages: 4
2024-10-01T21:47:37.816638+0100 INFO 11832 num_pages is not None
2024-10-01T21:47:37.816638+0100 INFO 332 pages: 2
2024-10-01T21:47:37.816638+0100 INFO 16116 pages: 2
2024-10-01T21:47:37.816638+0100 INFO 1960 current category page url: https://books.toscrape.com/catalogue/category/books/default_15/index.html
2024-10-01T21:47:37.816638+0100 INFO 18048 pages: 4
2024-10-01T21:47:37.816638+0100 INFO 3444 current category page url: https://books.toscrape.com/catalogue/category/books/science-fiction_16/index.html
2024-10-01T21:47:37.817638+0100 INFO 7136 pages: 2
2024-10-01T21:47:37.817638+0100 INFO 17580 current category page url: https://books.toscrape.com/catalogue/category/books/womens-fiction_9/index.html
2024-10-01T21:47:37.817638+0100 INFO 2932 current category page url: https://books.toscrape.com/catalogue/category/books/sequential-art_5/index.html
2024-10-01T21:47:37.817638+0100 INFO 11832 pages: 6
2024-10-01T21:47:37.817638+0100 INFO 332 current category page url: https://books.toscrape.com/catalogue/category/books/romance_8/index.html
2024-10-01T21:47:37.817638+0100 INFO 16116 current category page url: https://books.toscrape.com/catalogue/category/books/childrens_11/index.html
2024-10-01T21:47:37.817638+0100 INFO 18048 current category page url: https://books.toscrape.com/catalogue/category/books/fiction_10/index.html
2024-10-01T21:47:37.818638+0100 INFO 7136 current category page url: https://books.toscrape.com/catalogue/category/books/mystery_3/index.html
2024-10-01T21:47:37.819639+0100 INFO 11832 current category page url: https://books.toscrape.com/catalogue/category/books/nonfiction_13/index.html
2024-10-01T21:47:38.010100+0100 INFO 7728 Successfully fetched the page
2024-10-01T21:47:38.015389+0100 INFO 7728 current book url: its-only-the-himalayas_981/index.html
2024-10-01T21:47:38.042427+0100 INFO 8768 Successfully fetched the page
2024-10-01T21:47:38.052788+0100 INFO 8768 current book url: dont-be-a-jerk-and-other-practical-advice-from-dogen-japans-greatest-zen-master_890/index.html
2024-10-01T21:47:38.055790+0100 INFO 9516 Successfully fetched the page
2024-10-01T21:47:38.063680+0100 INFO 9516 current book url: the-book-of-basketball-the-nba-according-to-the-sports-guy_232/index.html
2024-10-01T21:47:38.081508+0100 INFO 11660 Successfully fetched the page
2024-10-01T21:47:38.091432+0100 INFO 11660 current book url: sophies-world_966/index.html
2024-10-01T21:47:38.287479+0100 INFO 12572 Successfully fetched the page
2024-10-01T21:47:38.303104+0100 INFO 12572 current book url: tipping-the-velvet_999/index.html
2024-10-01T21:47:38.334354+0100 INFO 12980 Successfully fetched the page
2024-10-01T21:47:38.349979+0100 INFO 12980 current book url: the-secret-garden_413/index.html
2024-10-01T21:47:38.365604+0100 INFO 14896 Successfully fetched the page
2024-10-01T21:47:38.381230+0100 INFO 14896 current book url: rip-it-up-and-start-again_986/index.html
2024-10-01T21:47:38.381230+0100 INFO 18048 Successfully fetched the page
2024-10-01T21:47:38.396855+0100 INFO 18048 current book url: soumission_998/index.html
2024-10-01T21:47:38.396855+0100 INFO 332 Successfully fetched the page
2024-10-01T21:47:38.412479+0100 INFO 332 current book url: chase-me-paris-nights-2_977/index.html
2024-10-01T21:47:38.428104+0100 INFO 2932 Successfully fetched the page
2024-10-01T21:47:38.443729+0100 INFO 3444 Successfully fetched the page
2024-10-01T21:47:38.449628+0100 INFO 2932 current book url: scott-pilgrims-precious-little-life-scott-pilgrim-1_987/index.html
2024-10-01T21:47:38.450047+0100 INFO 17580 Successfully fetched the page
2024-10-01T21:47:38.450047+0100 INFO 7136 Successfully fetched the page
2024-10-01T21:47:38.462047+0100 INFO 3444 current book url: mesaerion-the-best-science-fiction-stories-1800-1849_983/index.html
2024-10-01T21:47:38.462047+0100 INFO 1960 Successfully fetched the page
2024-10-01T21:47:38.474213+0100 INFO 16116 Successfully fetched the page
2024-10-01T21:47:38.486908+0100 INFO 7136 current book url: sharp-objects_997/index.html
2024-10-01T21:47:38.487908+0100 INFO 17580 current book url: i-had-a-nice-time-and-other-lies-how-to-find-love-sht-like-that_814/index.html
2024-10-01T21:47:38.488907+0100 INFO 11832 Successfully fetched the page
2024-10-01T21:47:38.488907+0100 INFO 7728 Successfully fetched the page
2024-10-01T21:47:38.542667+0100 INFO 1960 current book url: the-coming-woman-a-novel-based-on-the-life-of-the-infamous-feminist-victoria-woodhull_993/index.html
2024-10-01T21:47:38.558319+0100 INFO 9516 Successfully fetched the page
2024-10-01T21:47:38.558319+0100 INFO 11660 Successfully fetched the page
2024-10-01T21:47:38.558319+0100 INFO 16116 current book url: birdsong-a-story-in-pictures_975/index.html
2024-10-01T21:47:38.573945+0100 INFO 7728 uuid: 19d277b8-7988-4dd0-8b2e-32352cb58cd8
2024-10-01T21:47:38.589569+0100 INFO 11832 current book url: worlds-elsewhere-journeys-around-shakespeares-globe_972/index.html
2024-10-01T21:47:38.589569+0100 INFO 9516 uuid: b2d209fb-9d40-43de-8074-b3b9c91b493f
2024-10-01T21:47:38.589569+0100 INFO 8768 Successfully fetched the page
2024-10-01T21:47:38.589569+0100 INFO 11660 uuid: 0cf7f80d-7d90-4a15-8cd8-f6aa21043d83
2024-10-01T21:47:38.589569+0100 INFO 7728 title: It's Only the Himalayas
2024-10-01T21:47:38.589569+0100 INFO 9516 title: The Book of Basketball: The NBA According to The Sports Guy
2024-10-01T21:47:38.605193+0100 INFO 8768 uuid: 10ff58b1-a867-4e4f-b6b2-fa88c00f7440
2024-10-01T21:47:38.605193+0100 INFO 11660 title: Sophie's World
2024-10-01T21:47:38.605193+0100 INFO 7728 price: 45.17
2024-10-01T21:47:38.605193+0100 INFO 9516 price: 44.84
2024-10-01T21:47:38.605193+0100 INFO 8768 title: Don't Be a Jerk: And Other Practical Advice from Dogen, Japan's Greatest Zen Master
2024-10-01T21:47:38.605193+0100 INFO 11660 price: 15.94
2024-10-01T21:47:38.605193+0100 INFO 7728 availability: 19 
2024-10-01T21:47:38.605193+0100 INFO 9516 availability: 3 
2024-10-01T21:47:38.605193+0100 INFO 8768 price: 37.97
2024-10-01T21:47:38.605193+0100 INFO 11660 availability: 18 
2024-10-01T21:47:38.605193+0100 INFO 7728 rating: 2
2024-10-01T21:47:38.605193+0100 INFO 9516 rating: 5
2024-10-01T21:47:38.605193+0100 INFO 8768 availability: 16 
2024-10-01T21:47:38.605193+0100 INFO 11660 rating: 5
2024-10-01T21:47:38.605193+0100 INFO 7728 category: Travel
2024-10-01T21:47:38.605193+0100 INFO 9516 category: Sports and Games
2024-10-01T21:47:38.605193+0100 INFO 8768 rating: 2
2024-10-01T21:47:38.605193+0100 INFO 11660 category: Philosophy
2024-10-01T21:47:38.605193+0100 INFO 7728 category name: Add a comment
2024-10-01T21:47:38.605193+0100 INFO 9516 category name: Fantasy
2024-10-01T21:47:38.612563+0100 INFO 8768 category: Religion
2024-10-01T21:47:38.612563+0100 INFO 11660 category name: New Adult
2024-10-01T21:47:38.612866+0100 INFO 8768 category name: Young Adult
2024-10-01T21:47:38.814071+0100 INFO 12980 Successfully fetched the page
2024-10-01T21:47:38.814071+0100 INFO 12980 uuid: 4599a4a7-1cde-4a07-ab6e-419408bc0e62
2024-10-01T21:47:38.814071+0100 INFO 12980 title: The Secret Garden
2024-10-01T21:47:38.814071+0100 INFO 12980 price: 15.08
2024-10-01T21:47:38.814071+0100 INFO 12980 availability: 5 
2024-10-01T21:47:38.814071+0100 INFO 12980 rating: 4
2024-10-01T21:47:38.814071+0100 INFO 12980 category: Classics
2024-10-01T21:47:38.814071+0100 INFO 12980 category name: Science
2024-10-01T21:47:38.814071+0100 INFO 12572 Successfully fetched the page
2024-10-01T21:47:38.829696+0100 INFO 12572 uuid: 29b9bf93-c885-4666-b7fe-8a8d848d1c77
2024-10-01T21:47:38.829696+0100 INFO 12572 title: Tipping the Velvet
2024-10-01T21:47:38.829696+0100 INFO 12572 price: 53.74
2024-10-01T21:47:38.829696+0100 INFO 12572 availability: 20 
2024-10-01T21:47:38.829696+0100 INFO 12572 rating: 1
2024-10-01T21:47:38.829696+0100 INFO 12572 category: Historical Fiction
2024-10-01T21:47:38.829696+0100 INFO 12572 category name: Poetry
2024-10-01T21:47:38.892195+0100 INFO 332 Successfully fetched the page
2024-10-01T21:47:38.907821+0100 INFO 332 uuid: b3499dbc-c84a-40b5-9539-500087a894dc
2024-10-01T21:47:38.907821+0100 INFO 332 title: Chase Me (Paris Nights #2)
2024-10-01T21:47:38.907821+0100 INFO 332 price: 25.27
2024-10-01T21:47:38.907821+0100 INFO 332 availability: 19 
2024-10-01T21:47:38.907821+0100 INFO 332 rating: 5
2024-10-01T21:47:38.907821+0100 INFO 332 category: Romance
2024-10-01T21:47:38.907821+0100 INFO 332 category name: Paranormal
2024-10-01T21:47:38.907821+0100 INFO 18048 Successfully fetched the page
2024-10-01T21:47:38.907821+0100 INFO 18048 uuid: 255615a9-7564-465f-92bd-07017ebfe8e6
2024-10-01T21:47:38.907821+0100 INFO 18048 title: Soumission
2024-10-01T21:47:38.907821+0100 INFO 18048 price: 50.10
2024-10-01T21:47:38.907821+0100 INFO 18048 availability: 20 
2024-10-01T21:47:38.907821+0100 INFO 18048 rating: 1
2024-10-01T21:47:38.907821+0100 INFO 18048 category: Fiction
2024-10-01T21:47:38.907821+0100 INFO 18048 category name: Art
2024-10-01T21:47:38.923445+0100 INFO 14896 Successfully fetched the page
2024-10-01T21:47:38.923445+0100 INFO 14896 uuid: acd5bc90-511a-42ed-8f4c-03378f299eb6
2024-10-01T21:47:38.923445+0100 INFO 14896 title: Rip it Up and Start Again
2024-10-01T21:47:38.923445+0100 INFO 14896 price: 35.02
2024-10-01T21:47:38.923445+0100 INFO 14896 availability: 19 
2024-10-01T21:47:38.923445+0100 INFO 14896 rating: 5
2024-10-01T21:47:38.923445+0100 INFO 14896 category: Music
2024-10-01T21:47:38.923445+0100 INFO 14896 category name: Psychology
2024-10-01T21:47:39.017195+0100 INFO 2932 Successfully fetched the page
2024-10-01T21:47:39.032821+0100 INFO 2932 uuid: bfcfa966-0a9d-49bd-9694-a3fbaf450f7f
2024-10-01T21:47:39.032821+0100 INFO 2932 title: Scott Pilgrim's Precious Little Life (Scott Pilgrim #1)
2024-10-01T21:47:39.032821+0100 INFO 2932 price: 52.29
2024-10-01T21:47:39.032821+0100 INFO 2932 availability: 19 
2024-10-01T21:47:39.032821+0100 INFO 2932 rating: 5
2024-10-01T21:47:39.032821+0100 INFO 2932 category: Sequential Art
2024-10-01T21:47:39.032821+0100 INFO 2932 category name: Autobiography
2024-10-01T21:47:39.032821+0100 INFO 7136 Successfully fetched the page
2024-10-01T21:47:39.048446+0100 INFO 3444 Successfully fetched the page
2024-10-01T21:47:39.048446+0100 INFO 7136 uuid: 0fcc9578-dbe2-4868-ac67-327b0b50d302
2024-10-01T21:47:39.048446+0100 INFO 7136 title: Sharp Objects
2024-10-01T21:47:39.048446+0100 INFO 3444 uuid: 801be8ba-48ab-4eab-9574-9f0e943fd849
2024-10-01T21:47:39.048446+0100 INFO 7136 price: 47.82
2024-10-01T21:47:39.048446+0100 INFO 3444 title: Mesaerion: The Best Science Fiction Stories 1800-1849
2024-10-01T21:47:39.048446+0100 INFO 7136 availability: 20 
2024-10-01T21:47:39.048446+0100 INFO 3444 price: 37.59
2024-10-01T21:47:39.048446+0100 INFO 7136 rating: 4
2024-10-01T21:47:39.048446+0100 INFO 3444 availability: 19 
2024-10-01T21:47:39.048446+0100 INFO 7136 category: Mystery
2024-10-01T21:47:39.048446+0100 INFO 3444 rating: 1
2024-10-01T21:47:39.048446+0100 INFO 7136 category name: Parenting
2024-10-01T21:47:39.048446+0100 INFO 3444 category: Science Fiction
2024-10-01T21:47:39.048446+0100 INFO 3444 category name: Adult Fiction
2024-10-01T21:47:39.079696+0100 INFO 11660 Successfully fetched the page
2024-10-01T21:47:39.095321+0100 INFO 11660 pages: 1
2024-10-01T21:47:39.095321+0100 INFO 11660 current category page url: https://books.toscrape.com/catalogue/category/books/new-adult_20/index.html
2024-10-01T21:47:39.095321+0100 INFO 17580 Successfully fetched the page
2024-10-01T21:47:39.095321+0100 INFO 17580 uuid: 45cfbe29-001d-4cbc-bd93-e36dfb527a61
2024-10-01T21:47:39.095321+0100 INFO 17580 title: I Had a Nice Time And Other Lies...: How to find love & sh*t like that
2024-10-01T21:47:39.095321+0100 INFO 11832 Successfully fetched the page
2024-10-01T21:47:39.095321+0100 INFO 17580 price: 57.36
2024-10-01T21:47:39.095321+0100 INFO 1960 Successfully fetched the page
2024-10-01T21:47:39.110945+0100 INFO 11832 uuid: ff590caf-bcc2-40b7-a5b8-4c2747af3aef
2024-10-01T21:47:39.110945+0100 INFO 17580 availability: 15 
2024-10-01T21:47:39.110945+0100 INFO 11832 title: Worlds Elsewhere: Journeys Around Shakespeare’s Globe
2024-10-01T21:47:39.110945+0100 INFO 1960 uuid: 66f291c7-9b13-44a8-b04b-cd9221b4bccf
2024-10-01T21:47:39.110945+0100 INFO 17580 rating: 4
2024-10-01T21:47:39.110945+0100 INFO 16116 Successfully fetched the page
2024-10-01T21:47:39.110945+0100 INFO 11832 price: 40.30
2024-10-01T21:47:39.110945+0100 INFO 1960 title: The Coming Woman: A Novel Based on the Life of the Infamous Feminist, Victoria Woodhull
2024-10-01T21:47:39.110945+0100 INFO 17580 category: Womens Fiction
2024-10-01T21:47:39.110945+0100 INFO 11832 availability: 18 
2024-10-01T21:47:39.110945+0100 INFO 16116 uuid: 9a3f5611-2135-4160-a768-8299c6173b8f
2024-10-01T21:47:39.110945+0100 INFO 1960 price: 17.93
2024-10-01T21:47:39.110945+0100 INFO 17580 category name: Humor
2024-10-01T21:47:39.110945+0100 INFO 11832 rating: 5
2024-10-01T21:47:39.110945+0100 INFO 16116 title: Birdsong: A Story in Pictures
2024-10-01T21:47:39.110945+0100 INFO 1960 availability: 19 
2024-10-01T21:47:39.110945+0100 INFO 11832 category: Nonfiction
2024-10-01T21:47:39.110945+0100 INFO 16116 price: 54.64
2024-10-01T21:47:39.110945+0100 INFO 1960 rating: 3
2024-10-01T21:47:39.125749+0100 INFO 11832 category name: Horror
2024-10-01T21:47:39.125749+0100 INFO 16116 availability: 19 
2024-10-01T21:47:39.126184+0100 INFO 1960 category: Default
2024-10-01T21:47:39.126184+0100 INFO 16116 rating: 3
2024-10-01T21:47:39.126184+0100 INFO 1960 category name: History
2024-10-01T21:47:39.126184+0100 INFO 16116 category: Childrens
2024-10-01T21:47:39.127185+0100 INFO 16116 category name: Food and Drink
2024-10-01T21:47:39.215491+0100 INFO 7728 Successfully fetched the page
2024-10-01T21:47:39.231116+0100 INFO 7728 num_pages is not None
2024-10-01T21:47:39.231116+0100 INFO 7728 pages: 4
2024-10-01T21:47:39.231116+0100 INFO 7728 current category page url: https://books.toscrape.com/catalogue/category/books/add-a-comment_18/index.html
2024-10-01T21:47:39.231116+0100 INFO 8768 Successfully fetched the page
2024-10-01T21:47:39.246741+0100 INFO 8768 num_pages is not None
2024-10-01T21:47:39.246741+0100 INFO 9516 Successfully fetched the page
2024-10-01T21:47:39.246741+0100 INFO 8768 pages: 3
2024-10-01T21:47:39.262366+0100 INFO 8768 current category page url: https://books.toscrape.com/catalogue/category/books/young-adult_21/index.html
2024-10-01T21:47:39.270917+0100 INFO 9516 num_pages is not None
2024-10-01T21:47:39.270917+0100 INFO 9516 pages: 3
2024-10-01T21:47:39.270917+0100 INFO 9516 current category page url: https://books.toscrape.com/catalogue/category/books/fantasy_19/index.html
2024-10-01T21:47:39.364687+0100 INFO 332 Successfully fetched the page
2024-10-01T21:47:39.380313+0100 INFO 332 pages: 1
2024-10-01T21:47:39.380313+0100 INFO 332 current category page url: https://books.toscrape.com/catalogue/category/books/paranormal_24/index.html
2024-10-01T21:47:39.380313+0100 INFO 12980 Successfully fetched the page
2024-10-01T21:47:39.395938+0100 INFO 12980 pages: 1
2024-10-01T21:47:39.395938+0100 INFO 12980 current category page url: https://books.toscrape.com/catalogue/category/books/science_22/index.html
2024-10-01T21:47:39.395938+0100 INFO 12572 Successfully fetched the page
2024-10-01T21:47:39.411563+0100 INFO 12572 pages: 1
2024-10-01T21:47:39.411563+0100 INFO 12572 current category page url: https://books.toscrape.com/catalogue/category/books/poetry_23/index.html
2024-10-01T21:47:39.411563+0100 INFO 14896 Successfully fetched the page
2024-10-01T21:47:39.423625+0100 INFO 14896 pages: 1
2024-10-01T21:47:39.423625+0100 INFO 14896 current category page url: https://books.toscrape.com/catalogue/category/books/psychology_26/index.html
2024-10-01T21:47:39.427536+0100 INFO 18048 Successfully fetched the page
2024-10-01T21:47:39.435565+0100 INFO 18048 pages: 1
2024-10-01T21:47:39.435565+0100 INFO 18048 current category page url: https://books.toscrape.com/catalogue/category/books/art_25/index.html
2024-10-01T21:47:39.553198+0100 INFO 3444 Successfully fetched the page
2024-10-01T21:47:39.553198+0100 INFO 3444 pages: 1
2024-10-01T21:47:39.553198+0100 INFO 3444 current category page url: https://books.toscrape.com/catalogue/category/books/adult-fiction_29/index.html
2024-10-01T21:47:39.553198+0100 INFO 2932 Successfully fetched the page
2024-10-01T21:47:39.553198+0100 INFO 7136 Successfully fetched the page
2024-10-01T21:47:39.568824+0100 INFO 2932 pages: 1
2024-10-01T21:47:39.568824+0100 INFO 7136 pages: 1
2024-10-01T21:47:39.568824+0100 INFO 2932 current category page url: https://books.toscrape.com/catalogue/category/books/autobiography_27/index.html
2024-10-01T21:47:39.568824+0100 INFO 7136 current category page url: https://books.toscrape.com/catalogue/category/books/parenting_28/index.html
2024-10-01T21:47:39.584449+0100 INFO 11660 Successfully fetched the page
2024-10-01T21:47:39.584449+0100 INFO 11660 current book url: without-borders-wanderlove-1_956/index.html
2024-10-01T21:47:39.646950+0100 INFO 17580 Successfully fetched the page
2024-10-01T21:47:39.662574+0100 INFO 17580 pages: 1
2024-10-01T21:47:39.662574+0100 INFO 17580 current category page url: https://books.toscrape.com/catalogue/category/books/humor_30/index.html
2024-10-01T21:47:39.725073+0100 INFO 1960 Successfully fetched the page
2024-10-01T21:47:39.740702+0100 INFO 1960 pages: 1
2024-10-01T21:47:39.740702+0100 INFO 1960 current category page url: https://books.toscrape.com/catalogue/category/books/history_32/index.html
2024-10-01T21:47:39.740702+0100 INFO 11832 Successfully fetched the page
2024-10-01T21:47:39.756325+0100 INFO 11832 pages: 1
2024-10-01T21:47:39.756325+0100 INFO 11832 current category page url: https://books.toscrape.com/catalogue/category/books/horror_31/index.html
2024-10-01T21:47:39.756325+0100 INFO 16116 Successfully fetched the page
2024-10-01T21:47:39.771950+0100 INFO 16116 num_pages is not None
2024-10-01T21:47:39.771950+0100 INFO 16116 pages: 2
2024-10-01T21:47:39.771950+0100 INFO 16116 current category page url: https://books.toscrape.com/catalogue/category/books/food-and-drink_33/index.html
2024-10-01T21:47:39.861173+0100 INFO 332 Successfully fetched the page
2024-10-01T21:47:39.861173+0100 INFO 332 current book url: vampire-knight-vol-1-vampire-knight-1_93/index.html
2024-10-01T21:47:39.892896+0100 INFO 18048 Successfully fetched the page
2024-10-01T21:47:39.892896+0100 INFO 18048 current book url: wall-and-piece_971/index.html
2024-10-01T21:47:39.892896+0100 INFO 8768 Successfully fetched the page
2024-10-01T21:47:39.892896+0100 INFO 7728 Successfully fetched the page
2024-10-01T21:47:39.982048+0100 INFO 8768 current book url: the-requiem-red_995/index.html
2024-10-01T21:47:39.982048+0100 INFO 9516 Successfully fetched the page
2024-10-01T21:47:39.982048+0100 INFO 12980 Successfully fetched the page
2024-10-01T21:47:40.003834+0100 INFO 14896 Successfully fetched the page
2024-10-01T21:47:40.007820+0100 INFO 7728 current book url: the-torch-is-passed-a-harding-family-story_945/index.html
2024-10-01T21:47:40.008797+0100 INFO 12572 Successfully fetched the page
2024-10-01T21:47:40.021802+0100 INFO 9516 current book url: unicorn-tracks_951/index.html
2024-10-01T21:47:40.022802+0100 INFO 12980 current book url: the-most-perfect-thing-inside-and-outside-a-birds-egg_938/index.html
2024-10-01T21:47:40.038448+0100 INFO 14896 current book url: the-lucifer-effect-understanding-how-good-people-turn-evil_758/index.html
2024-10-01T21:47:40.038448+0100 INFO 12572 current book url: a-light-in-the-attic_1000/index.html
2024-10-01T21:47:40.054073+0100 INFO 3444 Successfully fetched the page
2024-10-01T21:47:40.054073+0100 INFO 3444 current book url: fifty-shades-freed-fifty-shades-3_156/index.html
2024-10-01T21:47:40.069698+0100 INFO 2932 Successfully fetched the page
2024-10-01T21:47:40.069698+0100 INFO 2932 current book url: the-argonauts_837/index.html
2024-10-01T21:47:40.085323+0100 INFO 11660 Successfully fetched the page
2024-10-01T21:47:40.100947+0100 INFO 11660 uuid: 33d513c7-c08e-4e24-84c1-463f6ab58f77
2024-10-01T21:47:40.100947+0100 INFO 11660 title: Without Borders (Wanderlove #1)
2024-10-01T21:47:40.100947+0100 INFO 11660 price: 45.07
2024-10-01T21:47:40.100947+0100 INFO 11660 availability: 16 
2024-10-01T21:47:40.100947+0100 INFO 7136 Successfully fetched the page
2024-10-01T21:47:40.100947+0100 INFO 11660 rating: 2
2024-10-01T21:47:40.100947+0100 INFO 11660 category: New Adult
2024-10-01T21:47:40.100947+0100 INFO 7136 current book url: catastrophic-happiness-finding-joy-in-childhoods-messy-years_138/index.html
2024-10-01T21:47:40.100947+0100 INFO 11660 category name: Christian Fiction
2024-10-01T21:47:40.116573+0100 INFO 17580 Successfully fetched the page
2024-10-01T21:47:40.116573+0100 INFO 17580 current book url: the-long-haul-diary-of-a-wimpy-kid-9_757/index.html
2024-10-01T21:47:40.364797+0100 INFO 16116 Successfully fetched the page
2024-10-01T21:47:40.380422+0100 INFO 16116 current book url: foolproof-preserving-a-guide-to-small-batch-jams-jellies-pickles-condiments-and-more-a-foolproof-guide-to-making-small-batch-jams-jellies-pickles-condiments-and-more_978/index.html
2024-10-01T21:47:40.380422+0100 INFO 11832 Successfully fetched the page
2024-10-01T21:47:40.396745+0100 INFO 11832 current book url: security_925/index.html
2024-10-01T21:47:40.396745+0100 INFO 332 Successfully fetched the page
2024-10-01T21:47:40.396745+0100 INFO 1960 Successfully fetched the page
2024-10-01T21:47:40.404661+0100 INFO 332 uuid: 1d3f83d3-4527-4f32-ba7b-e8c89f4dd7e3
2024-10-01T21:47:40.414782+0100 INFO 12572 Successfully fetched the page
2024-10-01T21:47:40.417783+0100 INFO 1960 current book url: sapiens-a-brief-history-of-humankind_996/index.html
2024-10-01T21:47:40.417783+0100 INFO 332 title: Vampire Knight, Vol. 1 (Vampire Knight #1)
2024-10-01T21:47:40.421454+0100 INFO 12572 uuid: 6ddaf20a-8fbc-42d7-96f3-6f5f641562b4
2024-10-01T21:47:40.421454+0100 INFO 332 price: 15.40
2024-10-01T21:47:40.421454+0100 INFO 12572 title: A Light in the Attic
2024-10-01T21:47:40.422549+0100 INFO 332 availability: 1 
2024-10-01T21:47:40.422666+0100 INFO 12572 price: 51.77
2024-10-01T21:47:40.422666+0100 INFO 332 rating: 1
2024-10-01T21:47:40.422666+0100 INFO 12572 availability: 22 
2024-10-01T21:47:40.423649+0100 INFO 332 category: Paranormal
2024-10-01T21:47:40.423649+0100 INFO 12572 rating: 3
2024-10-01T21:47:40.423649+0100 INFO 332 category name: Business
2024-10-01T21:47:40.423649+0100 INFO 12572 category: Poetry
2024-10-01T21:47:40.423649+0100 INFO 12572 category name: Biography
2024-10-01T21:47:40.532577+0100 INFO 3444 Successfully fetched the page
2024-10-01T21:47:40.532577+0100 INFO 3444 uuid: 9b704099-bbe3-4acd-bfdb-31fd6cfa9caf
2024-10-01T21:47:40.532577+0100 INFO 3444 title: Fifty Shades Freed (Fifty Shades #3)
2024-10-01T21:47:40.532577+0100 INFO 3444 price: 15.36
2024-10-01T21:47:40.532577+0100 INFO 3444 availability: 3 
2024-10-01T21:47:40.532577+0100 INFO 3444 rating: 5
2024-10-01T21:47:40.532577+0100 INFO 3444 category: Adult Fiction
2024-10-01T21:47:40.532577+0100 INFO 3444 category name: Thriller
2024-10-01T21:47:40.532577+0100 INFO 18048 Successfully fetched the page
2024-10-01T21:47:40.548206+0100 INFO 18048 uuid: aacad348-80bd-41b4-9b8a-0f758d1067e8
2024-10-01T21:47:40.548206+0100 INFO 18048 title: Wall and Piece
2024-10-01T21:47:40.548206+0100 INFO 8768 Successfully fetched the page
2024-10-01T21:47:40.548206+0100 INFO 18048 price: 44.18
2024-10-01T21:47:40.548206+0100 INFO 18048 availability: 18 
2024-10-01T21:47:40.548206+0100 INFO 8768 uuid: 5759899f-763e-4f7f-a3ad-8a6e8e376a0b
2024-10-01T21:47:40.548206+0100 INFO 18048 rating: 4
2024-10-01T21:47:40.548206+0100 INFO 8768 title: The Requiem Red
2024-10-01T21:47:40.548206+0100 INFO 18048 category: Art
2024-10-01T21:47:40.548206+0100 INFO 8768 price: 22.65
2024-10-01T21:47:40.548206+0100 INFO 18048 category name: Contemporary
2024-10-01T21:47:40.548206+0100 INFO 8768 availability: 19 
2024-10-01T21:47:40.548206+0100 INFO 8768 rating: 1
2024-10-01T21:47:40.548206+0100 INFO 8768 category: Young Adult
2024-10-01T21:47:40.548206+0100 INFO 8768 category name: Spirituality
2024-10-01T21:47:40.548206+0100 INFO 9516 Successfully fetched the page
2024-10-01T21:47:40.548206+0100 INFO 9516 uuid: 245408df-a556-4de1-84b3-9f1add408366
2024-10-01T21:47:40.548206+0100 INFO 9516 title: Unicorn Tracks
2024-10-01T21:47:40.548206+0100 INFO 9516 price: 18.78
2024-10-01T21:47:40.548206+0100 INFO 9516 availability: 16 
2024-10-01T21:47:40.548206+0100 INFO 9516 rating: 3
2024-10-01T21:47:40.548206+0100 INFO 9516 category: Fantasy
2024-10-01T21:47:40.548206+0100 INFO 9516 category name: Academic
2024-10-01T21:47:40.548206+0100 INFO 14896 Successfully fetched the page
2024-10-01T21:47:40.548206+0100 INFO 7728 Successfully fetched the page
2024-10-01T21:47:40.563826+0100 INFO 14896 uuid: efacf14b-8de8-46bd-899f-a7579754dca9
2024-10-01T21:47:40.563826+0100 INFO 14896 title: The Lucifer Effect: Understanding How Good People Turn Evil
2024-10-01T21:47:40.563826+0100 INFO 7728 uuid: ae4c8570-f03b-4c49-a459-9ec5f194fbd6
2024-10-01T21:47:40.563826+0100 INFO 12980 Successfully fetched the page
2024-10-01T21:47:40.563826+0100 INFO 14896 price: 10.40
2024-10-01T21:47:40.563826+0100 INFO 2932 Successfully fetched the page
2024-10-01T21:47:40.563826+0100 INFO 7728 title: The Torch Is Passed: A Harding Family Story
2024-10-01T21:47:40.563826+0100 INFO 12980 uuid: da1be4ee-48fb-4960-bd22-56dee7ed27ff
2024-10-01T21:47:40.563826+0100 INFO 14896 availability: 14 
2024-10-01T21:47:40.579453+0100 INFO 2932 uuid: 61d86a24-6f45-4a5c-8626-79c70aa7386f
2024-10-01T21:47:40.579453+0100 INFO 7728 price: 19.09
2024-10-01T21:47:40.579453+0100 INFO 12980 title: The Most Perfect Thing: Inside (and Outside) a Bird's Egg
2024-10-01T21:47:40.579453+0100 INFO 11660 Successfully fetched the page
2024-10-01T21:47:40.579453+0100 INFO 14896 rating: 1
2024-10-01T21:47:40.579453+0100 INFO 2932 title: The Argonauts
2024-10-01T21:47:40.579453+0100 INFO 7728 availability: 16 
2024-10-01T21:47:40.579453+0100 INFO 12980 price: 42.96
2024-10-01T21:47:40.579453+0100 INFO 14896 category: Psychology
2024-10-01T21:47:40.579453+0100 INFO 11660 pages: 1
2024-10-01T21:47:40.579453+0100 INFO 2932 price: 10.93
2024-10-01T21:47:40.579453+0100 INFO 7728 rating: 1
2024-10-01T21:47:40.579453+0100 INFO 12980 availability: 16 
2024-10-01T21:47:40.579453+0100 INFO 14896 category name: Self Help
2024-10-01T21:47:40.579453+0100 INFO 11660 current category page url: https://books.toscrape.com/catalogue/category/books/christian-fiction_34/index.html
2024-10-01T21:47:40.579453+0100 INFO 2932 availability: 15 
2024-10-01T21:47:40.579453+0100 INFO 2932 rating: 2
2024-10-01T21:47:40.579453+0100 INFO 12980 rating: 4
2024-10-01T21:47:40.579453+0100 INFO 7728 category: Add a comment
2024-10-01T21:47:40.579453+0100 INFO 2932 category: Autobiography
2024-10-01T21:47:40.595080+0100 INFO 12980 category: Science
2024-10-01T21:47:40.595080+0100 INFO 7728 category name: Historical
2024-10-01T21:47:40.595080+0100 INFO 2932 category name: Christian
2024-10-01T21:47:40.595080+0100 INFO 12980 category name: Suspense
2024-10-01T21:47:40.595080+0100 INFO 7136 Successfully fetched the page
2024-10-01T21:47:40.595080+0100 INFO 7136 uuid: d76829ae-3c48-49d2-a37c-7437697904af
2024-10-01T21:47:40.595080+0100 INFO 7136 title: Catastrophic Happiness: Finding Joy in Childhood's Messy Years
2024-10-01T21:47:40.595080+0100 INFO 7136 price: 37.35
2024-10-01T21:47:40.595080+0100 INFO 7136 availability: 3 
2024-10-01T21:47:40.595080+0100 INFO 7136 rating: 2
2024-10-01T21:47:40.595080+0100 INFO 7136 category: Parenting
2024-10-01T21:47:40.595080+0100 INFO 7136 category name: Short Stories
2024-10-01T21:47:40.657577+0100 INFO 17580 Successfully fetched the page
2024-10-01T21:47:40.657577+0100 INFO 17580 uuid: 6c1d9576-0e0a-44a6-a908-92d296388e97
2024-10-01T21:47:40.657577+0100 INFO 17580 title: The Long Haul (Diary of a Wimpy Kid #9)
2024-10-01T21:47:40.657577+0100 INFO 17580 price: 44.07
2024-10-01T21:47:40.657577+0100 INFO 17580 availability: 14 
2024-10-01T21:47:40.657577+0100 INFO 17580 rating: 1
2024-10-01T21:47:40.657577+0100 INFO 17580 category: Humor
2024-10-01T21:47:40.657577+0100 INFO 17580 category name: Novels
2024-10-01T21:47:40.878227+0100 INFO 16116 Successfully fetched the page
2024-10-01T21:47:40.886892+0100 INFO 16116 uuid: 88eaa56c-1641-4779-a54b-de4eecf3838e
2024-10-01T21:47:40.886892+0100 INFO 16116 title: Foolproof Preserving: A Guide to Small Batch Jams, Jellies, Pickles, Condiments, and More: A Foolproof Guide to Making Small Batch Jams, Jellies, Pickles, Condiments, and More
2024-10-01T21:47:40.886892+0100 INFO 16116 price: 30.52
2024-10-01T21:47:40.886892+0100 INFO 16116 availability: 19 
2024-10-01T21:47:40.886892+0100 INFO 16116 rating: 3
2024-10-01T21:47:40.886892+0100 INFO 16116 category: Food and Drink
2024-10-01T21:47:40.887892+0100 INFO 16116 category name: Health
2024-10-01T21:47:40.903730+0100 INFO 1960 Successfully fetched the page
2024-10-01T21:47:40.903730+0100 INFO 1960 uuid: cf3015d3-2a3d-4d54-bbbd-c69883ddc42e
2024-10-01T21:47:40.903730+0100 INFO 1960 title: Sapiens: A Brief History of Humankind
2024-10-01T21:47:40.903730+0100 INFO 1960 price: 54.23
2024-10-01T21:47:40.903730+0100 INFO 1960 availability: 20 
2024-10-01T21:47:40.903730+0100 INFO 1960 rating: 5
2024-10-01T21:47:40.903730+0100 INFO 1960 category: History
2024-10-01T21:47:40.903730+0100 INFO 1960 category name: Politics
2024-10-01T21:47:40.921672+0100 INFO 12572 Successfully fetched the page
2024-10-01T21:47:40.924672+0100 INFO 12572 pages: 1
2024-10-01T21:47:40.924672+0100 INFO 12572 current category page url: https://books.toscrape.com/catalogue/category/books/biography_36/index.html
2024-10-01T21:47:40.924672+0100 INFO 11832 Successfully fetched the page
2024-10-01T21:47:40.934485+0100 INFO 11832 uuid: 3c011e5f-bd41-4038-b893-2eb984889b3c
2024-10-01T21:47:40.935485+0100 INFO 11832 title: Security
2024-10-01T21:47:40.935485+0100 INFO 11832 price: 39.25
2024-10-01T21:47:40.935485+0100 INFO 11832 availability: 16 
2024-10-01T21:47:40.935485+0100 INFO 11832 rating: 2
2024-10-01T21:47:40.936079+0100 INFO 11832 category: Horror
2024-10-01T21:47:40.936079+0100 INFO 11832 category name: Cultural
2024-10-01T21:47:40.989340+0100 INFO 332 Successfully fetched the page
2024-10-01T21:47:41.013337+0100 INFO 332 pages: 1
2024-10-01T21:47:41.013337+0100 INFO 332 current category page url: https://books.toscrape.com/catalogue/category/books/business_35/index.html
2024-10-01T21:47:41.017706+0100 INFO 18048 Successfully fetched the page
2024-10-01T21:47:41.022716+0100 INFO 18048 pages: 1
2024-10-01T21:47:41.023716+0100 INFO 18048 current category page url: https://books.toscrape.com/catalogue/category/books/contemporary_38/index.html
2024-10-01T21:47:41.023716+0100 INFO 9516 Successfully fetched the page
2024-10-01T21:47:41.023716+0100 INFO 8768 Successfully fetched the page
2024-10-01T21:47:41.027825+0100 INFO 9516 pages: 1
2024-10-01T21:47:41.027825+0100 INFO 8768 pages: 1
2024-10-01T21:47:41.027825+0100 INFO 9516 current category page url: https://books.toscrape.com/catalogue/category/books/academic_40/index.html
2024-10-01T21:47:41.027825+0100 INFO 8768 current category page url: https://books.toscrape.com/catalogue/category/books/spirituality_39/index.html
2024-10-01T21:47:41.027825+0100 INFO 12980 Successfully fetched the page
2024-10-01T21:47:41.027825+0100 INFO 3444 Successfully fetched the page
2024-10-01T21:47:41.043471+0100 INFO 12980 pages: 1
2024-10-01T21:47:41.043471+0100 INFO 2932 Successfully fetched the page
2024-10-01T21:47:41.043471+0100 INFO 12980 current category page url: https://books.toscrape.com/catalogue/category/books/suspense_44/index.html
2024-10-01T21:47:41.043471+0100 INFO 3444 pages: 1
2024-10-01T21:47:41.043471+0100 INFO 11660 Successfully fetched the page
2024-10-01T21:47:41.059097+0100 INFO 2932 pages: 1
2024-10-01T21:47:41.059097+0100 INFO 7728 Successfully fetched the page
2024-10-01T21:47:41.059097+0100 INFO 7136 Successfully fetched the page
2024-10-01T21:47:41.059097+0100 INFO 3444 current category page url: https://books.toscrape.com/catalogue/category/books/thriller_37/index.html
2024-10-01T21:47:41.059097+0100 INFO 2932 current category page url: https://books.toscrape.com/catalogue/category/books/christian_43/index.html
2024-10-01T21:47:41.059097+0100 INFO 11660 current book url: redeeming-love_826/index.html
2024-10-01T21:47:41.059097+0100 INFO 7728 pages: 1
2024-10-01T21:47:41.074721+0100 INFO 7136 pages: 1
2024-10-01T21:47:41.074721+0100 INFO 14896 Successfully fetched the page
2024-10-01T21:47:41.074721+0100 INFO 7728 current category page url: https://books.toscrape.com/catalogue/category/books/historical_42/index.html
2024-10-01T21:47:41.074721+0100 INFO 7136 current category page url: https://books.toscrape.com/catalogue/category/books/short-stories_45/index.html
2024-10-01T21:47:41.184097+0100 INFO 14896 pages: 1
2024-10-01T21:47:41.184097+0100 INFO 17580 Successfully fetched the page
2024-10-01T21:47:41.184097+0100 INFO 14896 current category page url: https://books.toscrape.com/catalogue/category/books/self-help_41/index.html
2024-10-01T21:47:41.184097+0100 INFO 17580 pages: 1
2024-10-01T21:47:41.184097+0100 INFO 17580 current category page url: https://books.toscrape.com/catalogue/category/books/novels_46/index.html
2024-10-01T21:47:41.401183+0100 INFO 16116 Successfully fetched the page
2024-10-01T21:47:41.407595+0100 INFO 16116 pages: 1
2024-10-01T21:47:41.407595+0100 INFO 16116 current category page url: https://books.toscrape.com/catalogue/category/books/health_47/index.html
2024-10-01T21:47:41.407595+0100 INFO 11832 Successfully fetched the page
2024-10-01T21:47:41.407595+0100 INFO 1960 Successfully fetched the page
2024-10-01T21:47:41.413654+0100 INFO 11832 pages: 1
2024-10-01T21:47:41.418753+0100 INFO 1960 pages: 1
2024-10-01T21:47:41.418753+0100 INFO 11832 current category page url: https://books.toscrape.com/catalogue/category/books/cultural_49/index.html
2024-10-01T21:47:41.419757+0100 INFO 1960 current category page url: https://books.toscrape.com/catalogue/category/books/politics_48/index.html
2024-10-01T21:47:41.423800+0100 INFO 12572 Successfully fetched the page
2024-10-01T21:47:41.423800+0100 INFO 12572 current book url: louisa-the-extraordinary-life-of-mrs-adams_818/index.html
2024-10-01T21:47:41.506522+0100 INFO 12980 Successfully fetched the page
2024-10-01T21:47:41.522147+0100 INFO 12980 current book url: silence-in-the-dark-logan-point-4_542/index.html
2024-10-01T21:47:41.522147+0100 INFO 2932 Successfully fetched the page
2024-10-01T21:47:41.522147+0100 INFO 2932 current book url: unqualified-how-god-uses-broken-people-to-do-big-things_873/index.html
2024-10-01T21:47:41.522147+0100 INFO 8768 Successfully fetched the page
2024-10-01T21:47:41.537773+0100 INFO 8768 current book url: the-four-agreements-a-practical-guide-to-personal-freedom_970/index.html
2024-10-01T21:47:41.537773+0100 INFO 3444 Successfully fetched the page
2024-10-01T21:47:41.537773+0100 INFO 9516 Successfully fetched the page
2024-10-01T21:47:41.537773+0100 INFO 3444 current book url: in-her-wake_980/index.html
2024-10-01T21:47:41.553398+0100 INFO 9516 current book url: logan-kade-fallen-crest-high-55_384/index.html
2024-10-01T21:47:41.553398+0100 INFO 18048 Successfully fetched the page
2024-10-01T21:47:41.553398+0100 INFO 18048 current book url: when-we-collided_955/index.html
2024-10-01T21:47:41.647147+0100 INFO 7728 Successfully fetched the page
2024-10-01T21:47:41.647147+0100 INFO 7728 current book url: all-the-light-we-cannot-see_660/index.html
2024-10-01T21:47:41.647147+0100 INFO 17580 Successfully fetched the page
2024-10-01T21:47:41.647147+0100 INFO 17580 current book url: suzie-snowflake-one-beautiful-flake-a-self-esteem-story_568/index.html
2024-10-01T21:47:41.647147+0100 INFO 7136 Successfully fetched the page
2024-10-01T21:47:41.662772+0100 INFO 7136 current book url: the-grownup_546/index.html
2024-10-01T21:47:41.662772+0100 INFO 11660 Successfully fetched the page
2024-10-01T21:47:41.662772+0100 INFO 11660 uuid: a264edbd-30ce-49f7-91a2-eff90ec52970
2024-10-01T21:47:41.662772+0100 INFO 332 Successfully fetched the page
2024-10-01T21:47:41.662772+0100 INFO 11660 title: Redeeming Love
2024-10-01T21:47:41.662772+0100 INFO 14896 Successfully fetched the page
2024-10-01T21:47:41.662772+0100 INFO 11660 price: 20.47
2024-10-01T21:47:41.678398+0100 INFO 332 current book url: the-dirty-little-secrets-of-getting-your-dream-job_994/index.html
2024-10-01T21:47:41.678398+0100 INFO 11660 availability: 15 
2024-10-01T21:47:41.678398+0100 INFO 14896 current book url: online-marketing-for-busy-authors-a-step-by-step-guide_913/index.html
2024-10-01T21:47:41.678398+0100 INFO 11660 rating: 5
2024-10-01T21:47:41.694022+0100 INFO 11660 category: Christian Fiction
2024-10-01T21:47:41.694022+0100 INFO 11660 category name: Erotica
2024-10-01T21:47:41.875765+0100 INFO 1960 Successfully fetched the page
2024-10-01T21:47:41.876767+0100 INFO 1960 current book url: libertarianism-for-beginners_982/index.html
2024-10-01T21:47:41.876767+0100 INFO 11832 Successfully fetched the page
2024-10-01T21:47:41.876767+0100 INFO 11832 current book url: amid-the-chaos_788/index.html
2024-10-01T21:47:41.903370+0100 INFO 16116 Successfully fetched the page
2024-10-01T21:47:41.909369+0100 INFO 16116 current book url: the-bulletproof-diet-lose-up-to-a-pound-a-day-reclaim-energy-and-focus-upgrade-your-life_931/index.html
2024-10-01T21:47:41.912162+0100 INFO 12572 Successfully fetched the page
2024-10-01T21:47:41.916943+0100 INFO 12572 uuid: 5bc84624-287e-4b19-853a-db139a70cc0e
2024-10-01T21:47:41.916943+0100 INFO 12572 title: Louisa: The Extraordinary Life of Mrs. Adams
2024-10-01T21:47:41.916943+0100 INFO 12572 price: 16.85
2024-10-01T21:47:41.916943+0100 INFO 12572 availability: 15 
2024-10-01T21:47:41.916943+0100 INFO 12572 rating: 2
2024-10-01T21:47:41.916943+0100 INFO 12572 category: Biography
2024-10-01T21:47:41.916943+0100 INFO 12572 category name: Crime
2024-10-01T21:47:41.984079+0100 INFO 2932 Successfully fetched the page
2024-10-01T21:47:41.984079+0100 INFO 2932 uuid: 2c678a19-b548-4051-b2f0-baf40a7e5997
2024-10-01T21:47:41.984079+0100 INFO 2932 title: (Un)Qualified: How God Uses Broken People to Do Big Things
2024-10-01T21:47:41.984079+0100 INFO 12980 Successfully fetched the page
2024-10-01T21:47:41.984079+0100 INFO 8768 Successfully fetched the page
2024-10-01T21:47:41.984079+0100 INFO 2932 price: 54.00
2024-10-01T21:47:41.999707+0100 INFO 8768 uuid: 647a6955-d8c2-478e-ad43-850a57be2f9f
2024-10-01T21:47:41.999707+0100 INFO 12980 uuid: e52b015c-5830-4d38-a426-5d49698aad05
2024-10-01T21:47:41.999707+0100 INFO 2932 availability: 16 
2024-10-01T21:47:41.999707+0100 INFO 8768 title: The Four Agreements: A Practical Guide to Personal Freedom
2024-10-01T21:47:41.999707+0100 INFO 12980 title: Silence in the Dark (Logan Point #4)
2024-10-01T21:47:41.999707+0100 INFO 2932 rating: 5
2024-10-01T21:47:41.999707+0100 INFO 8768 price: 17.66
2024-10-01T21:47:41.999707+0100 INFO 12980 price: 58.33
2024-10-01T21:47:41.999707+0100 INFO 2932 category: Christian
2024-10-01T21:47:41.999707+0100 INFO 8768 availability: 18 
2024-10-01T21:47:41.999707+0100 INFO 12980 availability: 8 
2024-10-01T21:47:41.999707+0100 INFO 8768 rating: 5
2024-10-01T21:47:41.999707+0100 INFO 12980 rating: 3
2024-10-01T21:47:41.999707+0100 INFO 8768 category: Spirituality
2024-10-01T21:47:41.999707+0100 INFO 12980 category: Suspense
2024-10-01T21:47:41.999707+0100 INFO 3444 Successfully fetched the page
2024-10-01T21:47:42.015330+0100 INFO 3444 uuid: 793bd783-e5b2-44de-b634-f776ebc570e8
2024-10-01T21:47:42.015330+0100 INFO 3444 title: In Her Wake
2024-10-01T21:47:42.015330+0100 INFO 18048 Successfully fetched the page
2024-10-01T21:47:42.015330+0100 INFO 3444 price: 12.84
2024-10-01T21:47:42.015330+0100 INFO 3444 availability: 19 
2024-10-01T21:47:42.015330+0100 INFO 18048 uuid: ad0f30c5-4fbb-46ce-9822-0016ad32a18d
2024-10-01T21:47:42.015330+0100 INFO 3444 rating: 1
2024-10-01T21:47:42.015330+0100 INFO 18048 title: When We Collided
2024-10-01T21:47:42.015330+0100 INFO 3444 category: Thriller
2024-10-01T21:47:42.015330+0100 INFO 18048 price: 31.77
2024-10-01T21:47:42.015330+0100 INFO 9516 Successfully fetched the page
2024-10-01T21:47:42.015330+0100 INFO 18048 availability: 16 
2024-10-01T21:47:42.015330+0100 INFO 18048 rating: 1
2024-10-01T21:47:42.015330+0100 INFO 9516 uuid: e19d9dae-7101-4563-9f83-f95b789f1875
2024-10-01T21:47:42.030959+0100 INFO 9516 title: Logan Kade (Fallen Crest High #5.5)
2024-10-01T21:47:42.030959+0100 INFO 18048 category: Contemporary
2024-10-01T21:47:42.030959+0100 INFO 9516 price: 13.12
2024-10-01T21:47:42.030959+0100 INFO 9516 availability: 5 
2024-10-01T21:47:42.030959+0100 INFO 9516 rating: 2
2024-10-01T21:47:42.030959+0100 INFO 9516 category: Academic
2024-10-01T21:47:42.093454+0100 INFO 7136 Successfully fetched the page
2024-10-01T21:47:42.109080+0100 INFO 7136 uuid: dcd4f1cf-2d9e-451c-9e86-06a9c335d7a4
2024-10-01T21:47:42.109080+0100 INFO 7136 title: The Grownup
2024-10-01T21:47:42.109080+0100 INFO 7136 price: 35.88
2024-10-01T21:47:42.109080+0100 INFO 7136 availability: 8 
2024-10-01T21:47:42.109080+0100 INFO 7136 rating: 1
2024-10-01T21:47:42.109080+0100 INFO 7136 category: Short Stories
2024-10-01T21:47:42.124704+0100 INFO 17580 Successfully fetched the page
2024-10-01T21:47:42.140333+0100 INFO 17580 uuid: fb992ed3-6e95-4994-b089-62b5d332881c
2024-10-01T21:47:42.140333+0100 INFO 17580 title: Suzie Snowflake: One beautiful flake (a self-esteem story)
2024-10-01T21:47:42.140333+0100 INFO 17580 price: 54.81
2024-10-01T21:47:42.140333+0100 INFO 7728 Successfully fetched the page
2024-10-01T21:47:42.140333+0100 INFO 17580 availability: 9 
2024-10-01T21:47:42.140333+0100 INFO 14896 Successfully fetched the page
2024-10-01T21:47:42.140333+0100 INFO 7728 uuid: 0885490e-ff3d-4594-9b1e-fa563103382e
2024-10-01T21:47:42.140333+0100 INFO 17580 rating: 5
2024-10-01T21:47:42.140333+0100 INFO 11660 Successfully fetched the page
2024-10-01T21:47:42.140333+0100 INFO 7728 title: All the Light We Cannot See
2024-10-01T21:47:42.140333+0100 INFO 14896 uuid: 3afa6993-054b-43b2-996a-3fe8003171f2
2024-10-01T21:47:42.140333+0100 INFO 17580 category: Novels
2024-10-01T21:47:42.140333+0100 INFO 7728 price: 29.87
2024-10-01T21:47:42.155956+0100 INFO 11660 pages: 1
2024-10-01T21:47:42.155956+0100 INFO 14896 title: Online Marketing for Busy Authors: A Step-By-Step Guide
2024-10-01T21:47:42.155956+0100 INFO 7728 availability: 14 
2024-10-01T21:47:42.155956+0100 INFO 11660 current category page url: https://books.toscrape.com/catalogue/category/books/erotica_50/index.html
2024-10-01T21:47:42.155956+0100 INFO 14896 price: 46.35
2024-10-01T21:47:42.155956+0100 INFO 7728 rating: 5
2024-10-01T21:47:42.155956+0100 INFO 14896 availability: 16 
2024-10-01T21:47:42.155956+0100 INFO 7728 category: Historical
2024-10-01T21:47:42.155956+0100 INFO 14896 rating: 1
2024-10-01T21:47:42.155956+0100 INFO 14896 category: Self Help
2024-10-01T21:47:42.155956+0100 INFO 332 Successfully fetched the page
2024-10-01T21:47:42.155956+0100 INFO 332 uuid: 162e41a1-2408-4e7d-8ac7-ba55264347ef
2024-10-01T21:47:42.155956+0100 INFO 332 title: The Dirty Little Secrets of Getting Your Dream Job
2024-10-01T21:47:42.155956+0100 INFO 332 price: 33.34
2024-10-01T21:47:42.155956+0100 INFO 332 availability: 19 
2024-10-01T21:47:42.155956+0100 INFO 332 rating: 4
2024-10-01T21:47:42.155956+0100 INFO 332 category: Business
2024-10-01T21:47:42.335136+0100 INFO 1960 Successfully fetched the page
2024-10-01T21:47:42.343455+0100 INFO 1960 uuid: 1f714820-d767-4791-96f6-79695896aed1
2024-10-01T21:47:42.344458+0100 INFO 1960 title: Libertarianism for Beginners
2024-10-01T21:47:42.344458+0100 INFO 1960 price: 51.33
2024-10-01T21:47:42.344458+0100 INFO 1960 availability: 19 
2024-10-01T21:47:42.344458+0100 INFO 1960 rating: 2
2024-10-01T21:47:42.344458+0100 INFO 1960 category: Politics
2024-10-01T21:47:42.345455+0100 INFO 11832 Successfully fetched the page
2024-10-01T21:47:42.349086+0100 INFO 11832 uuid: 0331aaf8-d91f-4740-9539-0dbc8492c86c
2024-10-01T21:47:42.349086+0100 INFO 11832 title: Amid the Chaos
2024-10-01T21:47:42.349086+0100 INFO 11832 price: 36.58
2024-10-01T21:47:42.349086+0100 INFO 11832 availability: 15 
2024-10-01T21:47:42.349086+0100 INFO 11832 rating: 1
2024-10-01T21:47:42.349086+0100 INFO 11832 category: Cultural
2024-10-01T21:47:42.408336+0100 INFO 16116 Successfully fetched the page
2024-10-01T21:47:42.414089+0100 INFO 16116 uuid: 67f57e6f-a090-41f1-b17c-7fcb97806067
2024-10-01T21:47:42.414089+0100 INFO 16116 title: The Bulletproof Diet: Lose up to a Pound a Day, Reclaim Energy and Focus, Upgrade Your Life
2024-10-01T21:47:42.414089+0100 INFO 16116 price: 49.05
2024-10-01T21:47:42.414089+0100 INFO 12572 Successfully fetched the page
2024-10-01T21:47:42.414089+0100 INFO 16116 availability: 16 
2024-10-01T21:47:42.414089+0100 INFO 16116 rating: 3
2024-10-01T21:47:42.416990+0100 INFO 12572 pages: 1
2024-10-01T21:47:42.416990+0100 INFO 16116 category: Health
2024-10-01T21:47:42.416990+0100 INFO 12572 current category page url: https://books.toscrape.com/catalogue/category/books/crime_51/index.html
2024-10-01T21:47:42.602147+0100 INFO 11660 Successfully fetched the page
2024-10-01T21:47:42.602147+0100 INFO 11660 current book url: dark-notes_800/index.html
2024-10-01T21:47:42.862680+0100 INFO 12572 Successfully fetched the page
2024-10-01T21:47:42.862680+0100 INFO 12572 current book url: the-long-shadow-of-small-ghosts-murder-and-memory-in-an-american-city_848/index.html
2024-10-01T21:47:43.071453+0100 INFO 11660 Successfully fetched the page
2024-10-01T21:47:43.071453+0100 INFO 11660 uuid: c81d4b69-90af-41b9-bee4-0240453f41e4
2024-10-01T21:47:43.071453+0100 INFO 11660 title: Dark Notes
2024-10-01T21:47:43.071453+0100 INFO 11660 price: 19.19
2024-10-01T21:47:43.071453+0100 INFO 11660 availability: 15 
2024-10-01T21:47:43.071453+0100 INFO 11660 rating: 5
2024-10-01T21:47:43.071453+0100 INFO 11660 category: Erotica
2024-10-01T21:47:43.323319+0100 INFO 12572 Successfully fetched the page
2024-10-01T21:47:43.338944+0100 INFO 12572 uuid: 3e82d17c-4353-4dd0-8377-ff6f9d1976ae
2024-10-01T21:47:43.338944+0100 INFO 12572 title: The Long Shadow of Small Ghosts: Murder and Memory in an American City
2024-10-01T21:47:43.338944+0100 INFO 12572 price: 10.97
2024-10-01T21:47:43.338944+0100 INFO 12572 availability: 15 
2024-10-01T21:47:43.338944+0100 INFO 12572 rating: 1
2024-10-01T21:47:43.338944+0100 INFO 12572 category: Crime
2024-10-01T21:47:43.338944+0100 ERROR 10720 Error scraping books: 'NoneType' object has no attribute 'close'
2024-10-01T21:47:43.338944+0100 ERROR 10720 An unexpected error occurred: 'NoneType' object has no attribute 'close'
