2024-10-01T22:04:59.436127+0100 INFO 10792 Ensured data directory exists at C:\Users\qqeer\Desktop\code\scraping books\scraping_books\data
2024-10-01T22:04:59.436127+0100 INFO 10792 Created database engine for C:\Users\qqeer\Desktop\code\scraping books\scraping_books\data\scraping_books.db
2024-10-01T22:04:59.451753+0100 INFO 10792 Database schema initialized successfully.
2024-10-01T22:04:59.451753+0100 INFO 10792 Tables in the database: ['TestTable', 'books']
2024-10-01T22:04:59.451753+0100 INFO 10792 All required tables have been created successfully.
2024-10-01T22:04:59.985473+0100 INFO 10792 Successfully fetched the page
2024-10-01T22:04:59.991485+0100 INFO 10792 Created the soup.
2024-10-01T22:04:59.991485+0100 INFO 14816 category name: Travel
2024-10-01T22:04:59.991485+0100 INFO 15600 category name: Mystery
2024-10-01T22:04:59.991485+0100 INFO 7384 category name: Historical Fiction
2024-10-01T22:04:59.991485+0100 INFO 3376 category name: Sequential Art
2024-10-01T22:04:59.991485+0100 INFO 8468 category name: Classics
2024-10-01T22:04:59.991485+0100 INFO 18424 category name: Philosophy
2024-10-01T22:05:00.007133+0100 INFO 18300 category name: Romance
2024-10-01T22:05:00.007784+0100 INFO 17884 category name: Womens Fiction
2024-10-01T22:05:00.008792+0100 INFO 13580 category name: Fiction
2024-10-01T22:05:00.009183+0100 INFO 12124 category name: Childrens
2024-10-01T22:05:00.010207+0100 INFO 284 category name: Religion
2024-10-01T22:05:00.011715+0100 INFO 4412 category name: Nonfiction
2024-10-01T22:05:00.012433+0100 INFO 9356 category name: Music
2024-10-01T22:05:00.012805+0100 INFO 16564 category name: Default
2024-10-01T22:05:00.012805+0100 INFO 11624 category name: Science Fiction
2024-10-01T22:05:00.014918+0100 INFO 11820 category name: Sports and Games
2024-10-01T22:05:00.015206+0100 DEBUG 10792 max workers: 16
2024-10-01T22:05:00.442521+0100 INFO 14816 Successfully fetched the page
2024-10-01T22:05:00.452417+0100 INFO 14816 pages: 1
2024-10-01T22:05:00.452417+0100 INFO 14816 current category page url: https://books.toscrape.com/catalogue/category/books/travel_2/index.html
2024-10-01T22:05:00.456719+0100 INFO 18424 Successfully fetched the page
2024-10-01T22:05:00.468453+0100 INFO 18424 pages: 1
2024-10-01T22:05:00.468453+0100 INFO 18424 current category page url: https://books.toscrape.com/catalogue/category/books/philosophy_7/index.html
2024-10-01T22:05:00.477368+0100 INFO 11820 Successfully fetched the page
2024-10-01T22:05:00.484368+0100 INFO 11820 pages: 1
2024-10-01T22:05:00.485428+0100 INFO 284 Successfully fetched the page
2024-10-01T22:05:00.485428+0100 INFO 11820 current category page url: https://books.toscrape.com/catalogue/category/books/sports-and-games_17/index.html
2024-10-01T22:05:00.494244+0100 INFO 284 pages: 1
2024-10-01T22:05:00.494244+0100 INFO 284 current category page url: https://books.toscrape.com/catalogue/category/books/religion_12/index.html
2024-10-01T22:05:00.532524+0100 INFO 3376 Successfully fetched the page
2024-10-01T22:05:00.567856+0100 INFO 3376 num_pages is not None
2024-10-01T22:05:00.567856+0100 INFO 3376 pages: 4
2024-10-01T22:05:00.567856+0100 INFO 7384 Successfully fetched the page
2024-10-01T22:05:00.567856+0100 INFO 15600 Successfully fetched the page
2024-10-01T22:05:00.567856+0100 INFO 3376 current category page url: https://books.toscrape.com/catalogue/category/books/sequential-art_5/index.html
2024-10-01T22:05:00.568945+0100 INFO 18300 Successfully fetched the page
2024-10-01T22:05:00.568945+0100 INFO 12124 Successfully fetched the page
2024-10-01T22:05:00.582737+0100 INFO 7384 num_pages is not None
2024-10-01T22:05:00.596609+0100 INFO 15600 num_pages is not None
2024-10-01T22:05:00.596609+0100 INFO 9356 Successfully fetched the page
2024-10-01T22:05:00.596609+0100 INFO 8468 Successfully fetched the page
2024-10-01T22:05:00.596609+0100 INFO 17884 Successfully fetched the page
2024-10-01T22:05:00.596609+0100 INFO 11624 Successfully fetched the page
2024-10-01T22:05:00.596609+0100 INFO 13580 Successfully fetched the page
2024-10-01T22:05:00.596609+0100 INFO 4412 Successfully fetched the page
2024-10-01T22:05:00.602216+0100 INFO 16564 Successfully fetched the page
2024-10-01T22:05:00.610501+0100 INFO 18300 num_pages is not None
2024-10-01T22:05:00.624436+0100 INFO 12124 num_pages is not None
2024-10-01T22:05:00.624436+0100 INFO 7384 pages: 2
2024-10-01T22:05:00.624436+0100 INFO 15600 pages: 2
2024-10-01T22:05:00.638300+0100 INFO 8468 pages: 1
2024-10-01T22:05:00.652196+0100 INFO 17884 pages: 1
2024-10-01T22:05:00.664770+0100 INFO 9356 pages: 1
2024-10-01T22:05:00.676676+0100 INFO 11624 pages: 1
2024-10-01T22:05:00.691568+0100 INFO 13580 num_pages is not None
2024-10-01T22:05:00.705434+0100 INFO 4412 num_pages is not None
2024-10-01T22:05:00.713138+0100 INFO 18300 pages: 2
2024-10-01T22:05:00.719334+0100 INFO 16564 num_pages is not None
2024-10-01T22:05:00.720337+0100 INFO 12124 pages: 2
2024-10-01T22:05:00.720337+0100 INFO 7384 current category page url: https://books.toscrape.com/catalogue/category/books/historical-fiction_4/index.html
2024-10-01T22:05:00.720337+0100 INFO 15600 current category page url: https://books.toscrape.com/catalogue/category/books/mystery_3/index.html
2024-10-01T22:05:00.720337+0100 INFO 8468 current category page url: https://books.toscrape.com/catalogue/category/books/classics_6/index.html
2024-10-01T22:05:00.720337+0100 INFO 17884 current category page url: https://books.toscrape.com/catalogue/category/books/womens-fiction_9/index.html
2024-10-01T22:05:00.720337+0100 INFO 9356 current category page url: https://books.toscrape.com/catalogue/category/books/music_14/index.html
2024-10-01T22:05:00.720337+0100 INFO 11624 current category page url: https://books.toscrape.com/catalogue/category/books/science-fiction_16/index.html
2024-10-01T22:05:00.720337+0100 INFO 13580 pages: 4
2024-10-01T22:05:00.720337+0100 INFO 4412 pages: 6
2024-10-01T22:05:00.720337+0100 INFO 18300 current category page url: https://books.toscrape.com/catalogue/category/books/romance_8/index.html
2024-10-01T22:05:00.720337+0100 INFO 16564 pages: 8
2024-10-01T22:05:00.720337+0100 INFO 12124 current category page url: https://books.toscrape.com/catalogue/category/books/childrens_11/index.html
2024-10-01T22:05:00.721648+0100 INFO 13580 current category page url: https://books.toscrape.com/catalogue/category/books/fiction_10/index.html
2024-10-01T22:05:00.721648+0100 INFO 4412 current category page url: https://books.toscrape.com/catalogue/category/books/nonfiction_13/index.html
2024-10-01T22:05:00.721648+0100 INFO 16564 current category page url: https://books.toscrape.com/catalogue/category/books/default_15/index.html
2024-10-01T22:05:00.905478+0100 INFO 14816 Successfully fetched the page
2024-10-01T22:05:00.914299+0100 INFO 14816 current book url: its-only-the-himalayas_981/index.html
2024-10-01T22:05:00.922963+0100 INFO 11820 Successfully fetched the page
2024-10-01T22:05:00.933194+0100 INFO 11820 current book url: the-book-of-basketball-the-nba-according-to-the-sports-guy_232/index.html
2024-10-01T22:05:00.934194+0100 INFO 18424 Successfully fetched the page
2024-10-01T22:05:00.943087+0100 INFO 18424 current book url: sophies-world_966/index.html
2024-10-01T22:05:00.957929+0100 INFO 284 Successfully fetched the page
2024-10-01T22:05:00.964588+0100 INFO 284 current book url: dont-be-a-jerk-and-other-practical-advice-from-dogen-japans-greatest-zen-master_890/index.html
2024-10-01T22:05:01.194139+0100 INFO 3376 Successfully fetched the page
2024-10-01T22:05:01.209004+0100 INFO 3376 current book url: scott-pilgrims-precious-little-life-scott-pilgrim-1_987/index.html
2024-10-01T22:05:01.277522+0100 INFO 7384 Successfully fetched the page
2024-10-01T22:05:01.290401+0100 INFO 7384 current book url: tipping-the-velvet_999/index.html
2024-10-01T22:05:01.290401+0100 INFO 9356 Successfully fetched the page
2024-10-01T22:05:01.291399+0100 INFO 11624 Successfully fetched the page
2024-10-01T22:05:01.291399+0100 INFO 17884 Successfully fetched the page
2024-10-01T22:05:01.291399+0100 INFO 8468 Successfully fetched the page
2024-10-01T22:05:01.291399+0100 INFO 15600 Successfully fetched the page
2024-10-01T22:05:01.291399+0100 INFO 16564 Successfully fetched the page
2024-10-01T22:05:01.292399+0100 INFO 12124 Successfully fetched the page
2024-10-01T22:05:01.298061+0100 INFO 9356 current book url: rip-it-up-and-start-again_986/index.html
2024-10-01T22:05:01.311988+0100 INFO 11624 current book url: mesaerion-the-best-science-fiction-stories-1800-1849_983/index.html
2024-10-01T22:05:01.331018+0100 INFO 8468 current book url: the-secret-garden_413/index.html
2024-10-01T22:05:01.339720+0100 INFO 17884 current book url: i-had-a-nice-time-and-other-lies-how-to-find-love-sht-like-that_814/index.html
2024-10-01T22:05:01.339720+0100 INFO 18300 Successfully fetched the page
2024-10-01T22:05:01.339720+0100 INFO 4412 Successfully fetched the page
2024-10-01T22:05:01.349906+0100 INFO 13580 Successfully fetched the page
2024-10-01T22:05:01.353562+0100 INFO 15600 current book url: sharp-objects_997/index.html
2024-10-01T22:05:01.353562+0100 INFO 14816 Successfully fetched the page
2024-10-01T22:05:01.367509+0100 INFO 16564 current book url: the-coming-woman-a-novel-based-on-the-life-of-the-infamous-feminist-victoria-woodhull_993/index.html
2024-10-01T22:05:01.380127+0100 INFO 12124 current book url: birdsong-a-story-in-pictures_975/index.html
2024-10-01T22:05:01.423636+0100 INFO 18424 Successfully fetched the page
2024-10-01T22:05:01.436992+0100 INFO 4412 current book url: worlds-elsewhere-journeys-around-shakespeares-globe_972/index.html
2024-10-01T22:05:01.450874+0100 INFO 13580 current book url: soumission_998/index.html
2024-10-01T22:05:01.461477+0100 INFO 18300 current book url: chase-me-paris-nights-2_977/index.html
2024-10-01T22:05:01.461477+0100 INFO 284 Successfully fetched the page
2024-10-01T22:05:01.461477+0100 INFO 11820 Successfully fetched the page
2024-10-01T22:05:01.464749+0100 INFO 14816 uuid: 244f028c-316f-4518-a52e-16a28fcb77a0
2024-10-01T22:05:01.473349+0100 INFO 18424 uuid: 0394c8da-d127-471d-9f85-6921852909ae
2024-10-01T22:05:01.478616+0100 INFO 284 uuid: 1bdba6f8-4e0e-471d-acfc-f2177e25c39d
2024-10-01T22:05:01.484064+0100 INFO 14816 title: It's Only the Himalayas
2024-10-01T22:05:01.486201+0100 INFO 11820 uuid: bf4ddddd-e37e-444b-b70b-2797e72450c1
2024-10-01T22:05:01.487201+0100 INFO 18424 title: Sophie's World
2024-10-01T22:05:01.487201+0100 INFO 284 title: Don't Be a Jerk: And Other Practical Advice from Dogen, Japan's Greatest Zen Master
2024-10-01T22:05:01.487201+0100 INFO 14816 price: 45.17
2024-10-01T22:05:01.487201+0100 INFO 11820 title: The Book of Basketball: The NBA According to The Sports Guy
2024-10-01T22:05:01.487201+0100 INFO 18424 price: 15.94
2024-10-01T22:05:01.487201+0100 INFO 284 price: 37.97
2024-10-01T22:05:01.487201+0100 INFO 14816 availability: 19 
2024-10-01T22:05:01.487201+0100 INFO 11820 price: 44.84
2024-10-01T22:05:01.488201+0100 INFO 18424 availability: 18 
2024-10-01T22:05:01.488201+0100 INFO 284 availability: 16 
2024-10-01T22:05:01.488201+0100 INFO 14816 rating: 2
2024-10-01T22:05:01.488201+0100 INFO 11820 availability: 3 
2024-10-01T22:05:01.488201+0100 INFO 18424 rating: 5
2024-10-01T22:05:01.488201+0100 INFO 284 rating: 2
2024-10-01T22:05:01.488201+0100 INFO 14816 category: Travel
2024-10-01T22:05:01.488201+0100 INFO 11820 rating: 5
2024-10-01T22:05:01.488201+0100 INFO 18424 category: Philosophy
2024-10-01T22:05:01.488201+0100 INFO 284 category: Religion
2024-10-01T22:05:01.488201+0100 INFO 14816 category name: Add a comment
2024-10-01T22:05:01.488201+0100 INFO 11820 category: Sports and Games
2024-10-01T22:05:01.489202+0100 INFO 18424 category name: Fantasy
2024-10-01T22:05:01.489202+0100 INFO 284 category name: New Adult
2024-10-01T22:05:01.489202+0100 INFO 11820 category name: Young Adult
2024-10-01T22:05:01.672923+0100 INFO 3376 Successfully fetched the page
2024-10-01T22:05:01.681701+0100 INFO 3376 uuid: bde7594d-a5a0-47c5-9b9c-8ed5d428ceba
2024-10-01T22:05:01.681701+0100 INFO 3376 title: Scott Pilgrim's Precious Little Life (Scott Pilgrim #1)
2024-10-01T22:05:01.681701+0100 INFO 3376 price: 52.29
2024-10-01T22:05:01.681701+0100 INFO 3376 availability: 19 
2024-10-01T22:05:01.681701+0100 INFO 3376 rating: 5
2024-10-01T22:05:01.681701+0100 INFO 3376 category: Sequential Art
2024-10-01T22:05:01.681701+0100 INFO 3376 category name: Science
2024-10-01T22:05:01.788987+0100 INFO 7384 Successfully fetched the page
2024-10-01T22:05:01.791988+0100 INFO 7384 uuid: b8219a06-7566-471c-b1ef-9c360d9720fc
2024-10-01T22:05:01.791988+0100 INFO 7384 title: Tipping the Velvet
2024-10-01T22:05:01.791988+0100 INFO 7384 price: 53.74
2024-10-01T22:05:01.791988+0100 INFO 7384 availability: 20 
2024-10-01T22:05:01.791988+0100 INFO 7384 rating: 1
2024-10-01T22:05:01.791988+0100 INFO 7384 category: Historical Fiction
2024-10-01T22:05:01.792988+0100 INFO 7384 category name: Poetry
2024-10-01T22:05:01.826501+0100 INFO 9356 Successfully fetched the page
2024-10-01T22:05:01.832529+0100 INFO 9356 uuid: 88baa037-be49-4db4-ad10-58dd46f61348
2024-10-01T22:05:01.832529+0100 INFO 9356 title: Rip it Up and Start Again
2024-10-01T22:05:01.832529+0100 INFO 9356 price: 35.02
2024-10-01T22:05:01.832529+0100 INFO 9356 availability: 19 
2024-10-01T22:05:01.832529+0100 INFO 9356 rating: 5
2024-10-01T22:05:01.832529+0100 INFO 9356 category: Music
2024-10-01T22:05:01.832529+0100 INFO 9356 category name: Paranormal
2024-10-01T22:05:01.892614+0100 INFO 11624 Successfully fetched the page
2024-10-01T22:05:01.897518+0100 INFO 11624 uuid: 78c680fa-e512-4298-a7e1-58a07f274c9b
2024-10-01T22:05:01.897518+0100 INFO 11624 title: Mesaerion: The Best Science Fiction Stories 1800-1849
2024-10-01T22:05:01.897518+0100 INFO 11624 price: 37.59
2024-10-01T22:05:01.897518+0100 INFO 11624 availability: 19 
2024-10-01T22:05:01.897518+0100 INFO 11624 rating: 1
2024-10-01T22:05:01.897518+0100 INFO 11624 category: Science Fiction
2024-10-01T22:05:01.897518+0100 INFO 11624 category name: Art
2024-10-01T22:05:01.902559+0100 INFO 8468 Successfully fetched the page
2024-10-01T22:05:01.908638+0100 INFO 8468 uuid: 312c2303-8a4a-44ef-968a-7dc78e346a69
2024-10-01T22:05:01.908638+0100 INFO 17884 Successfully fetched the page
2024-10-01T22:05:01.908638+0100 INFO 8468 title: The Secret Garden
2024-10-01T22:05:01.909161+0100 INFO 8468 price: 15.08
2024-10-01T22:05:01.914539+0100 INFO 8468 availability: 5 
2024-10-01T22:05:01.914746+0100 INFO 17884 uuid: a4c31525-e91b-4ab3-b00e-9782ec856635
2024-10-01T22:05:01.915001+0100 INFO 8468 rating: 4
2024-10-01T22:05:01.915053+0100 INFO 16564 Successfully fetched the page
2024-10-01T22:05:01.915053+0100 INFO 17884 title: I Had a Nice Time And Other Lies...: How to find love & sh*t like that
2024-10-01T22:05:01.915053+0100 INFO 8468 category: Classics
2024-10-01T22:05:01.915053+0100 INFO 17884 price: 57.36
2024-10-01T22:05:01.920568+0100 INFO 16564 uuid: fa8e30c7-0748-4875-adeb-8912df5b6583
2024-10-01T22:05:01.920568+0100 INFO 8468 category name: Psychology
2024-10-01T22:05:01.920568+0100 INFO 15600 Successfully fetched the page
2024-10-01T22:05:01.920568+0100 INFO 17884 availability: 15 
2024-10-01T22:05:01.920568+0100 INFO 12124 Successfully fetched the page
2024-10-01T22:05:01.920568+0100 INFO 16564 title: The Coming Woman: A Novel Based on the Life of the Infamous Feminist, Victoria Woodhull
2024-10-01T22:05:01.925504+0100 INFO 15600 uuid: b62130c6-7b3d-4a13-87ae-291ea7fa3cad
2024-10-01T22:05:01.925504+0100 INFO 17884 rating: 4
2024-10-01T22:05:01.925504+0100 INFO 4412 Successfully fetched the page
2024-10-01T22:05:01.926599+0100 INFO 16564 price: 17.93
2024-10-01T22:05:01.930566+0100 INFO 12124 uuid: 77349bf5-114d-48b2-96a6-04ad8a41e8d8
2024-10-01T22:05:01.930566+0100 INFO 15600 title: Sharp Objects
2024-10-01T22:05:01.931586+0100 INFO 17884 category: Womens Fiction
2024-10-01T22:05:01.931586+0100 INFO 16564 availability: 19 
2024-10-01T22:05:01.936623+0100 INFO 12124 title: Birdsong: A Story in Pictures
2024-10-01T22:05:01.936623+0100 INFO 4412 uuid: b9f18f5c-0d9c-4a50-a69d-6d52936e274f
2024-10-01T22:05:01.936623+0100 INFO 15600 price: 47.82
2024-10-01T22:05:01.937635+0100 INFO 17884 category name: Autobiography
2024-10-01T22:05:01.937635+0100 INFO 16564 rating: 3
2024-10-01T22:05:01.937635+0100 INFO 12124 price: 54.64
2024-10-01T22:05:01.937635+0100 INFO 4412 title: Worlds Elsewhere: Journeys Around Shakespeare’s Globe
2024-10-01T22:05:01.937635+0100 INFO 15600 availability: 20 
2024-10-01T22:05:01.937635+0100 INFO 16564 category: Default
2024-10-01T22:05:01.937635+0100 INFO 12124 availability: 19 
2024-10-01T22:05:01.938568+0100 INFO 4412 price: 40.30
2024-10-01T22:05:01.938568+0100 INFO 15600 rating: 4
2024-10-01T22:05:01.938568+0100 INFO 16564 category name: Parenting
2024-10-01T22:05:01.938568+0100 INFO 12124 rating: 3
2024-10-01T22:05:01.939558+0100 INFO 4412 availability: 18 
2024-10-01T22:05:01.939558+0100 INFO 15600 category: Mystery
2024-10-01T22:05:01.939558+0100 INFO 12124 category: Childrens
2024-10-01T22:05:01.939558+0100 INFO 4412 rating: 5
2024-10-01T22:05:01.939558+0100 INFO 15600 category name: Adult Fiction
2024-10-01T22:05:01.939558+0100 INFO 12124 category name: Humor
2024-10-01T22:05:01.940573+0100 INFO 4412 category: Nonfiction
2024-10-01T22:05:01.940573+0100 INFO 4412 category name: Horror
2024-10-01T22:05:01.970656+0100 INFO 284 Successfully fetched the page
2024-10-01T22:05:01.977641+0100 INFO 284 pages: 1
2024-10-01T22:05:01.977641+0100 INFO 18300 Successfully fetched the page
2024-10-01T22:05:01.977641+0100 INFO 284 current category page url: https://books.toscrape.com/catalogue/category/books/new-adult_20/index.html
2024-10-01T22:05:01.983516+0100 INFO 18300 uuid: 56af784a-007e-4de6-b152-9ba48a949022
2024-10-01T22:05:01.984234+0100 INFO 18300 title: Chase Me (Paris Nights #2)
2024-10-01T22:05:01.984346+0100 INFO 18300 price: 25.27
2024-10-01T22:05:01.984647+0100 INFO 18300 availability: 19 
2024-10-01T22:05:01.984647+0100 INFO 18300 rating: 5
2024-10-01T22:05:01.984647+0100 INFO 18300 category: Romance
2024-10-01T22:05:01.984647+0100 INFO 18300 category name: History
2024-10-01T22:05:02.068569+0100 INFO 13580 Successfully fetched the page
2024-10-01T22:05:02.071563+0100 INFO 13580 uuid: 66a1892d-9f13-443d-ae7d-80a82c93c7e0
2024-10-01T22:05:02.071563+0100 INFO 13580 title: Soumission
2024-10-01T22:05:02.071563+0100 INFO 13580 price: 50.10
2024-10-01T22:05:02.071563+0100 INFO 13580 availability: 20 
2024-10-01T22:05:02.072558+0100 INFO 13580 rating: 1
2024-10-01T22:05:02.072558+0100 INFO 13580 category: Fiction
2024-10-01T22:05:02.072558+0100 INFO 13580 category name: Food and Drink
2024-10-01T22:05:02.083845+0100 INFO 18424 Successfully fetched the page
2024-10-01T22:05:02.098535+0100 INFO 18424 num_pages is not None
2024-10-01T22:05:02.098535+0100 INFO 18424 pages: 3
2024-10-01T22:05:02.098535+0100 INFO 18424 current category page url: https://books.toscrape.com/catalogue/category/books/fantasy_19/index.html
2024-10-01T22:05:02.098535+0100 INFO 11820 Successfully fetched the page
2024-10-01T22:05:02.112660+0100 INFO 11820 num_pages is not None
2024-10-01T22:05:02.113660+0100 INFO 11820 pages: 3
2024-10-01T22:05:02.113660+0100 INFO 11820 current category page url: https://books.toscrape.com/catalogue/category/books/young-adult_21/index.html
2024-10-01T22:05:02.243837+0100 INFO 3376 Successfully fetched the page
2024-10-01T22:05:02.259461+0100 INFO 3376 pages: 1
2024-10-01T22:05:02.259461+0100 INFO 3376 current category page url: https://books.toscrape.com/catalogue/category/books/science_22/index.html
2024-10-01T22:05:02.259461+0100 INFO 9356 Successfully fetched the page
2024-10-01T22:05:02.259461+0100 INFO 9356 pages: 1
2024-10-01T22:05:02.259461+0100 INFO 9356 current category page url: https://books.toscrape.com/catalogue/category/books/paranormal_24/index.html
2024-10-01T22:05:02.321962+0100 INFO 11624 Successfully fetched the page
2024-10-01T22:05:02.340249+0100 INFO 11624 pages: 1
2024-10-01T22:05:02.340249+0100 INFO 11624 current category page url: https://books.toscrape.com/catalogue/category/books/art_25/index.html
2024-10-01T22:05:02.340249+0100 INFO 7384 Successfully fetched the page
2024-10-01T22:05:02.355510+0100 INFO 7384 pages: 1
2024-10-01T22:05:02.355510+0100 INFO 7384 current category page url: https://books.toscrape.com/catalogue/category/books/poetry_23/index.html
2024-10-01T22:05:02.371688+0100 INFO 8468 Successfully fetched the page
2024-10-01T22:05:02.373767+0100 INFO 8468 pages: 1
2024-10-01T22:05:02.373767+0100 INFO 8468 current category page url: https://books.toscrape.com/catalogue/category/books/psychology_26/index.html
2024-10-01T22:05:02.373767+0100 INFO 12124 Successfully fetched the page
2024-10-01T22:05:02.393313+0100 INFO 12124 pages: 1
2024-10-01T22:05:02.393313+0100 INFO 12124 current category page url: https://books.toscrape.com/catalogue/category/books/humor_30/index.html
2024-10-01T22:05:02.393313+0100 INFO 16564 Successfully fetched the page
2024-10-01T22:05:02.397988+0100 INFO 16564 pages: 1
2024-10-01T22:05:02.398988+0100 INFO 16564 current category page url: https://books.toscrape.com/catalogue/category/books/parenting_28/index.html
2024-10-01T22:05:02.398988+0100 INFO 15600 Successfully fetched the page
2024-10-01T22:05:02.398988+0100 INFO 14816 Successfully fetched the page
2024-10-01T22:05:02.399988+0100 INFO 17884 Successfully fetched the page
2024-10-01T22:05:02.403078+0100 INFO 15600 pages: 1
2024-10-01T22:05:02.418727+0100 INFO 17884 pages: 1
2024-10-01T22:05:02.418727+0100 INFO 14816 num_pages is not None
2024-10-01T22:05:02.418727+0100 INFO 15600 current category page url: https://books.toscrape.com/catalogue/category/books/adult-fiction_29/index.html
2024-10-01T22:05:02.418727+0100 INFO 17884 current category page url: https://books.toscrape.com/catalogue/category/books/autobiography_27/index.html
2024-10-01T22:05:02.418727+0100 INFO 284 Successfully fetched the page
2024-10-01T22:05:02.418727+0100 INFO 14816 pages: 4
2024-10-01T22:05:02.418727+0100 INFO 14816 current category page url: https://books.toscrape.com/catalogue/category/books/add-a-comment_18/index.html
2024-10-01T22:05:02.434352+0100 INFO 284 current book url: without-borders-wanderlove-1_956/index.html
2024-10-01T22:05:02.496853+0100 INFO 4412 Successfully fetched the page
2024-10-01T22:05:02.512731+0100 INFO 4412 pages: 1
2024-10-01T22:05:02.513730+0100 INFO 4412 current category page url: https://books.toscrape.com/catalogue/category/books/horror_31/index.html
2024-10-01T22:05:02.526909+0100 INFO 18300 Successfully fetched the page
2024-10-01T22:05:02.526909+0100 INFO 18300 pages: 1
2024-10-01T22:05:02.526909+0100 INFO 18300 current category page url: https://books.toscrape.com/catalogue/category/books/history_32/index.html
2024-10-01T22:05:02.605858+0100 INFO 13580 Successfully fetched the page
2024-10-01T22:05:02.621484+0100 INFO 13580 num_pages is not None
2024-10-01T22:05:02.621484+0100 INFO 13580 pages: 2
2024-10-01T22:05:02.621484+0100 INFO 13580 current category page url: https://books.toscrape.com/catalogue/category/books/food-and-drink_33/index.html
2024-10-01T22:05:02.659875+0100 INFO 11820 Successfully fetched the page
2024-10-01T22:05:02.664831+0100 INFO 11820 current book url: the-requiem-red_995/index.html
2024-10-01T22:05:02.664831+0100 INFO 18424 Successfully fetched the page
2024-10-01T22:05:02.755372+0100 INFO 18424 current book url: unicorn-tracks_951/index.html
2024-10-01T22:05:02.755372+0100 INFO 9356 Successfully fetched the page
2024-10-01T22:05:02.770997+0100 INFO 9356 current book url: vampire-knight-vol-1-vampire-knight-1_93/index.html
2024-10-01T22:05:02.812345+0100 INFO 3376 Successfully fetched the page
2024-10-01T22:05:02.812345+0100 INFO 3376 current book url: the-most-perfect-thing-inside-and-outside-a-birds-egg_938/index.html
2024-10-01T22:05:02.986013+0100 INFO 17884 Successfully fetched the page
2024-10-01T22:05:02.986013+0100 INFO 17884 current book url: the-argonauts_837/index.html
2024-10-01T22:05:02.986013+0100 INFO 12124 Successfully fetched the page
2024-10-01T22:05:02.986013+0100 INFO 15600 Successfully fetched the page
2024-10-01T22:05:03.001638+0100 INFO 15600 current book url: fifty-shades-freed-fifty-shades-3_156/index.html
2024-10-01T22:05:03.001638+0100 INFO 12124 current book url: the-long-haul-diary-of-a-wimpy-kid-9_757/index.html
2024-10-01T22:05:03.001638+0100 INFO 284 Successfully fetched the page
2024-10-01T22:05:03.017263+0100 INFO 284 uuid: db2888e1-784d-4b57-86de-7914dd94ba4b
2024-10-01T22:05:03.017263+0100 INFO 284 title: Without Borders (Wanderlove #1)
2024-10-01T22:05:03.017263+0100 INFO 284 price: 45.07
2024-10-01T22:05:03.017263+0100 INFO 284 availability: 16 
2024-10-01T22:05:03.017263+0100 INFO 284 rating: 2
2024-10-01T22:05:03.017263+0100 INFO 284 category: New Adult
2024-10-01T22:05:03.017263+0100 INFO 284 category name: Christian Fiction
2024-10-01T22:05:03.064138+0100 INFO 8468 Successfully fetched the page
2024-10-01T22:05:03.079763+0100 INFO 8468 current book url: the-lucifer-effect-understanding-how-good-people-turn-evil_758/index.html
2024-10-01T22:05:03.095388+0100 INFO 16564 Successfully fetched the page
2024-10-01T22:05:03.095388+0100 INFO 16564 current book url: catastrophic-happiness-finding-joy-in-childhoods-messy-years_138/index.html
2024-10-01T22:05:03.095388+0100 INFO 14816 Successfully fetched the page
2024-10-01T22:05:03.112113+0100 INFO 14816 current book url: the-torch-is-passed-a-harding-family-story_945/index.html
2024-10-01T22:05:03.142752+0100 INFO 11624 Successfully fetched the page
2024-10-01T22:05:03.158376+0100 INFO 11624 current book url: wall-and-piece_971/index.html
2024-10-01T22:05:03.206606+0100 INFO 4412 Successfully fetched the page
2024-10-01T22:05:03.206606+0100 INFO 4412 current book url: security_925/index.html
2024-10-01T22:05:03.222255+0100 INFO 18424 Successfully fetched the page
2024-10-01T22:05:03.222255+0100 INFO 18424 uuid: b6c74fb2-d520-4a2e-aaa0-ebe0db2c4cf1
2024-10-01T22:05:03.222255+0100 INFO 11820 Successfully fetched the page
2024-10-01T22:05:03.222255+0100 INFO 18300 Successfully fetched the page
2024-10-01T22:05:03.222255+0100 INFO 18424 title: Unicorn Tracks
2024-10-01T22:05:03.237881+0100 INFO 11820 uuid: eddc73e5-eae5-48f4-aac4-31e467ff06da
2024-10-01T22:05:03.237881+0100 INFO 18300 current book url: sapiens-a-brief-history-of-humankind_996/index.html
2024-10-01T22:05:03.237881+0100 INFO 9356 Successfully fetched the page
2024-10-01T22:05:03.237881+0100 INFO 18424 price: 18.78
2024-10-01T22:05:03.237881+0100 INFO 11820 title: The Requiem Red
2024-10-01T22:05:03.237881+0100 INFO 18424 availability: 16 
2024-10-01T22:05:03.253505+0100 INFO 9356 uuid: a2aee7b7-8ab2-4acd-b540-5f634e69e8ef
2024-10-01T22:05:03.253505+0100 INFO 11820 price: 22.65
2024-10-01T22:05:03.253505+0100 INFO 18424 rating: 3
2024-10-01T22:05:03.253505+0100 INFO 9356 title: Vampire Knight, Vol. 1 (Vampire Knight #1)
2024-10-01T22:05:03.253505+0100 INFO 11820 availability: 19 
2024-10-01T22:05:03.253505+0100 INFO 18424 category: Fantasy
2024-10-01T22:05:03.253505+0100 INFO 9356 price: 15.40
2024-10-01T22:05:03.253505+0100 INFO 11820 rating: 1
2024-10-01T22:05:03.253505+0100 INFO 18424 category name: Business
2024-10-01T22:05:03.253505+0100 INFO 9356 availability: 1 
2024-10-01T22:05:03.253505+0100 INFO 11820 category: Young Adult
2024-10-01T22:05:03.253505+0100 INFO 9356 rating: 1
2024-10-01T22:05:03.253505+0100 INFO 11820 category name: Biography
2024-10-01T22:05:03.253505+0100 INFO 9356 category: Paranormal
2024-10-01T22:05:03.253505+0100 INFO 9356 category name: Thriller
2024-10-01T22:05:03.253505+0100 INFO 3376 Successfully fetched the page
2024-10-01T22:05:03.253505+0100 INFO 3376 uuid: 6b853ac4-2634-4fcc-93cc-f7d42a0f98c4
2024-10-01T22:05:03.253505+0100 INFO 3376 title: The Most Perfect Thing: Inside (and Outside) a Bird's Egg
2024-10-01T22:05:03.253505+0100 INFO 3376 price: 42.96
2024-10-01T22:05:03.253505+0100 INFO 3376 availability: 16 
2024-10-01T22:05:03.253505+0100 INFO 3376 rating: 4
2024-10-01T22:05:03.253505+0100 INFO 3376 category: Science
2024-10-01T22:05:03.253505+0100 INFO 3376 category name: Contemporary
2024-10-01T22:05:03.269130+0100 INFO 13580 Successfully fetched the page
2024-10-01T22:05:03.284755+0100 INFO 13580 current book url: foolproof-preserving-a-guide-to-small-batch-jams-jellies-pickles-condiments-and-more-a-foolproof-guide-to-making-small-batch-jams-jellies-pickles-condiments-and-more_978/index.html
2024-10-01T22:05:03.316005+0100 INFO 7384 Successfully fetched the page
2024-10-01T22:05:03.316005+0100 INFO 7384 current book url: a-light-in-the-attic_1000/index.html
2024-10-01T22:05:03.485079+0100 INFO 17884 Successfully fetched the page
2024-10-01T22:05:03.485079+0100 INFO 17884 uuid: cbd462e7-5457-430b-8e15-cb94be8d71d8
2024-10-01T22:05:03.500704+0100 INFO 12124 Successfully fetched the page
2024-10-01T22:05:03.500704+0100 INFO 17884 title: The Argonauts
2024-10-01T22:05:03.500704+0100 INFO 17884 price: 10.93
2024-10-01T22:05:03.500704+0100 INFO 12124 uuid: 436270fa-1a9d-4e73-a377-138235b23261
2024-10-01T22:05:03.500704+0100 INFO 17884 availability: 15 
2024-10-01T22:05:03.500704+0100 INFO 12124 title: The Long Haul (Diary of a Wimpy Kid #9)
2024-10-01T22:05:03.500704+0100 INFO 17884 rating: 2
2024-10-01T22:05:03.500704+0100 INFO 12124 price: 44.07
2024-10-01T22:05:03.500704+0100 INFO 17884 category: Autobiography
2024-10-01T22:05:03.500704+0100 INFO 12124 availability: 14 
2024-10-01T22:05:03.500704+0100 INFO 17884 category name: Spirituality
2024-10-01T22:05:03.500704+0100 INFO 12124 rating: 1
2024-10-01T22:05:03.500704+0100 INFO 12124 category: Humor
2024-10-01T22:05:03.500704+0100 INFO 12124 category name: Academic
2024-10-01T22:05:03.516328+0100 INFO 15600 Successfully fetched the page
2024-10-01T22:05:03.516328+0100 INFO 15600 uuid: 0bb7804f-0601-4117-8d3a-9666b9294bd2
2024-10-01T22:05:03.516328+0100 INFO 15600 title: Fifty Shades Freed (Fifty Shades #3)
2024-10-01T22:05:03.516328+0100 INFO 15600 price: 15.36
2024-10-01T22:05:03.516328+0100 INFO 15600 availability: 3 
2024-10-01T22:05:03.516328+0100 INFO 15600 rating: 5
2024-10-01T22:05:03.516328+0100 INFO 284 Successfully fetched the page
2024-10-01T22:05:03.516328+0100 INFO 15600 category: Adult Fiction
2024-10-01T22:05:03.516328+0100 INFO 15600 category name: Self Help
2024-10-01T22:05:03.531953+0100 INFO 284 pages: 1
2024-10-01T22:05:03.531953+0100 INFO 284 current category page url: https://books.toscrape.com/catalogue/category/books/christian-fiction_34/index.html
2024-10-01T22:05:03.563204+0100 INFO 8468 Successfully fetched the page
2024-10-01T22:05:03.563204+0100 INFO 8468 uuid: 3db00103-fbcc-4d22-a0c2-97ea6508a4b5
2024-10-01T22:05:03.563204+0100 INFO 8468 title: The Lucifer Effect: Understanding How Good People Turn Evil
2024-10-01T22:05:03.563204+0100 INFO 8468 price: 10.40
2024-10-01T22:05:03.563204+0100 INFO 8468 availability: 14 
2024-10-01T22:05:03.563204+0100 INFO 8468 rating: 1
2024-10-01T22:05:03.563204+0100 INFO 8468 category: Psychology
2024-10-01T22:05:03.563204+0100 INFO 8468 category name: Historical
2024-10-01T22:05:03.657789+0100 INFO 16564 Successfully fetched the page
2024-10-01T22:05:03.662794+0100 INFO 16564 uuid: 90b7da0d-69ed-4417-8405-96608a19f3dd
2024-10-01T22:05:03.662794+0100 INFO 16564 title: Catastrophic Happiness: Finding Joy in Childhood's Messy Years
2024-10-01T22:05:03.662794+0100 INFO 16564 price: 37.35
2024-10-01T22:05:03.662794+0100 INFO 16564 availability: 3 
2024-10-01T22:05:03.662794+0100 INFO 16564 rating: 2
2024-10-01T22:05:03.662794+0100 INFO 16564 category: Parenting
2024-10-01T22:05:03.662794+0100 INFO 16564 category name: Christian
2024-10-01T22:05:03.665802+0100 INFO 14816 Successfully fetched the page
2024-10-01T22:05:03.665802+0100 INFO 14816 uuid: d90010f0-db0d-4778-9c35-b58c863b7cd5
2024-10-01T22:05:03.665802+0100 INFO 14816 title: The Torch Is Passed: A Harding Family Story
2024-10-01T22:05:03.665802+0100 INFO 14816 price: 19.09
2024-10-01T22:05:03.665802+0100 INFO 14816 availability: 16 
2024-10-01T22:05:03.665802+0100 INFO 14816 rating: 1
2024-10-01T22:05:03.665802+0100 INFO 14816 category: Add a comment
2024-10-01T22:05:03.665802+0100 INFO 14816 category name: Suspense
2024-10-01T22:05:03.665802+0100 INFO 11624 Successfully fetched the page
2024-10-01T22:05:03.681449+0100 INFO 11624 uuid: 94f41a29-599f-4a02-882a-129be95f8fca
2024-10-01T22:05:03.681449+0100 INFO 11624 title: Wall and Piece
2024-10-01T22:05:03.681449+0100 INFO 11624 price: 44.18
2024-10-01T22:05:03.681449+0100 INFO 11624 availability: 18 
2024-10-01T22:05:03.681449+0100 INFO 11624 rating: 4
2024-10-01T22:05:03.681449+0100 INFO 11624 category: Art
2024-10-01T22:05:03.681449+0100 INFO 11624 category name: Short Stories
2024-10-01T22:05:03.697072+0100 INFO 7384 Successfully fetched the page
2024-10-01T22:05:03.697072+0100 INFO 7384 uuid: 979a481f-6a45-465b-853a-070c2935548f
2024-10-01T22:05:03.697072+0100 INFO 7384 title: A Light in the Attic
2024-10-01T22:05:03.697072+0100 INFO 7384 price: 51.77
2024-10-01T22:05:03.697072+0100 INFO 7384 availability: 22 
2024-10-01T22:05:03.697072+0100 INFO 7384 rating: 3
2024-10-01T22:05:03.697072+0100 INFO 7384 category: Poetry
2024-10-01T22:05:03.697072+0100 INFO 7384 category name: Novels
2024-10-01T22:05:03.769104+0100 INFO 4412 Successfully fetched the page
2024-10-01T22:05:03.769104+0100 INFO 4412 uuid: a335b5f8-67f4-4703-be7f-9d52921abfb9
2024-10-01T22:05:03.769104+0100 INFO 4412 title: Security
2024-10-01T22:05:03.784731+0100 INFO 4412 price: 39.25
2024-10-01T22:05:03.784731+0100 INFO 4412 availability: 16 
2024-10-01T22:05:03.784731+0100 INFO 18300 Successfully fetched the page
2024-10-01T22:05:03.784731+0100 INFO 4412 rating: 2
2024-10-01T22:05:03.784731+0100 INFO 4412 category: Horror
2024-10-01T22:05:03.784731+0100 INFO 18300 uuid: 4f4bfebb-91f3-468e-b463-8ff1c581bd54
2024-10-01T22:05:03.784731+0100 INFO 4412 category name: Health
2024-10-01T22:05:03.784731+0100 INFO 18300 title: Sapiens: A Brief History of Humankind
2024-10-01T22:05:03.784731+0100 INFO 18300 price: 54.23
2024-10-01T22:05:03.784731+0100 INFO 18300 availability: 20 
2024-10-01T22:05:03.784731+0100 INFO 18300 rating: 5
2024-10-01T22:05:03.784731+0100 INFO 18300 category: History
2024-10-01T22:05:03.784731+0100 INFO 18300 category name: Politics
2024-10-01T22:05:03.784731+0100 INFO 13580 Successfully fetched the page
2024-10-01T22:05:03.800355+0100 INFO 13580 uuid: 22b49147-4213-4f83-a7f3-0c96430afd42
2024-10-01T22:05:03.800355+0100 INFO 13580 title: Foolproof Preserving: A Guide to Small Batch Jams, Jellies, Pickles, Condiments, and More: A Foolproof Guide to Making Small Batch Jams, Jellies, Pickles, Condiments, and More
2024-10-01T22:05:03.800355+0100 INFO 13580 price: 30.52
2024-10-01T22:05:03.800355+0100 INFO 9356 Successfully fetched the page
2024-10-01T22:05:03.800355+0100 INFO 13580 availability: 19 
2024-10-01T22:05:03.800355+0100 INFO 3376 Successfully fetched the page
2024-10-01T22:05:03.800355+0100 INFO 11820 Successfully fetched the page
2024-10-01T22:05:03.800355+0100 INFO 13580 rating: 3
2024-10-01T22:05:03.800355+0100 INFO 9356 pages: 1
2024-10-01T22:05:03.815982+0100 INFO 13580 category: Food and Drink
2024-10-01T22:05:03.815982+0100 INFO 3376 pages: 1
2024-10-01T22:05:03.815982+0100 INFO 11820 pages: 1
2024-10-01T22:05:03.815982+0100 INFO 9356 current category page url: https://books.toscrape.com/catalogue/category/books/thriller_37/index.html
2024-10-01T22:05:03.815982+0100 INFO 13580 category name: Cultural
2024-10-01T22:05:03.815982+0100 INFO 3376 current category page url: https://books.toscrape.com/catalogue/category/books/contemporary_38/index.html
2024-10-01T22:05:03.815982+0100 INFO 11820 current category page url: https://books.toscrape.com/catalogue/category/books/biography_36/index.html
2024-10-01T22:05:03.908994+0100 INFO 18424 Successfully fetched the page
2024-10-01T22:05:03.915600+0100 INFO 18424 pages: 1
2024-10-01T22:05:03.915600+0100 INFO 18424 current category page url: https://books.toscrape.com/catalogue/category/books/business_35/index.html
2024-10-01T22:05:03.940481+0100 INFO 12124 Successfully fetched the page
2024-10-01T22:05:03.942480+0100 INFO 12124 pages: 1
2024-10-01T22:05:03.942480+0100 INFO 12124 current category page url: https://books.toscrape.com/catalogue/category/books/academic_40/index.html
2024-10-01T22:05:03.980048+0100 INFO 284 Successfully fetched the page
2024-10-01T22:05:03.988053+0100 INFO 284 current book url: redeeming-love_826/index.html
2024-10-01T22:05:03.988053+0100 INFO 15600 Successfully fetched the page
2024-10-01T22:05:03.991167+0100 INFO 15600 pages: 1
2024-10-01T22:05:03.991167+0100 INFO 15600 current category page url: https://books.toscrape.com/catalogue/category/books/self-help_41/index.html
2024-10-01T22:05:03.991167+0100 INFO 17884 Successfully fetched the page
2024-10-01T22:05:03.991167+0100 INFO 17884 pages: 1
2024-10-01T22:05:03.991167+0100 INFO 17884 current category page url: https://books.toscrape.com/catalogue/category/books/spirituality_39/index.html
2024-10-01T22:05:04.014592+0100 INFO 8468 Successfully fetched the page
2024-10-01T22:05:04.023954+0100 INFO 8468 pages: 1
2024-10-01T22:05:04.023954+0100 INFO 8468 current category page url: https://books.toscrape.com/catalogue/category/books/historical_42/index.html
2024-10-01T22:05:04.102731+0100 INFO 16564 Successfully fetched the page
2024-10-01T22:05:04.102731+0100 INFO 16564 pages: 1
2024-10-01T22:05:04.102731+0100 INFO 16564 current category page url: https://books.toscrape.com/catalogue/category/books/christian_43/index.html
2024-10-01T22:05:04.102731+0100 INFO 14816 Successfully fetched the page
2024-10-01T22:05:04.225801+0100 INFO 14816 pages: 1
2024-10-01T22:05:04.225801+0100 INFO 14816 current category page url: https://books.toscrape.com/catalogue/category/books/suspense_44/index.html
2024-10-01T22:05:04.225801+0100 INFO 11624 Successfully fetched the page
2024-10-01T22:05:04.225801+0100 INFO 7384 Successfully fetched the page
2024-10-01T22:05:04.225801+0100 INFO 18300 Successfully fetched the page
2024-10-01T22:05:04.225801+0100 INFO 4412 Successfully fetched the page
2024-10-01T22:05:04.225801+0100 INFO 11624 pages: 1
2024-10-01T22:05:04.225801+0100 INFO 7384 pages: 1
2024-10-01T22:05:04.241425+0100 INFO 18300 pages: 1
2024-10-01T22:05:04.241425+0100 INFO 4412 pages: 1
2024-10-01T22:05:04.241425+0100 INFO 11624 current category page url: https://books.toscrape.com/catalogue/category/books/short-stories_45/index.html
2024-10-01T22:05:04.241425+0100 INFO 7384 current category page url: https://books.toscrape.com/catalogue/category/books/novels_46/index.html
2024-10-01T22:05:04.241425+0100 INFO 18300 current category page url: https://books.toscrape.com/catalogue/category/books/politics_48/index.html
2024-10-01T22:05:04.241425+0100 INFO 4412 current category page url: https://books.toscrape.com/catalogue/category/books/health_47/index.html
2024-10-01T22:05:04.241425+0100 INFO 13580 Successfully fetched the page
2024-10-01T22:05:04.257050+0100 INFO 13580 pages: 1
2024-10-01T22:05:04.257050+0100 INFO 13580 current category page url: https://books.toscrape.com/catalogue/category/books/cultural_49/index.html
2024-10-01T22:05:04.257050+0100 INFO 3376 Successfully fetched the page
2024-10-01T22:05:04.272679+0100 INFO 3376 current book url: when-we-collided_955/index.html
2024-10-01T22:05:04.272679+0100 INFO 9356 Successfully fetched the page
2024-10-01T22:05:04.272679+0100 INFO 9356 current book url: in-her-wake_980/index.html
2024-10-01T22:05:04.272679+0100 INFO 11820 Successfully fetched the page
2024-10-01T22:05:04.288303+0100 INFO 11820 current book url: louisa-the-extraordinary-life-of-mrs-adams_818/index.html
2024-10-01T22:05:04.421767+0100 INFO 12124 Successfully fetched the page
2024-10-01T22:05:04.421767+0100 INFO 12124 current book url: logan-kade-fallen-crest-high-55_384/index.html
2024-10-01T22:05:04.439180+0100 INFO 284 Successfully fetched the page
2024-10-01T22:05:04.444849+0100 INFO 284 uuid: 02c6617c-bca3-47bd-bb5e-35c9939b97d0
2024-10-01T22:05:04.444849+0100 INFO 284 title: Redeeming Love
2024-10-01T22:05:04.444849+0100 INFO 284 price: 20.47
2024-10-01T22:05:04.444849+0100 INFO 17884 Successfully fetched the page
2024-10-01T22:05:04.444849+0100 INFO 284 availability: 15 
2024-10-01T22:05:04.444849+0100 INFO 284 rating: 5
2024-10-01T22:05:04.449560+0100 INFO 17884 current book url: the-four-agreements-a-practical-guide-to-personal-freedom_970/index.html
2024-10-01T22:05:04.449560+0100 INFO 284 category: Christian Fiction
2024-10-01T22:05:04.449560+0100 INFO 284 category name: Erotica
2024-10-01T22:05:04.475579+0100 INFO 18424 Successfully fetched the page
2024-10-01T22:05:04.485050+0100 INFO 18424 current book url: the-dirty-little-secrets-of-getting-your-dream-job_994/index.html
2024-10-01T22:05:04.555782+0100 INFO 8468 Successfully fetched the page
2024-10-01T22:05:04.560673+0100 INFO 8468 current book url: all-the-light-we-cannot-see_660/index.html
2024-10-01T22:05:04.560673+0100 INFO 15600 Successfully fetched the page
2024-10-01T22:05:04.560673+0100 INFO 15600 current book url: online-marketing-for-busy-authors-a-step-by-step-guide_913/index.html
2024-10-01T22:05:04.777734+0100 INFO 14816 Successfully fetched the page
2024-10-01T22:05:04.777734+0100 INFO 7384 Successfully fetched the page
2024-10-01T22:05:04.777734+0100 INFO 14816 current book url: silence-in-the-dark-logan-point-4_542/index.html
2024-10-01T22:05:04.777734+0100 INFO 16564 Successfully fetched the page
2024-10-01T22:05:04.777734+0100 INFO 7384 current book url: suzie-snowflake-one-beautiful-flake-a-self-esteem-story_568/index.html
2024-10-01T22:05:04.793358+0100 INFO 16564 current book url: unqualified-how-god-uses-broken-people-to-do-big-things_873/index.html
2024-10-01T22:05:04.793358+0100 INFO 13580 Successfully fetched the page
2024-10-01T22:05:04.793358+0100 INFO 4412 Successfully fetched the page
2024-10-01T22:05:04.793358+0100 INFO 13580 current book url: amid-the-chaos_788/index.html
2024-10-01T22:05:04.793358+0100 INFO 11624 Successfully fetched the page
2024-10-01T22:05:04.809261+0100 INFO 4412 current book url: the-bulletproof-diet-lose-up-to-a-pound-a-day-reclaim-energy-and-focus-upgrade-your-life_931/index.html
2024-10-01T22:05:04.813742+0100 INFO 11624 current book url: the-grownup_546/index.html
2024-10-01T22:05:04.895633+0100 INFO 3376 Successfully fetched the page
2024-10-01T22:05:04.912400+0100 INFO 3376 uuid: 807010bb-9dd7-42e9-9fb6-b7a030375158
2024-10-01T22:05:04.912400+0100 INFO 18300 Successfully fetched the page
2024-10-01T22:05:04.912400+0100 INFO 3376 title: When We Collided
2024-10-01T22:05:04.912400+0100 INFO 11820 Successfully fetched the page
2024-10-01T22:05:04.912400+0100 INFO 9356 Successfully fetched the page
2024-10-01T22:05:04.913399+0100 INFO 3376 price: 31.77
2024-10-01T22:05:04.918867+0100 INFO 18300 current book url: libertarianism-for-beginners_982/index.html
2024-10-01T22:05:04.923899+0100 INFO 11820 uuid: 266d1fa4-3c39-4a5c-a65c-a91f373faea4
2024-10-01T22:05:04.930082+0100 INFO 9356 uuid: 3b33a480-8b48-4b5c-9ab7-cbbed17defe5
2024-10-01T22:05:04.930082+0100 INFO 3376 availability: 16 
2024-10-01T22:05:04.930082+0100 INFO 11820 title: Louisa: The Extraordinary Life of Mrs. Adams
2024-10-01T22:05:04.931082+0100 INFO 9356 title: In Her Wake
2024-10-01T22:05:04.931584+0100 INFO 3376 rating: 1
2024-10-01T22:05:04.931584+0100 INFO 11820 price: 16.85
2024-10-01T22:05:04.931584+0100 INFO 9356 price: 12.84
2024-10-01T22:05:04.931584+0100 INFO 3376 category: Contemporary
2024-10-01T22:05:04.931584+0100 INFO 11820 availability: 15 
2024-10-01T22:05:04.931584+0100 INFO 9356 availability: 19 
2024-10-01T22:05:04.931584+0100 INFO 3376 category name: Crime
2024-10-01T22:05:04.931584+0100 INFO 11820 rating: 2
2024-10-01T22:05:04.931584+0100 INFO 9356 rating: 1
2024-10-01T22:05:04.932600+0100 INFO 11820 category: Biography
2024-10-01T22:05:04.932600+0100 INFO 9356 category: Thriller
2024-10-01T22:05:05.013494+0100 INFO 17884 Successfully fetched the page
2024-10-01T22:05:05.018478+0100 INFO 17884 uuid: 380993d3-e433-4d55-8783-ba21b952c1d9
2024-10-01T22:05:05.018478+0100 INFO 17884 title: The Four Agreements: A Practical Guide to Personal Freedom
2024-10-01T22:05:05.018478+0100 INFO 17884 price: 17.66
2024-10-01T22:05:05.018478+0100 INFO 17884 availability: 18 
2024-10-01T22:05:05.019059+0100 INFO 17884 rating: 5
2024-10-01T22:05:05.019124+0100 INFO 17884 category: Spirituality
2024-10-01T22:05:05.019412+0100 INFO 12124 Successfully fetched the page
2024-10-01T22:05:05.028071+0100 INFO 12124 uuid: 2621d2cf-0072-4d60-a0e8-e4cda7f52088
2024-10-01T22:05:05.028542+0100 INFO 12124 title: Logan Kade (Fallen Crest High #5.5)
2024-10-01T22:05:05.028542+0100 INFO 12124 price: 13.12
2024-10-01T22:05:05.028542+0100 INFO 12124 availability: 5 
2024-10-01T22:05:05.028542+0100 INFO 12124 rating: 2
2024-10-01T22:05:05.029085+0100 INFO 284 Successfully fetched the page
2024-10-01T22:05:05.029085+0100 INFO 12124 category: Academic
2024-10-01T22:05:05.036731+0100 INFO 284 pages: 1
2024-10-01T22:05:05.036731+0100 INFO 284 current category page url: https://books.toscrape.com/catalogue/category/books/erotica_50/index.html
2024-10-01T22:05:05.044566+0100 INFO 18424 Successfully fetched the page
2024-10-01T22:05:05.049629+0100 INFO 18424 uuid: 6aba3ba0-ed7b-4d88-b344-21b697ba2fb4
2024-10-01T22:05:05.049629+0100 INFO 18424 title: The Dirty Little Secrets of Getting Your Dream Job
2024-10-01T22:05:05.050166+0100 INFO 18424 price: 33.34
2024-10-01T22:05:05.050629+0100 INFO 15600 Successfully fetched the page
2024-10-01T22:05:05.050629+0100 INFO 18424 availability: 19 
2024-10-01T22:05:05.050629+0100 INFO 18424 rating: 4
2024-10-01T22:05:05.056521+0100 INFO 18424 category: Business
2024-10-01T22:05:05.057614+0100 INFO 15600 uuid: 0243c7a3-1d9d-4ea0-b86c-c0847c07c289
2024-10-01T22:05:05.057614+0100 INFO 15600 title: Online Marketing for Busy Authors: A Step-By-Step Guide
2024-10-01T22:05:05.057614+0100 INFO 15600 price: 46.35
2024-10-01T22:05:05.057614+0100 INFO 15600 availability: 16 
2024-10-01T22:05:05.058514+0100 INFO 15600 rating: 1
2024-10-01T22:05:05.058514+0100 INFO 15600 category: Self Help
2024-10-01T22:05:05.246489+0100 INFO 16564 Successfully fetched the page
2024-10-01T22:05:05.251465+0100 INFO 16564 uuid: 9458922e-12c2-4e6a-b683-b5cf8bbf89b7
2024-10-01T22:05:05.252473+0100 INFO 16564 title: (Un)Qualified: How God Uses Broken People to Do Big Things
2024-10-01T22:05:05.252473+0100 INFO 16564 price: 54.00
2024-10-01T22:05:05.252473+0100 INFO 16564 availability: 16 
2024-10-01T22:05:05.252473+0100 INFO 16564 rating: 5
2024-10-01T22:05:05.252473+0100 INFO 16564 category: Christian
2024-10-01T22:05:05.259473+0100 INFO 13580 Successfully fetched the page
2024-10-01T22:05:05.264462+0100 INFO 13580 uuid: 8ce4d7cb-8cdd-4d58-ab25-99666c390ef1
2024-10-01T22:05:05.265504+0100 INFO 13580 title: Amid the Chaos
2024-10-01T22:05:05.265587+0100 INFO 13580 price: 36.58
2024-10-01T22:05:05.265587+0100 INFO 4412 Successfully fetched the page
2024-10-01T22:05:05.265587+0100 INFO 13580 availability: 15 
2024-10-01T22:05:05.265587+0100 INFO 11624 Successfully fetched the page
2024-10-01T22:05:05.265587+0100 INFO 13580 rating: 1
2024-10-01T22:05:05.270529+0100 INFO 4412 uuid: e6f60207-fba8-4ed4-a045-ad01067e092e
2024-10-01T22:05:05.270529+0100 INFO 7384 Successfully fetched the page
2024-10-01T22:05:05.276520+0100 INFO 11624 uuid: d5032e8b-46b4-4438-aadd-af87cc1761d2
2024-10-01T22:05:05.276520+0100 INFO 13580 category: Cultural
2024-10-01T22:05:05.276520+0100 INFO 14816 Successfully fetched the page
2024-10-01T22:05:05.276520+0100 INFO 8468 Successfully fetched the page
2024-10-01T22:05:05.276520+0100 INFO 4412 title: The Bulletproof Diet: Lose up to a Pound a Day, Reclaim Energy and Focus, Upgrade Your Life
2024-10-01T22:05:05.277520+0100 INFO 11624 title: The Grownup
2024-10-01T22:05:05.283530+0100 INFO 7384 uuid: a79d7122-4f3a-45df-b6b1-ac73cedaad05
2024-10-01T22:05:05.288516+0100 INFO 14816 uuid: 313a45ac-12e2-4002-9cec-1b83f42ebab9
2024-10-01T22:05:05.288516+0100 INFO 4412 price: 49.05
2024-10-01T22:05:05.293512+0100 INFO 8468 uuid: eb4f205f-785a-4c1e-a7a8-7e8cab3f5a70
2024-10-01T22:05:05.293512+0100 INFO 11624 price: 35.88
2024-10-01T22:05:05.293512+0100 INFO 7384 title: Suzie Snowflake: One beautiful flake (a self-esteem story)
2024-10-01T22:05:05.293512+0100 INFO 14816 title: Silence in the Dark (Logan Point #4)
2024-10-01T22:05:05.293512+0100 INFO 4412 availability: 16 
2024-10-01T22:05:05.293512+0100 INFO 8468 title: All the Light We Cannot See
2024-10-01T22:05:05.293512+0100 INFO 11624 availability: 8 
2024-10-01T22:05:05.293512+0100 INFO 7384 price: 54.81
2024-10-01T22:05:05.293512+0100 INFO 14816 price: 58.33
2024-10-01T22:05:05.294546+0100 INFO 4412 rating: 3
2024-10-01T22:05:05.294546+0100 INFO 8468 price: 29.87
2024-10-01T22:05:05.294546+0100 INFO 11624 rating: 1
2024-10-01T22:05:05.294546+0100 INFO 7384 availability: 9 
2024-10-01T22:05:05.294546+0100 INFO 14816 availability: 8 
2024-10-01T22:05:05.294546+0100 INFO 4412 category: Health
2024-10-01T22:05:05.294546+0100 INFO 8468 availability: 14 
2024-10-01T22:05:05.294546+0100 INFO 11624 category: Short Stories
2024-10-01T22:05:05.294546+0100 INFO 7384 rating: 5
2024-10-01T22:05:05.294546+0100 INFO 14816 rating: 3
2024-10-01T22:05:05.295590+0100 INFO 8468 rating: 5
2024-10-01T22:05:05.295590+0100 INFO 7384 category: Novels
2024-10-01T22:05:05.295590+0100 INFO 14816 category: Suspense
2024-10-01T22:05:05.295590+0100 INFO 8468 category: Historical
2024-10-01T22:05:05.377310+0100 INFO 18300 Successfully fetched the page
2024-10-01T22:05:05.380205+0100 INFO 18300 uuid: bcdb291e-ecab-4968-9be9-456f55672868
2024-10-01T22:05:05.380205+0100 INFO 18300 title: Libertarianism for Beginners
2024-10-01T22:05:05.380205+0100 INFO 18300 price: 51.33
2024-10-01T22:05:05.380205+0100 INFO 18300 availability: 19 
2024-10-01T22:05:05.380205+0100 INFO 3376 Successfully fetched the page
2024-10-01T22:05:05.380205+0100 INFO 18300 rating: 2
2024-10-01T22:05:05.380205+0100 INFO 18300 category: Politics
2024-10-01T22:05:05.380205+0100 INFO 3376 pages: 1
2024-10-01T22:05:05.380205+0100 INFO 3376 current category page url: https://books.toscrape.com/catalogue/category/books/crime_51/index.html
2024-10-01T22:05:05.470649+0100 INFO 284 Successfully fetched the page
2024-10-01T22:05:05.470649+0100 INFO 284 current book url: dark-notes_800/index.html
2024-10-01T22:05:05.810792+0100 INFO 3376 Successfully fetched the page
2024-10-01T22:05:05.810792+0100 INFO 3376 current book url: the-long-shadow-of-small-ghosts-murder-and-memory-in-an-american-city_848/index.html
2024-10-01T22:05:05.900452+0100 INFO 284 Successfully fetched the page
2024-10-01T22:05:05.916079+0100 INFO 284 uuid: f51ab92f-6321-415b-9bf9-47289c63ed9d
2024-10-01T22:05:05.916079+0100 INFO 284 title: Dark Notes
2024-10-01T22:05:05.916079+0100 INFO 284 price: 19.19
2024-10-01T22:05:05.916079+0100 INFO 284 availability: 15 
2024-10-01T22:05:05.916079+0100 INFO 284 rating: 5
2024-10-01T22:05:05.916079+0100 INFO 284 category: Erotica
2024-10-01T22:05:06.255797+0100 INFO 3376 Successfully fetched the page
2024-10-01T22:05:06.271074+0100 INFO 3376 uuid: e73e848b-d0cb-4b65-ab26-5471a782a78b
2024-10-01T22:05:06.271074+0100 INFO 3376 title: The Long Shadow of Small Ghosts: Murder and Memory in an American City
2024-10-01T22:05:06.271074+0100 INFO 3376 price: 10.97
2024-10-01T22:05:06.271074+0100 INFO 3376 availability: 15 
2024-10-01T22:05:06.271074+0100 INFO 3376 rating: 1
2024-10-01T22:05:06.271074+0100 INFO 3376 category: Crime
2024-10-01T22:05:06.271074+0100 ERROR 10792 Error scraping books: 'NoneType' object has no attribute 'update'
2024-10-01T22:05:06.271074+0100 ERROR 10792 An unexpected error occurred: 'NoneType' object has no attribute 'update'
