2024-10-01T21:39:44.930348+0100 INFO 5680 Ensured data directory exists at C:\Users\qqeer\Desktop\code\scraping books\scraping_books\data
2024-10-01T21:39:44.930348+0100 INFO 5680 Created database engine for C:\Users\qqeer\Desktop\code\scraping books\scraping_books\data\scraping_books.db
2024-10-01T21:39:44.961598+0100 INFO 5680 Database schema initialized successfully.
2024-10-01T21:39:44.961598+0100 INFO 5680 Tables in the database: ['TestTable', 'books']
2024-10-01T21:39:44.961598+0100 INFO 5680 All required tables have been created successfully.
2024-10-01T21:39:45.530463+0100 INFO 5680 Successfully fetched the page
2024-10-01T21:39:45.546088+0100 INFO 5680 Created the soup.
2024-10-01T21:39:45.546088+0100 INFO 3308 category name: Travel
2024-10-01T21:39:45.546088+0100 INFO 9040 category name: Mystery
2024-10-01T21:39:45.546088+0100 INFO 17576 category name: Historical Fiction
2024-10-01T21:39:45.546088+0100 INFO 2476 category name: Sequential Art
2024-10-01T21:39:45.546088+0100 INFO 11568 category name: Classics
2024-10-01T21:39:45.546088+0100 INFO 4200 category name: Philosophy
2024-10-01T21:39:45.546088+0100 INFO 9476 category name: Romance
2024-10-01T21:39:45.546088+0100 INFO 10504 category name: Womens Fiction
2024-10-01T21:39:45.546088+0100 INFO 312 category name: Fiction
2024-10-01T21:39:45.546088+0100 INFO 8576 category name: Childrens
2024-10-01T21:39:45.546088+0100 INFO 2488 category name: Religion
2024-10-01T21:39:45.546088+0100 INFO 13848 category name: Nonfiction
2024-10-01T21:39:45.561714+0100 INFO 12368 category name: Music
2024-10-01T21:39:45.561714+0100 INFO 7048 category name: Default
2024-10-01T21:39:45.561714+0100 INFO 8716 category name: Science Fiction
2024-10-01T21:39:45.561714+0100 DEBUG 5680 max workers: 16
2024-10-01T21:39:45.561714+0100 INFO 8980 category name: Sports and Games
2024-10-01T21:39:46.004435+0100 INFO 3308 Successfully fetched the page
2024-10-01T21:39:46.014288+0100 INFO 3308 pages: 1
2024-10-01T21:39:46.015287+0100 INFO 3308 current category page url: https://books.toscrape.com/catalogue/category/books/travel_2/index.html
2024-10-01T21:39:46.018261+0100 INFO 2488 Successfully fetched the page
2024-10-01T21:39:46.021544+0100 INFO 2488 pages: 1
2024-10-01T21:39:46.021544+0100 INFO 2488 current category page url: https://books.toscrape.com/catalogue/category/books/religion_12/index.html
2024-10-01T21:39:46.027193+0100 INFO 4200 Successfully fetched the page
2024-10-01T21:39:46.035524+0100 INFO 4200 pages: 1
2024-10-01T21:39:46.035524+0100 INFO 4200 current category page url: https://books.toscrape.com/catalogue/category/books/philosophy_7/index.html
2024-10-01T21:39:46.035524+0100 INFO 8980 Successfully fetched the page
2024-10-01T21:39:46.045076+0100 INFO 8980 pages: 1
2024-10-01T21:39:46.045076+0100 INFO 8980 current category page url: https://books.toscrape.com/catalogue/category/books/sports-and-games_17/index.html
2024-10-01T21:39:46.104109+0100 INFO 11568 Successfully fetched the page
2024-10-01T21:39:46.132918+0100 INFO 17576 Successfully fetched the page
2024-10-01T21:39:46.138377+0100 INFO 9040 Successfully fetched the page
2024-10-01T21:39:46.138377+0100 INFO 10504 Successfully fetched the page
2024-10-01T21:39:46.141376+0100 INFO 11568 pages: 1
2024-10-01T21:39:46.141376+0100 INFO 2476 Successfully fetched the page
2024-10-01T21:39:46.166102+0100 INFO 312 Successfully fetched the page
2024-10-01T21:39:46.170100+0100 INFO 17576 num_pages is not None
2024-10-01T21:39:46.170100+0100 INFO 12368 Successfully fetched the page
2024-10-01T21:39:46.170100+0100 INFO 9476 Successfully fetched the page
2024-10-01T21:39:46.171101+0100 INFO 9040 num_pages is not None
2024-10-01T21:39:46.171101+0100 INFO 8716 Successfully fetched the page
2024-10-01T21:39:46.171101+0100 INFO 7048 Successfully fetched the page
2024-10-01T21:39:46.182970+0100 INFO 10504 pages: 1
2024-10-01T21:39:46.183972+0100 INFO 11568 current category page url: https://books.toscrape.com/catalogue/category/books/classics_6/index.html
2024-10-01T21:39:46.183972+0100 INFO 8576 Successfully fetched the page
2024-10-01T21:39:46.183972+0100 INFO 13848 Successfully fetched the page
2024-10-01T21:39:46.197858+0100 INFO 2476 num_pages is not None
2024-10-01T21:39:46.207559+0100 INFO 17576 pages: 2
2024-10-01T21:39:46.211770+0100 INFO 312 num_pages is not None
2024-10-01T21:39:46.235509+0100 INFO 12368 pages: 1
2024-10-01T21:39:46.235509+0100 INFO 9040 pages: 2
2024-10-01T21:39:46.236508+0100 INFO 9476 num_pages is not None
2024-10-01T21:39:46.243791+0100 INFO 8716 pages: 1
2024-10-01T21:39:46.243791+0100 INFO 10504 current category page url: https://books.toscrape.com/catalogue/category/books/womens-fiction_9/index.html
2024-10-01T21:39:46.257716+0100 INFO 7048 num_pages is not None
2024-10-01T21:39:46.277174+0100 INFO 8576 num_pages is not None
2024-10-01T21:39:46.291085+0100 INFO 13848 num_pages is not None
2024-10-01T21:39:46.291085+0100 INFO 2476 pages: 4
2024-10-01T21:39:46.291085+0100 INFO 17576 current category page url: https://books.toscrape.com/catalogue/category/books/historical-fiction_4/index.html
2024-10-01T21:39:46.291085+0100 INFO 312 pages: 4
2024-10-01T21:39:46.291085+0100 INFO 12368 current category page url: https://books.toscrape.com/catalogue/category/books/music_14/index.html
2024-10-01T21:39:46.291085+0100 INFO 9040 current category page url: https://books.toscrape.com/catalogue/category/books/mystery_3/index.html
2024-10-01T21:39:46.291085+0100 INFO 9476 pages: 2
2024-10-01T21:39:46.292088+0100 INFO 8716 current category page url: https://books.toscrape.com/catalogue/category/books/science-fiction_16/index.html
2024-10-01T21:39:46.292088+0100 INFO 7048 pages: 8
2024-10-01T21:39:46.292088+0100 INFO 8576 pages: 2
2024-10-01T21:39:46.292088+0100 INFO 13848 pages: 6
2024-10-01T21:39:46.292088+0100 INFO 2476 current category page url: https://books.toscrape.com/catalogue/category/books/sequential-art_5/index.html
2024-10-01T21:39:46.293087+0100 INFO 312 current category page url: https://books.toscrape.com/catalogue/category/books/fiction_10/index.html
2024-10-01T21:39:46.293087+0100 INFO 9476 current category page url: https://books.toscrape.com/catalogue/category/books/romance_8/index.html
2024-10-01T21:39:46.294085+0100 INFO 7048 current category page url: https://books.toscrape.com/catalogue/category/books/default_15/index.html
2024-10-01T21:39:46.294085+0100 INFO 8576 current category page url: https://books.toscrape.com/catalogue/category/books/childrens_11/index.html
2024-10-01T21:39:46.295086+0100 INFO 13848 current category page url: https://books.toscrape.com/catalogue/category/books/nonfiction_13/index.html
2024-10-01T21:39:46.465082+0100 INFO 3308 Successfully fetched the page
2024-10-01T21:39:46.477653+0100 INFO 3308 current book url: its-only-the-himalayas_981/index.html
2024-10-01T21:39:46.492906+0100 INFO 8980 Successfully fetched the page
2024-10-01T21:39:46.503408+0100 INFO 8980 current book url: the-book-of-basketball-the-nba-according-to-the-sports-guy_232/index.html
2024-10-01T21:39:46.507679+0100 INFO 4200 Successfully fetched the page
2024-10-01T21:39:46.519350+0100 INFO 4200 current book url: sophies-world_966/index.html
2024-10-01T21:39:46.520350+0100 INFO 2488 Successfully fetched the page
2024-10-01T21:39:46.528239+0100 INFO 2488 current book url: dont-be-a-jerk-and-other-practical-advice-from-dogen-japans-greatest-zen-master_890/index.html
2024-10-01T21:39:46.828441+0100 INFO 11568 Successfully fetched the page
2024-10-01T21:39:46.833461+0100 INFO 11568 current book url: the-secret-garden_413/index.html
2024-10-01T21:39:46.833461+0100 INFO 12368 Successfully fetched the page
2024-10-01T21:39:46.833461+0100 INFO 10504 Successfully fetched the page
2024-10-01T21:39:46.849110+0100 INFO 10504 current book url: i-had-a-nice-time-and-other-lies-how-to-find-love-sht-like-that_814/index.html
2024-10-01T21:39:46.849110+0100 INFO 12368 current book url: rip-it-up-and-start-again_986/index.html
2024-10-01T21:39:46.864734+0100 INFO 312 Successfully fetched the page
2024-10-01T21:39:46.864734+0100 INFO 312 current book url: soumission_998/index.html
2024-10-01T21:39:46.864734+0100 INFO 8716 Successfully fetched the page
2024-10-01T21:39:46.880359+0100 INFO 7048 Successfully fetched the page
2024-10-01T21:39:46.880359+0100 INFO 8716 current book url: mesaerion-the-best-science-fiction-stories-1800-1849_983/index.html
2024-10-01T21:39:46.895988+0100 INFO 7048 current book url: the-coming-woman-a-novel-based-on-the-life-of-the-infamous-feminist-victoria-woodhull_993/index.html
2024-10-01T21:39:46.895988+0100 INFO 2476 Successfully fetched the page
2024-10-01T21:39:46.895988+0100 INFO 17576 Successfully fetched the page
2024-10-01T21:39:46.895988+0100 INFO 9040 Successfully fetched the page
2024-10-01T21:39:46.895988+0100 INFO 8576 Successfully fetched the page
2024-10-01T21:39:46.895988+0100 INFO 9476 Successfully fetched the page
2024-10-01T21:39:46.895988+0100 INFO 13848 Successfully fetched the page
2024-10-01T21:39:46.911610+0100 INFO 2476 current book url: scott-pilgrims-precious-little-life-scott-pilgrim-1_987/index.html
2024-10-01T21:39:46.927238+0100 INFO 17576 current book url: tipping-the-velvet_999/index.html
2024-10-01T21:39:46.927238+0100 INFO 3308 Successfully fetched the page
2024-10-01T21:39:46.942862+0100 INFO 9040 current book url: sharp-objects_997/index.html
2024-10-01T21:39:46.995669+0100 INFO 8980 Successfully fetched the page
2024-10-01T21:39:47.011662+0100 INFO 8576 current book url: birdsong-a-story-in-pictures_975/index.html
2024-10-01T21:39:47.012603+0100 INFO 9476 current book url: chase-me-paris-nights-2_977/index.html
2024-10-01T21:39:47.012603+0100 INFO 2488 Successfully fetched the page
2024-10-01T21:39:47.013097+0100 INFO 4200 Successfully fetched the page
2024-10-01T21:39:47.027694+0100 INFO 13848 current book url: worlds-elsewhere-journeys-around-shakespeares-globe_972/index.html
2024-10-01T21:39:47.034224+0100 INFO 3308 uuid: 50714d43-d290-4843-9c9b-1509798bc95f
2024-10-01T21:39:47.039612+0100 INFO 8980 uuid: 4ba98070-335a-4d29-8b06-35e71d1a5467
2024-10-01T21:39:47.045619+0100 INFO 2488 uuid: 190f6393-b7c2-4f2b-a8e5-f05dc907f843
2024-10-01T21:39:47.051599+0100 INFO 4200 uuid: d71c10a0-fcf2-4d84-b14e-9b8f83ab7666
2024-10-01T21:39:47.051599+0100 INFO 3308 title: It's Only the Himalayas
2024-10-01T21:39:47.051599+0100 INFO 8980 title: The Book of Basketball: The NBA According to The Sports Guy
2024-10-01T21:39:47.051599+0100 INFO 2488 title: Don't Be a Jerk: And Other Practical Advice from Dogen, Japan's Greatest Zen Master
2024-10-01T21:39:47.051599+0100 INFO 4200 title: Sophie's World
2024-10-01T21:39:47.052688+0100 INFO 3308 price: 45.17
2024-10-01T21:39:47.052688+0100 INFO 8980 price: 44.84
2024-10-01T21:39:47.052688+0100 INFO 2488 price: 37.97
2024-10-01T21:39:47.052688+0100 INFO 4200 price: 15.94
2024-10-01T21:39:47.052688+0100 INFO 3308 availability: 19 
2024-10-01T21:39:47.052688+0100 INFO 8980 availability: 3 
2024-10-01T21:39:47.052688+0100 INFO 2488 availability: 16 
2024-10-01T21:39:47.052688+0100 INFO 4200 availability: 18 
2024-10-01T21:39:47.052688+0100 INFO 3308 rating: 2
2024-10-01T21:39:47.053618+0100 INFO 8980 rating: 5
2024-10-01T21:39:47.053618+0100 INFO 2488 rating: 2
2024-10-01T21:39:47.053618+0100 INFO 4200 rating: 5
2024-10-01T21:39:47.053618+0100 INFO 3308 category: Travel
2024-10-01T21:39:47.053618+0100 INFO 8980 category: Sports and Games
2024-10-01T21:39:47.053618+0100 INFO 2488 category: Religion
2024-10-01T21:39:47.053618+0100 INFO 4200 category: Philosophy
2024-10-01T21:39:47.053618+0100 INFO 4200 category name: Young Adult
2024-10-01T21:39:47.053618+0100 INFO 8980 category name: Fantasy
2024-10-01T21:39:47.053618+0100 INFO 2488 category name: New Adult
2024-10-01T21:39:47.053618+0100 INFO 3308 category name: Add a comment
2024-10-01T21:39:47.325948+0100 INFO 11568 Successfully fetched the page
2024-10-01T21:39:47.331668+0100 INFO 11568 uuid: 643a517c-e8fe-4553-a2b6-0acab2120750
2024-10-01T21:39:47.331668+0100 INFO 11568 title: The Secret Garden
2024-10-01T21:39:47.331668+0100 INFO 11568 price: 15.08
2024-10-01T21:39:47.331668+0100 INFO 11568 availability: 5 
2024-10-01T21:39:47.331668+0100 INFO 11568 rating: 4
2024-10-01T21:39:47.331668+0100 INFO 11568 category: Classics
2024-10-01T21:39:47.331668+0100 INFO 11568 category name: Science
2024-10-01T21:39:47.342198+0100 INFO 12368 Successfully fetched the page
2024-10-01T21:39:47.346772+0100 INFO 12368 uuid: 3a7b33d8-f3ee-43b6-acf2-908b5ca5ce8b
2024-10-01T21:39:47.346772+0100 INFO 12368 title: Rip it Up and Start Again
2024-10-01T21:39:47.347774+0100 INFO 12368 price: 35.02
2024-10-01T21:39:47.347774+0100 INFO 12368 availability: 19 
2024-10-01T21:39:47.347774+0100 INFO 12368 rating: 5
2024-10-01T21:39:47.347774+0100 INFO 12368 category: Music
2024-10-01T21:39:47.347774+0100 INFO 12368 category name: Poetry
2024-10-01T21:39:47.355468+0100 INFO 10504 Successfully fetched the page
2024-10-01T21:39:47.360355+0100 INFO 10504 uuid: c1c19499-c27d-452f-88e6-9a580a7786d7
2024-10-01T21:39:47.360355+0100 INFO 10504 title: I Had a Nice Time And Other Lies...: How to find love & sh*t like that
2024-10-01T21:39:47.360355+0100 INFO 10504 price: 57.36
2024-10-01T21:39:47.360355+0100 INFO 10504 availability: 15 
2024-10-01T21:39:47.360355+0100 INFO 10504 rating: 4
2024-10-01T21:39:47.360355+0100 INFO 10504 category: Womens Fiction
2024-10-01T21:39:47.360355+0100 INFO 10504 category name: Paranormal
2024-10-01T21:39:47.390992+0100 INFO 8716 Successfully fetched the page
2024-10-01T21:39:47.406617+0100 INFO 8716 uuid: 4899dfca-cb47-4d9f-a8ef-23aedf09971f
2024-10-01T21:39:47.406617+0100 INFO 8716 title: Mesaerion: The Best Science Fiction Stories 1800-1849
2024-10-01T21:39:47.406617+0100 INFO 312 Successfully fetched the page
2024-10-01T21:39:47.406617+0100 INFO 8716 price: 37.59
2024-10-01T21:39:47.406617+0100 INFO 8716 availability: 19 
2024-10-01T21:39:47.406617+0100 INFO 312 uuid: b1871443-d89a-466b-a376-ee03bf68862d
2024-10-01T21:39:47.406617+0100 INFO 8716 rating: 1
2024-10-01T21:39:47.406617+0100 INFO 312 title: Soumission
2024-10-01T21:39:47.406617+0100 INFO 8716 category: Science Fiction
2024-10-01T21:39:47.406617+0100 INFO 312 price: 50.10
2024-10-01T21:39:47.406617+0100 INFO 8716 category name: Art
2024-10-01T21:39:47.406617+0100 INFO 312 availability: 20 
2024-10-01T21:39:47.406617+0100 INFO 312 rating: 1
2024-10-01T21:39:47.406617+0100 INFO 312 category: Fiction
2024-10-01T21:39:47.406617+0100 INFO 312 category name: Psychology
2024-10-01T21:39:47.406617+0100 INFO 7048 Successfully fetched the page
2024-10-01T21:39:47.422243+0100 INFO 7048 uuid: c8da2518-b9b7-433a-893a-6fc059d326b3
2024-10-01T21:39:47.422243+0100 INFO 7048 title: The Coming Woman: A Novel Based on the Life of the Infamous Feminist, Victoria Woodhull
2024-10-01T21:39:47.422243+0100 INFO 7048 price: 17.93
2024-10-01T21:39:47.422243+0100 INFO 7048 availability: 19 
2024-10-01T21:39:47.422243+0100 INFO 7048 rating: 3
2024-10-01T21:39:47.422243+0100 INFO 7048 category: Default
2024-10-01T21:39:47.422243+0100 INFO 7048 category name: Autobiography
2024-10-01T21:39:47.437867+0100 INFO 2476 Successfully fetched the page
2024-10-01T21:39:47.437867+0100 INFO 2476 uuid: 4419a7b2-46aa-4085-ab2c-98d3f5a335ec
2024-10-01T21:39:47.437867+0100 INFO 2476 title: Scott Pilgrim's Precious Little Life (Scott Pilgrim #1)
2024-10-01T21:39:47.437867+0100 INFO 2476 price: 52.29
2024-10-01T21:39:47.437867+0100 INFO 2476 availability: 19 
2024-10-01T21:39:47.437867+0100 INFO 2476 rating: 5
2024-10-01T21:39:47.437867+0100 INFO 2476 category: Sequential Art
2024-10-01T21:39:47.453492+0100 INFO 2476 category name: Parenting
2024-10-01T21:39:47.469118+0100 INFO 17576 Successfully fetched the page
2024-10-01T21:39:47.484742+0100 INFO 17576 uuid: e3a7d848-8aed-4a6e-b6df-cc05b64acbf9
2024-10-01T21:39:47.484742+0100 INFO 17576 title: Tipping the Velvet
2024-10-01T21:39:47.484742+0100 INFO 17576 price: 53.74
2024-10-01T21:39:47.484742+0100 INFO 17576 availability: 20 
2024-10-01T21:39:47.484742+0100 INFO 17576 rating: 1
2024-10-01T21:39:47.484742+0100 INFO 17576 category: Historical Fiction
2024-10-01T21:39:47.484742+0100 INFO 17576 category name: Adult Fiction
2024-10-01T21:39:47.500367+0100 INFO 9040 Successfully fetched the page
2024-10-01T21:39:47.500367+0100 INFO 9040 uuid: bc35c838-3d8d-41b3-a0d3-1e2c4fd78f28
2024-10-01T21:39:47.500367+0100 INFO 9040 title: Sharp Objects
2024-10-01T21:39:47.500367+0100 INFO 9040 price: 47.82
2024-10-01T21:39:47.500367+0100 INFO 9040 availability: 20 
2024-10-01T21:39:47.500367+0100 INFO 9040 rating: 4
2024-10-01T21:39:47.500367+0100 INFO 9040 category: Mystery
2024-10-01T21:39:47.500367+0100 INFO 9040 category name: Humor
2024-10-01T21:39:47.515992+0100 INFO 8576 Successfully fetched the page
2024-10-01T21:39:47.515992+0100 INFO 8576 uuid: edd4bf31-f903-48ca-8a76-bd0e05e92405
2024-10-01T21:39:47.515992+0100 INFO 8576 title: Birdsong: A Story in Pictures
2024-10-01T21:39:47.515992+0100 INFO 8576 price: 54.64
2024-10-01T21:39:47.515992+0100 INFO 8576 availability: 19 
2024-10-01T21:39:47.515992+0100 INFO 8576 rating: 3
2024-10-01T21:39:47.515992+0100 INFO 13848 Successfully fetched the page
2024-10-01T21:39:47.515992+0100 INFO 8576 category: Childrens
2024-10-01T21:39:47.515992+0100 INFO 9476 Successfully fetched the page
2024-10-01T21:39:47.515992+0100 INFO 13848 uuid: 406bfc9c-fd55-4b82-8cdc-adc09ab7f43f
2024-10-01T21:39:47.515992+0100 INFO 8576 category name: Horror
2024-10-01T21:39:47.515992+0100 INFO 13848 title: Worlds Elsewhere: Journeys Around Shakespeare’s Globe
2024-10-01T21:39:47.531617+0100 INFO 13848 price: 40.30
2024-10-01T21:39:47.531617+0100 INFO 9476 uuid: 2cbf74b2-d74c-4c8d-be58-1fe3a142af25
2024-10-01T21:39:47.531617+0100 INFO 13848 availability: 18 
2024-10-01T21:39:47.531617+0100 INFO 2488 Successfully fetched the page
2024-10-01T21:39:47.531617+0100 INFO 9476 title: Chase Me (Paris Nights #2)
2024-10-01T21:39:47.531617+0100 INFO 13848 rating: 5
2024-10-01T21:39:47.531617+0100 INFO 9476 price: 25.27
2024-10-01T21:39:47.531617+0100 INFO 2488 pages: 1
2024-10-01T21:39:47.531617+0100 INFO 13848 category: Nonfiction
2024-10-01T21:39:47.531617+0100 INFO 9476 availability: 19 
2024-10-01T21:39:47.531617+0100 INFO 2488 current category page url: https://books.toscrape.com/catalogue/category/books/new-adult_20/index.html
2024-10-01T21:39:47.531617+0100 INFO 13848 category name: History
2024-10-01T21:39:47.531617+0100 INFO 9476 rating: 5
2024-10-01T21:39:47.531617+0100 INFO 9476 category: Romance
2024-10-01T21:39:47.531617+0100 INFO 9476 category name: Food and Drink
2024-10-01T21:39:47.625367+0100 INFO 4200 Successfully fetched the page
2024-10-01T21:39:47.640992+0100 INFO 4200 num_pages is not None
2024-10-01T21:39:47.640992+0100 INFO 4200 pages: 3
2024-10-01T21:39:47.640992+0100 INFO 4200 current category page url: https://books.toscrape.com/catalogue/category/books/young-adult_21/index.html
2024-10-01T21:39:47.640992+0100 INFO 8980 Successfully fetched the page
2024-10-01T21:39:47.640992+0100 INFO 3308 Successfully fetched the page
2024-10-01T21:39:47.656617+0100 INFO 8980 num_pages is not None
2024-10-01T21:39:47.656617+0100 INFO 8980 pages: 3
2024-10-01T21:39:47.656617+0100 INFO 8980 current category page url: https://books.toscrape.com/catalogue/category/books/fantasy_19/index.html
2024-10-01T21:39:47.656617+0100 INFO 3308 num_pages is not None
2024-10-01T21:39:47.656617+0100 INFO 3308 pages: 4
2024-10-01T21:39:47.656617+0100 INFO 3308 current category page url: https://books.toscrape.com/catalogue/category/books/add-a-comment_18/index.html
2024-10-01T21:39:47.932824+0100 INFO 11568 Successfully fetched the page
2024-10-01T21:39:47.943749+0100 INFO 11568 pages: 1
2024-10-01T21:39:47.943749+0100 INFO 11568 current category page url: https://books.toscrape.com/catalogue/category/books/science_22/index.html
2024-10-01T21:39:47.943749+0100 INFO 12368 Successfully fetched the page
2024-10-01T21:39:47.943749+0100 INFO 10504 Successfully fetched the page
2024-10-01T21:39:47.943749+0100 INFO 7048 Successfully fetched the page
2024-10-01T21:39:47.943749+0100 INFO 312 Successfully fetched the page
2024-10-01T21:39:47.943749+0100 INFO 12368 pages: 1
2024-10-01T21:39:47.962678+0100 INFO 10504 pages: 1
2024-10-01T21:39:47.971533+0100 INFO 7048 pages: 1
2024-10-01T21:39:47.971533+0100 INFO 17576 Successfully fetched the page
2024-10-01T21:39:47.971533+0100 INFO 12368 current category page url: https://books.toscrape.com/catalogue/category/books/poetry_23/index.html
2024-10-01T21:39:47.978468+0100 INFO 312 pages: 1
2024-10-01T21:39:47.978468+0100 INFO 10504 current category page url: https://books.toscrape.com/catalogue/category/books/paranormal_24/index.html
2024-10-01T21:39:47.978468+0100 INFO 8716 Successfully fetched the page
2024-10-01T21:39:47.978468+0100 INFO 9040 Successfully fetched the page
2024-10-01T21:39:47.978468+0100 INFO 7048 current category page url: https://books.toscrape.com/catalogue/category/books/autobiography_27/index.html
2024-10-01T21:39:47.978468+0100 INFO 17576 pages: 1
2024-10-01T21:39:47.978468+0100 INFO 312 current category page url: https://books.toscrape.com/catalogue/category/books/psychology_26/index.html
2024-10-01T21:39:47.994591+0100 INFO 8716 pages: 1
2024-10-01T21:39:47.994591+0100 INFO 9040 pages: 1
2024-10-01T21:39:47.994591+0100 INFO 17576 current category page url: https://books.toscrape.com/catalogue/category/books/adult-fiction_29/index.html
2024-10-01T21:39:47.994591+0100 INFO 8716 current category page url: https://books.toscrape.com/catalogue/category/books/art_25/index.html
2024-10-01T21:39:47.994591+0100 INFO 9040 current category page url: https://books.toscrape.com/catalogue/category/books/humor_30/index.html
2024-10-01T21:39:48.025228+0100 INFO 2488 Successfully fetched the page
2024-10-01T21:39:48.025228+0100 INFO 2488 current book url: without-borders-wanderlove-1_956/index.html
2024-10-01T21:39:48.130637+0100 INFO 13848 Successfully fetched the page
2024-10-01T21:39:48.130637+0100 INFO 13848 pages: 1
2024-10-01T21:39:48.130637+0100 INFO 13848 current category page url: https://books.toscrape.com/catalogue/category/books/history_32/index.html
2024-10-01T21:39:48.146262+0100 INFO 9476 Successfully fetched the page
2024-10-01T21:39:48.146262+0100 INFO 9476 num_pages is not None
2024-10-01T21:39:48.146262+0100 INFO 9476 pages: 2
2024-10-01T21:39:48.146262+0100 INFO 8576 Successfully fetched the page
2024-10-01T21:39:48.146262+0100 INFO 9476 current category page url: https://books.toscrape.com/catalogue/category/books/food-and-drink_33/index.html
2024-10-01T21:39:48.161887+0100 INFO 8576 pages: 1
2024-10-01T21:39:48.161887+0100 INFO 8576 current category page url: https://books.toscrape.com/catalogue/category/books/horror_31/index.html
2024-10-01T21:39:48.207648+0100 INFO 3308 Successfully fetched the page
2024-10-01T21:39:48.225620+0100 INFO 3308 current book url: the-torch-is-passed-a-harding-family-story_945/index.html
2024-10-01T21:39:48.228533+0100 INFO 8980 Successfully fetched the page
2024-10-01T21:39:48.312897+0100 INFO 8980 current book url: unicorn-tracks_951/index.html
2024-10-01T21:39:48.314091+0100 INFO 4200 Successfully fetched the page
2024-10-01T21:39:48.325740+0100 INFO 4200 current book url: the-requiem-red_995/index.html
2024-10-01T21:39:48.491144+0100 INFO 11568 Successfully fetched the page
2024-10-01T21:39:48.506769+0100 INFO 11568 current book url: the-most-perfect-thing-inside-and-outside-a-birds-egg_938/index.html
2024-10-01T21:39:48.522394+0100 INFO 2488 Successfully fetched the page
2024-10-01T21:39:48.522394+0100 INFO 17576 Successfully fetched the page
2024-10-01T21:39:48.522394+0100 INFO 2488 uuid: 05df7b9e-0c1b-4acb-9646-fb740d5162d3
2024-10-01T21:39:48.522394+0100 INFO 17576 current book url: fifty-shades-freed-fifty-shades-3_156/index.html
2024-10-01T21:39:48.522394+0100 INFO 8716 Successfully fetched the page
2024-10-01T21:39:48.522394+0100 INFO 2488 title: Without Borders (Wanderlove #1)
2024-10-01T21:39:48.522394+0100 INFO 10504 Successfully fetched the page
2024-10-01T21:39:48.522394+0100 INFO 312 Successfully fetched the page
2024-10-01T21:39:48.538019+0100 INFO 2488 price: 45.07
2024-10-01T21:39:48.538019+0100 INFO 8716 current book url: wall-and-piece_971/index.html
2024-10-01T21:39:48.538019+0100 INFO 7048 Successfully fetched the page
2024-10-01T21:39:48.538019+0100 INFO 12368 Successfully fetched the page
2024-10-01T21:39:48.538019+0100 INFO 10504 current book url: vampire-knight-vol-1-vampire-knight-1_93/index.html
2024-10-01T21:39:48.538019+0100 INFO 2488 availability: 16 
2024-10-01T21:39:48.553644+0100 INFO 312 current book url: the-lucifer-effect-understanding-how-good-people-turn-evil_758/index.html
2024-10-01T21:39:48.553644+0100 INFO 7048 current book url: the-argonauts_837/index.html
2024-10-01T21:39:48.569269+0100 INFO 12368 current book url: a-light-in-the-attic_1000/index.html
2024-10-01T21:39:48.569269+0100 INFO 9040 Successfully fetched the page
2024-10-01T21:39:48.569269+0100 INFO 2488 rating: 2
2024-10-01T21:39:48.584894+0100 INFO 2488 category: New Adult
2024-10-01T21:39:48.584894+0100 INFO 2488 category name: Christian Fiction
2024-10-01T21:39:48.584894+0100 INFO 9040 current book url: the-long-haul-diary-of-a-wimpy-kid-9_757/index.html
2024-10-01T21:39:48.663019+0100 INFO 3308 Successfully fetched the page
2024-10-01T21:39:48.663019+0100 INFO 3308 uuid: 7e36358b-b1bb-476d-825f-516b887ae393
2024-10-01T21:39:48.663019+0100 INFO 3308 title: The Torch Is Passed: A Harding Family Story
2024-10-01T21:39:48.663019+0100 INFO 3308 price: 19.09
2024-10-01T21:39:48.663019+0100 INFO 3308 availability: 16 
2024-10-01T21:39:48.663019+0100 INFO 3308 rating: 1
2024-10-01T21:39:48.663019+0100 INFO 3308 category: Add a comment
2024-10-01T21:39:48.663019+0100 INFO 3308 category name: Business
2024-10-01T21:39:48.741144+0100 INFO 9476 Successfully fetched the page
2024-10-01T21:39:48.756769+0100 INFO 9476 current book url: foolproof-preserving-a-guide-to-small-batch-jams-jellies-pickles-condiments-and-more-a-foolproof-guide-to-making-small-batch-jams-jellies-pickles-condiments-and-more_978/index.html
2024-10-01T21:39:48.756769+0100 INFO 8576 Successfully fetched the page
2024-10-01T21:39:48.756769+0100 INFO 13848 Successfully fetched the page
2024-10-01T21:39:48.756769+0100 INFO 8576 current book url: security_925/index.html
2024-10-01T21:39:48.772394+0100 INFO 4200 Successfully fetched the page
2024-10-01T21:39:48.772394+0100 INFO 8980 Successfully fetched the page
2024-10-01T21:39:48.772394+0100 INFO 13848 current book url: sapiens-a-brief-history-of-humankind_996/index.html
2024-10-01T21:39:48.788019+0100 INFO 4200 uuid: c7de3974-590d-4456-a3ae-0cdc4a49b994
2024-10-01T21:39:48.788019+0100 INFO 8980 uuid: b2b9e9fa-d260-4024-b992-a41254791e34
2024-10-01T21:39:48.788019+0100 INFO 4200 title: The Requiem Red
2024-10-01T21:39:48.788019+0100 INFO 8980 title: Unicorn Tracks
2024-10-01T21:39:48.788019+0100 INFO 4200 price: 22.65
2024-10-01T21:39:48.788019+0100 INFO 8980 price: 18.78
2024-10-01T21:39:48.788019+0100 INFO 4200 availability: 19 
2024-10-01T21:39:48.788019+0100 INFO 8980 availability: 16 
2024-10-01T21:39:48.788019+0100 INFO 4200 rating: 1
2024-10-01T21:39:48.788019+0100 INFO 8980 rating: 3
2024-10-01T21:39:48.788019+0100 INFO 4200 category: Young Adult
2024-10-01T21:39:48.788019+0100 INFO 8980 category: Fantasy
2024-10-01T21:39:48.788019+0100 INFO 4200 category name: Biography
2024-10-01T21:39:48.788019+0100 INFO 8980 category name: Thriller
2024-10-01T21:39:48.917052+0100 INFO 12368 Successfully fetched the page
2024-10-01T21:39:48.932701+0100 INFO 12368 uuid: 330680d3-1225-40e5-a97d-1065749f8dcf
2024-10-01T21:39:48.932701+0100 INFO 12368 title: A Light in the Attic
2024-10-01T21:39:48.932701+0100 INFO 12368 price: 51.77
2024-10-01T21:39:48.932701+0100 INFO 12368 availability: 22 
2024-10-01T21:39:48.932701+0100 INFO 12368 rating: 3
2024-10-01T21:39:48.932701+0100 INFO 12368 category: Poetry
2024-10-01T21:39:48.932701+0100 INFO 12368 category name: Contemporary
2024-10-01T21:39:48.979575+0100 INFO 17576 Successfully fetched the page
2024-10-01T21:39:48.979575+0100 INFO 17576 uuid: 9bc26a87-de42-443f-9cde-d018da08b154
2024-10-01T21:39:48.979575+0100 INFO 17576 title: Fifty Shades Freed (Fifty Shades #3)
2024-10-01T21:39:48.979575+0100 INFO 17576 price: 15.36
2024-10-01T21:39:48.979575+0100 INFO 17576 availability: 3 
2024-10-01T21:39:48.979575+0100 INFO 17576 rating: 5
2024-10-01T21:39:48.979575+0100 INFO 17576 category: Adult Fiction
2024-10-01T21:39:48.979575+0100 INFO 17576 category name: Spirituality
2024-10-01T21:39:48.995199+0100 INFO 2476 Successfully fetched the page
2024-10-01T21:39:48.995199+0100 INFO 2476 pages: 1
2024-10-01T21:39:48.995199+0100 INFO 2476 current category page url: https://books.toscrape.com/catalogue/category/books/parenting_28/index.html
2024-10-01T21:39:49.010824+0100 INFO 10504 Successfully fetched the page
2024-10-01T21:39:49.026450+0100 INFO 10504 uuid: c07739e7-8d8c-47ad-9e78-9689151147b1
2024-10-01T21:39:49.026450+0100 INFO 10504 title: Vampire Knight, Vol. 1 (Vampire Knight #1)
2024-10-01T21:39:49.026450+0100 INFO 10504 price: 15.40
2024-10-01T21:39:49.026450+0100 INFO 10504 availability: 1 
2024-10-01T21:39:49.026450+0100 INFO 10504 rating: 1
2024-10-01T21:39:49.026450+0100 INFO 10504 category: Paranormal
2024-10-01T21:39:49.026450+0100 INFO 10504 category name: Academic
2024-10-01T21:39:49.026450+0100 INFO 312 Successfully fetched the page
2024-10-01T21:39:49.026450+0100 INFO 312 uuid: 68dc98d2-876a-4823-911f-477048cfb287
2024-10-01T21:39:49.026450+0100 INFO 312 title: The Lucifer Effect: Understanding How Good People Turn Evil
2024-10-01T21:39:49.026450+0100 INFO 8716 Successfully fetched the page
2024-10-01T21:39:49.026450+0100 INFO 312 price: 10.40
2024-10-01T21:39:49.042078+0100 INFO 8716 uuid: c130e214-1fd0-4603-9d92-00e6ec4a6cb1
2024-10-01T21:39:49.042078+0100 INFO 7048 Successfully fetched the page
2024-10-01T21:39:49.042078+0100 INFO 312 availability: 14 
2024-10-01T21:39:49.042078+0100 INFO 2488 Successfully fetched the page
2024-10-01T21:39:49.042078+0100 INFO 8716 title: Wall and Piece
2024-10-01T21:39:49.042078+0100 INFO 7048 uuid: 55f8143b-a681-4302-b638-025f5c85e81c
2024-10-01T21:39:49.042078+0100 INFO 312 rating: 1
2024-10-01T21:39:49.042078+0100 INFO 2488 pages: 1
2024-10-01T21:39:49.042078+0100 INFO 8716 price: 44.18
2024-10-01T21:39:49.042078+0100 INFO 9040 Successfully fetched the page
2024-10-01T21:39:49.042078+0100 INFO 7048 title: The Argonauts
2024-10-01T21:39:49.042078+0100 INFO 312 category: Psychology
2024-10-01T21:39:49.042078+0100 INFO 2488 current category page url: https://books.toscrape.com/catalogue/category/books/christian-fiction_34/index.html
2024-10-01T21:39:49.042078+0100 INFO 8716 availability: 18 
2024-10-01T21:39:49.042078+0100 INFO 7048 price: 10.93
2024-10-01T21:39:49.057703+0100 INFO 312 category name: Self Help
2024-10-01T21:39:49.057703+0100 INFO 9040 uuid: 4f996bd1-950a-4eed-bf1f-80a5a8bdac58
2024-10-01T21:39:49.057703+0100 INFO 8716 rating: 4
2024-10-01T21:39:49.057703+0100 INFO 7048 availability: 15 
2024-10-01T21:39:49.057703+0100 INFO 9040 title: The Long Haul (Diary of a Wimpy Kid #9)
2024-10-01T21:39:49.057703+0100 INFO 8716 category: Art
2024-10-01T21:39:49.057703+0100 INFO 7048 rating: 2
2024-10-01T21:39:49.057703+0100 INFO 9040 price: 44.07
2024-10-01T21:39:49.057703+0100 INFO 8716 category name: Historical
2024-10-01T21:39:49.057703+0100 INFO 7048 category: Autobiography
2024-10-01T21:39:49.057703+0100 INFO 9040 availability: 14 
2024-10-01T21:39:49.057703+0100 INFO 7048 category name: Christian
2024-10-01T21:39:49.057703+0100 INFO 9040 rating: 1
2024-10-01T21:39:49.057703+0100 INFO 9040 category: Humor
2024-10-01T21:39:49.057703+0100 INFO 9040 category name: Suspense
2024-10-01T21:39:49.214740+0100 INFO 11568 Successfully fetched the page
2024-10-01T21:39:49.214740+0100 INFO 11568 uuid: 0fa37687-db14-4428-83d7-7e475e8f7f12
2024-10-01T21:39:49.214740+0100 INFO 11568 title: The Most Perfect Thing: Inside (and Outside) a Bird's Egg
2024-10-01T21:39:49.214740+0100 INFO 9476 Successfully fetched the page
2024-10-01T21:39:49.214740+0100 INFO 11568 price: 42.96
2024-10-01T21:39:49.214740+0100 INFO 11568 availability: 16 
2024-10-01T21:39:49.214740+0100 INFO 9476 uuid: 66de60aa-e00c-413c-916a-0bc382ea9bb0
2024-10-01T21:39:49.214740+0100 INFO 11568 rating: 4
2024-10-01T21:39:49.214740+0100 INFO 9476 title: Foolproof Preserving: A Guide to Small Batch Jams, Jellies, Pickles, Condiments, and More: A Foolproof Guide to Making Small Batch Jams, Jellies, Pickles, Condiments, and More
2024-10-01T21:39:49.214740+0100 INFO 11568 category: Science
2024-10-01T21:39:49.214740+0100 INFO 9476 price: 30.52
2024-10-01T21:39:49.214740+0100 INFO 11568 category name: Short Stories
2024-10-01T21:39:49.214740+0100 INFO 9476 availability: 19 
2024-10-01T21:39:49.214740+0100 INFO 9476 rating: 3
2024-10-01T21:39:49.214740+0100 INFO 9476 category: Food and Drink
2024-10-01T21:39:49.214740+0100 INFO 9476 category name: Novels
2024-10-01T21:39:49.247645+0100 INFO 8576 Successfully fetched the page
2024-10-01T21:39:49.250482+0100 INFO 8576 uuid: a7a3515f-fcb6-4728-8680-ac54e8e6d676
2024-10-01T21:39:49.250482+0100 INFO 13848 Successfully fetched the page
2024-10-01T21:39:49.250482+0100 INFO 8576 title: Security
2024-10-01T21:39:49.250482+0100 INFO 13848 uuid: d9a4bb26-e688-45bb-bc0d-b8cf78bd6ccb
2024-10-01T21:39:49.250482+0100 INFO 4200 Successfully fetched the page
2024-10-01T21:39:49.250482+0100 INFO 8576 price: 39.25
2024-10-01T21:39:49.250482+0100 INFO 8980 Successfully fetched the page
2024-10-01T21:39:49.250482+0100 INFO 13848 title: Sapiens: A Brief History of Humankind
2024-10-01T21:39:49.250482+0100 INFO 8576 availability: 16 
2024-10-01T21:39:49.265357+0100 INFO 4200 pages: 1
2024-10-01T21:39:49.270309+0100 INFO 8980 pages: 1
2024-10-01T21:39:49.270309+0100 INFO 13848 price: 54.23
2024-10-01T21:39:49.270309+0100 INFO 8576 rating: 2
2024-10-01T21:39:49.270309+0100 INFO 4200 current category page url: https://books.toscrape.com/catalogue/category/books/biography_36/index.html
2024-10-01T21:39:49.270309+0100 INFO 8980 current category page url: https://books.toscrape.com/catalogue/category/books/thriller_37/index.html
2024-10-01T21:39:49.270309+0100 INFO 13848 availability: 20 
2024-10-01T21:39:49.270309+0100 INFO 8576 category: Horror
2024-10-01T21:39:49.270309+0100 INFO 13848 rating: 5
2024-10-01T21:39:49.270309+0100 INFO 8576 category name: Health
2024-10-01T21:39:49.270309+0100 INFO 13848 category: History
2024-10-01T21:39:49.270309+0100 INFO 13848 category name: Politics
2024-10-01T21:39:49.361666+0100 INFO 12368 Successfully fetched the page
2024-10-01T21:39:49.361666+0100 INFO 12368 pages: 1
2024-10-01T21:39:49.361666+0100 INFO 12368 current category page url: https://books.toscrape.com/catalogue/category/books/contemporary_38/index.html
2024-10-01T21:39:49.430069+0100 INFO 17576 Successfully fetched the page
2024-10-01T21:39:49.430069+0100 INFO 17576 pages: 1
2024-10-01T21:39:49.430069+0100 INFO 17576 current category page url: https://books.toscrape.com/catalogue/category/books/spirituality_39/index.html
2024-10-01T21:39:49.430069+0100 INFO 2476 Successfully fetched the page
2024-10-01T21:39:49.446239+0100 INFO 2476 current book url: catastrophic-happiness-finding-joy-in-childhoods-messy-years_138/index.html
2024-10-01T21:39:49.457805+0100 INFO 10504 Successfully fetched the page
2024-10-01T21:39:49.473432+0100 INFO 10504 pages: 1
2024-10-01T21:39:49.473432+0100 INFO 10504 current category page url: https://books.toscrape.com/catalogue/category/books/academic_40/index.html
2024-10-01T21:39:49.473432+0100 INFO 2488 Successfully fetched the page
2024-10-01T21:39:49.489057+0100 INFO 2488 current book url: redeeming-love_826/index.html
2024-10-01T21:39:49.489057+0100 INFO 7048 Successfully fetched the page
2024-10-01T21:39:49.504682+0100 INFO 7048 pages: 1
2024-10-01T21:39:49.504682+0100 INFO 7048 current category page url: https://books.toscrape.com/catalogue/category/books/christian_43/index.html
2024-10-01T21:39:49.504682+0100 INFO 8716 Successfully fetched the page
2024-10-01T21:39:49.504682+0100 INFO 8716 pages: 1
2024-10-01T21:39:49.504682+0100 INFO 8716 current category page url: https://books.toscrape.com/catalogue/category/books/historical_42/index.html
2024-10-01T21:39:49.504682+0100 INFO 312 Successfully fetched the page
2024-10-01T21:39:49.504682+0100 INFO 9040 Successfully fetched the page
2024-10-01T21:39:49.520307+0100 INFO 312 pages: 1
2024-10-01T21:39:49.520307+0100 INFO 9040 pages: 1
2024-10-01T21:39:49.520307+0100 INFO 312 current category page url: https://books.toscrape.com/catalogue/category/books/self-help_41/index.html
2024-10-01T21:39:49.520307+0100 INFO 9040 current category page url: https://books.toscrape.com/catalogue/category/books/suspense_44/index.html
2024-10-01T21:39:49.582806+0100 INFO 3308 Successfully fetched the page
2024-10-01T21:39:49.582806+0100 INFO 3308 pages: 1
2024-10-01T21:39:49.582806+0100 INFO 3308 current category page url: https://books.toscrape.com/catalogue/category/books/business_35/index.html
2024-10-01T21:39:49.645307+0100 INFO 11568 Successfully fetched the page
2024-10-01T21:39:49.660932+0100 INFO 11568 pages: 1
2024-10-01T21:39:49.660932+0100 INFO 11568 current category page url: https://books.toscrape.com/catalogue/category/books/short-stories_45/index.html
2024-10-01T21:39:49.770307+0100 INFO 9476 Successfully fetched the page
2024-10-01T21:39:49.770307+0100 INFO 9476 pages: 1
2024-10-01T21:39:49.770307+0100 INFO 13848 Successfully fetched the page
2024-10-01T21:39:49.770307+0100 INFO 9476 current category page url: https://books.toscrape.com/catalogue/category/books/novels_46/index.html
2024-10-01T21:39:49.770307+0100 INFO 8576 Successfully fetched the page
2024-10-01T21:39:49.770307+0100 INFO 4200 Successfully fetched the page
2024-10-01T21:39:49.770307+0100 INFO 8980 Successfully fetched the page
2024-10-01T21:39:49.770307+0100 INFO 13848 pages: 1
2024-10-01T21:39:49.785932+0100 INFO 8576 pages: 1
2024-10-01T21:39:49.801557+0100 INFO 8576 current category page url: https://books.toscrape.com/catalogue/category/books/health_47/index.html
2024-10-01T21:39:49.801557+0100 INFO 8980 current book url: in-her-wake_980/index.html
2024-10-01T21:39:49.801557+0100 INFO 13848 current category page url: https://books.toscrape.com/catalogue/category/books/politics_48/index.html
2024-10-01T21:39:49.801557+0100 INFO 12368 Successfully fetched the page
2024-10-01T21:39:49.785932+0100 INFO 4200 current book url: louisa-the-extraordinary-life-of-mrs-adams_818/index.html
2024-10-01T21:39:49.801557+0100 INFO 12368 current book url: when-we-collided_955/index.html
2024-10-01T21:39:49.972370+0100 INFO 10504 Successfully fetched the page
2024-10-01T21:39:49.981755+0100 INFO 10504 current book url: logan-kade-fallen-crest-high-55_384/index.html
2024-10-01T21:39:49.981755+0100 INFO 9040 Successfully fetched the page
2024-10-01T21:39:49.985758+0100 INFO 9040 current book url: silence-in-the-dark-logan-point-4_542/index.html
2024-10-01T21:39:49.985758+0100 INFO 2488 Successfully fetched the page
2024-10-01T21:39:49.985758+0100 INFO 2488 uuid: 7a563c16-8858-43d9-b1f1-c972f589c75f
2024-10-01T21:39:49.985758+0100 INFO 8716 Successfully fetched the page
2024-10-01T21:39:49.985758+0100 INFO 2488 title: Redeeming Love
2024-10-01T21:39:49.985758+0100 INFO 2476 Successfully fetched the page
2024-10-01T21:39:49.985758+0100 INFO 7048 Successfully fetched the page
2024-10-01T21:39:49.985758+0100 INFO 312 Successfully fetched the page
2024-10-01T21:39:49.985758+0100 INFO 8716 current book url: all-the-light-we-cannot-see_660/index.html
2024-10-01T21:39:49.985758+0100 INFO 17576 Successfully fetched the page
2024-10-01T21:39:49.985758+0100 INFO 2488 price: 20.47
2024-10-01T21:39:50.001408+0100 INFO 2476 uuid: 86e4f2a0-eeb6-415a-b88e-ef93b25e9757
2024-10-01T21:39:50.001408+0100 INFO 7048 current book url: unqualified-how-god-uses-broken-people-to-do-big-things_873/index.html
2024-10-01T21:39:50.017033+0100 INFO 312 current book url: online-marketing-for-busy-authors-a-step-by-step-guide_913/index.html
2024-10-01T21:39:50.017033+0100 INFO 2488 availability: 15 
2024-10-01T21:39:50.017033+0100 INFO 17576 current book url: the-four-agreements-a-practical-guide-to-personal-freedom_970/index.html
2024-10-01T21:39:50.017033+0100 INFO 2476 title: Catastrophic Happiness: Finding Joy in Childhood's Messy Years
2024-10-01T21:39:50.017033+0100 INFO 2488 rating: 5
2024-10-01T21:39:50.017033+0100 INFO 2476 price: 37.35
2024-10-01T21:39:50.017033+0100 INFO 2488 category: Christian Fiction
2024-10-01T21:39:50.017033+0100 INFO 2476 availability: 3 
2024-10-01T21:39:50.017033+0100 INFO 2488 category name: Cultural
2024-10-01T21:39:50.017033+0100 INFO 2476 rating: 2
2024-10-01T21:39:50.017033+0100 INFO 2476 category: Parenting
2024-10-01T21:39:50.017033+0100 INFO 2476 category name: Erotica
2024-10-01T21:39:50.212563+0100 INFO 11568 Successfully fetched the page
2024-10-01T21:39:50.217645+0100 INFO 11568 current book url: the-grownup_546/index.html
2024-10-01T21:39:50.220776+0100 INFO 3308 Successfully fetched the page
2024-10-01T21:39:50.229649+0100 INFO 3308 current book url: the-dirty-little-secrets-of-getting-your-dream-job_994/index.html
2024-10-01T21:39:50.261625+0100 INFO 8980 Successfully fetched the page
2024-10-01T21:39:50.261625+0100 INFO 13848 Successfully fetched the page
2024-10-01T21:39:50.267635+0100 INFO 8980 uuid: 9eda9ee2-bb51-4dfc-b504-7656e73ea019
2024-10-01T21:39:50.273623+0100 INFO 13848 current book url: libertarianism-for-beginners_982/index.html
2024-10-01T21:39:50.273623+0100 INFO 8980 title: In Her Wake
2024-10-01T21:39:50.274628+0100 INFO 12368 Successfully fetched the page
2024-10-01T21:39:50.274628+0100 INFO 4200 Successfully fetched the page
2024-10-01T21:39:50.274628+0100 INFO 8980 price: 12.84
2024-10-01T21:39:50.274628+0100 INFO 9476 Successfully fetched the page
2024-10-01T21:39:50.280623+0100 INFO 12368 uuid: 6cc98e11-d90e-433b-b7f0-da66995280f8
2024-10-01T21:39:50.285621+0100 INFO 4200 uuid: 48832f55-610c-4247-a6f7-fe6feaedf8d2
2024-10-01T21:39:50.285621+0100 INFO 8980 availability: 19 
2024-10-01T21:39:50.285621+0100 INFO 8576 Successfully fetched the page
2024-10-01T21:39:50.285621+0100 INFO 12368 title: When We Collided
2024-10-01T21:39:50.291218+0100 INFO 4200 title: Louisa: The Extraordinary Life of Mrs. Adams
2024-10-01T21:39:50.291218+0100 INFO 9476 current book url: suzie-snowflake-one-beautiful-flake-a-self-esteem-story_568/index.html
2024-10-01T21:39:50.291468+0100 INFO 8980 rating: 1
2024-10-01T21:39:50.291530+0100 INFO 12368 price: 31.77
2024-10-01T21:39:50.296621+0100 INFO 8576 current book url: the-bulletproof-diet-lose-up-to-a-pound-a-day-reclaim-energy-and-focus-upgrade-your-life_931/index.html
2024-10-01T21:39:50.296621+0100 INFO 4200 price: 16.85
2024-10-01T21:39:50.296621+0100 INFO 8980 category: Thriller
2024-10-01T21:39:50.297654+0100 INFO 12368 availability: 16 
2024-10-01T21:39:50.298332+0100 INFO 4200 availability: 15 
2024-10-01T21:39:50.298462+0100 INFO 8980 category name: Crime
2024-10-01T21:39:50.298462+0100 INFO 12368 rating: 1
2024-10-01T21:39:50.298462+0100 INFO 4200 rating: 2
2024-10-01T21:39:50.298462+0100 INFO 12368 category: Contemporary
2024-10-01T21:39:50.299490+0100 INFO 4200 category: Biography
2024-10-01T21:39:50.419092+0100 INFO 9040 Successfully fetched the page
2024-10-01T21:39:50.434717+0100 INFO 9040 uuid: a913ba6b-3733-4227-bb77-d0853edbcaa6
2024-10-01T21:39:50.434717+0100 INFO 9040 title: Silence in the Dark (Logan Point #4)
2024-10-01T21:39:50.434717+0100 INFO 9040 price: 58.33
2024-10-01T21:39:50.434717+0100 INFO 9040 availability: 8 
2024-10-01T21:39:50.434717+0100 INFO 9040 rating: 3
2024-10-01T21:39:50.434717+0100 INFO 9040 category: Suspense
2024-10-01T21:39:50.434717+0100 INFO 10504 Successfully fetched the page
2024-10-01T21:39:50.434717+0100 INFO 10504 uuid: d8220758-5b07-40ae-aadd-296938741c0f
2024-10-01T21:39:50.434717+0100 INFO 10504 title: Logan Kade (Fallen Crest High #5.5)
2024-10-01T21:39:50.434717+0100 INFO 10504 price: 13.12
2024-10-01T21:39:50.434717+0100 INFO 10504 availability: 5 
2024-10-01T21:39:50.434717+0100 INFO 10504 rating: 2
2024-10-01T21:39:50.434717+0100 INFO 10504 category: Academic
2024-10-01T21:39:50.450343+0100 INFO 8716 Successfully fetched the page
2024-10-01T21:39:50.466053+0100 INFO 8716 uuid: c94d9e15-9e26-4e62-836b-11fc3beaff17
2024-10-01T21:39:50.466053+0100 INFO 8716 title: All the Light We Cannot See
2024-10-01T21:39:50.466053+0100 INFO 8716 price: 29.87
2024-10-01T21:39:50.466053+0100 INFO 8716 availability: 14 
2024-10-01T21:39:50.466053+0100 INFO 8716 rating: 5
2024-10-01T21:39:50.466053+0100 INFO 8716 category: Historical
2024-10-01T21:39:50.467057+0100 INFO 17576 Successfully fetched the page
2024-10-01T21:39:50.467057+0100 INFO 17576 uuid: 886fbf1d-f512-4b6d-bcca-aa21164b97f4
2024-10-01T21:39:50.467057+0100 INFO 17576 title: The Four Agreements: A Practical Guide to Personal Freedom
2024-10-01T21:39:50.467057+0100 INFO 17576 price: 17.66
2024-10-01T21:39:50.467057+0100 INFO 17576 availability: 18 
2024-10-01T21:39:50.467057+0100 INFO 7048 Successfully fetched the page
2024-10-01T21:39:50.467057+0100 INFO 17576 rating: 5
2024-10-01T21:39:50.467057+0100 INFO 17576 category: Spirituality
2024-10-01T21:39:50.467057+0100 INFO 7048 uuid: d7968efd-1bbf-4669-8d35-882d152b7344
2024-10-01T21:39:50.467057+0100 INFO 2488 Successfully fetched the page
2024-10-01T21:39:50.467057+0100 INFO 7048 title: (Un)Qualified: How God Uses Broken People to Do Big Things
2024-10-01T21:39:50.467057+0100 INFO 7048 price: 54.00
2024-10-01T21:39:50.482062+0100 INFO 7048 availability: 16 
2024-10-01T21:39:50.482062+0100 INFO 2488 pages: 1
2024-10-01T21:39:50.482062+0100 INFO 7048 rating: 5
2024-10-01T21:39:50.482062+0100 INFO 2488 current category page url: https://books.toscrape.com/catalogue/category/books/cultural_49/index.html
2024-10-01T21:39:50.482062+0100 INFO 7048 category: Christian
2024-10-01T21:39:50.482062+0100 INFO 312 Successfully fetched the page
2024-10-01T21:39:50.482062+0100 INFO 312 uuid: e0accba5-9589-4fd6-ad2f-c4f9189907e9
2024-10-01T21:39:50.482062+0100 INFO 312 title: Online Marketing for Busy Authors: A Step-By-Step Guide
2024-10-01T21:39:50.482062+0100 INFO 312 price: 46.35
2024-10-01T21:39:50.482062+0100 INFO 2476 Successfully fetched the page
2024-10-01T21:39:50.482062+0100 INFO 312 availability: 16 
2024-10-01T21:39:50.482062+0100 INFO 312 rating: 1
2024-10-01T21:39:50.482062+0100 INFO 2476 pages: 1
2024-10-01T21:39:50.497694+0100 INFO 312 category: Self Help
2024-10-01T21:39:50.497694+0100 INFO 2476 current category page url: https://books.toscrape.com/catalogue/category/books/erotica_50/index.html
2024-10-01T21:39:50.647155+0100 INFO 11568 Successfully fetched the page
2024-10-01T21:39:50.647155+0100 INFO 11568 uuid: 4b2d1f00-fba9-4588-93e9-9dee246462d4
2024-10-01T21:39:50.647155+0100 INFO 11568 title: The Grownup
2024-10-01T21:39:50.647155+0100 INFO 11568 price: 35.88
2024-10-01T21:39:50.647155+0100 INFO 3308 Successfully fetched the page
2024-10-01T21:39:50.647155+0100 INFO 11568 availability: 8 
2024-10-01T21:39:50.647155+0100 INFO 11568 rating: 1
2024-10-01T21:39:50.662780+0100 INFO 11568 category: Short Stories
2024-10-01T21:39:50.662780+0100 INFO 3308 uuid: 28c46d1a-0630-42f8-87f2-a0e9d3e10983
2024-10-01T21:39:50.662780+0100 INFO 3308 title: The Dirty Little Secrets of Getting Your Dream Job
2024-10-01T21:39:50.662780+0100 INFO 3308 price: 33.34
2024-10-01T21:39:50.662780+0100 INFO 3308 availability: 19 
2024-10-01T21:39:50.662780+0100 INFO 3308 rating: 4
2024-10-01T21:39:50.662780+0100 INFO 3308 category: Business
2024-10-01T21:39:50.708124+0100 INFO 13848 Successfully fetched the page
2024-10-01T21:39:50.724841+0100 INFO 13848 uuid: 5315c27d-7484-425c-8950-2abb970eb431
2024-10-01T21:39:50.724841+0100 INFO 13848 title: Libertarianism for Beginners
2024-10-01T21:39:50.724841+0100 INFO 13848 price: 51.33
2024-10-01T21:39:50.724841+0100 INFO 13848 availability: 19 
2024-10-01T21:39:50.724841+0100 INFO 13848 rating: 2
2024-10-01T21:39:50.724841+0100 INFO 13848 category: Politics
2024-10-01T21:39:50.724841+0100 INFO 9476 Successfully fetched the page
2024-10-01T21:39:50.733149+0100 INFO 9476 uuid: b65389f3-b356-4a16-b8b7-f4a3085d623e
2024-10-01T21:39:50.734149+0100 INFO 9476 title: Suzie Snowflake: One beautiful flake (a self-esteem story)
2024-10-01T21:39:50.734149+0100 INFO 9476 price: 54.81
2024-10-01T21:39:50.734149+0100 INFO 9476 availability: 9 
2024-10-01T21:39:50.734149+0100 INFO 8576 Successfully fetched the page
2024-10-01T21:39:50.734149+0100 INFO 9476 rating: 5
2024-10-01T21:39:50.734149+0100 INFO 9476 category: Novels
2024-10-01T21:39:50.739748+0100 INFO 8576 uuid: 787fdc8e-e020-4119-af38-a8e652c013cf
2024-10-01T21:39:50.739748+0100 INFO 8576 title: The Bulletproof Diet: Lose up to a Pound a Day, Reclaim Energy and Focus, Upgrade Your Life
2024-10-01T21:39:50.739748+0100 INFO 8576 price: 49.05
2024-10-01T21:39:50.739748+0100 INFO 8576 availability: 16 
2024-10-01T21:39:50.739748+0100 INFO 8576 rating: 3
2024-10-01T21:39:50.739748+0100 INFO 8980 Successfully fetched the page
2024-10-01T21:39:50.739748+0100 INFO 8576 category: Health
2024-10-01T21:39:50.742662+0100 INFO 8980 pages: 1
2024-10-01T21:39:50.742662+0100 INFO 8980 current category page url: https://books.toscrape.com/catalogue/category/books/crime_51/index.html
2024-10-01T21:39:50.916284+0100 INFO 2488 Successfully fetched the page
2024-10-01T21:39:50.931910+0100 INFO 2488 current book url: amid-the-chaos_788/index.html
2024-10-01T21:39:50.931910+0100 INFO 2476 Successfully fetched the page
2024-10-01T21:39:50.931910+0100 INFO 2476 current book url: dark-notes_800/index.html
2024-10-01T21:39:51.187136+0100 INFO 8980 Successfully fetched the page
2024-10-01T21:39:51.187136+0100 INFO 8980 current book url: the-long-shadow-of-small-ghosts-murder-and-memory-in-an-american-city_848/index.html
2024-10-01T21:39:51.369600+0100 INFO 2488 Successfully fetched the page
2024-10-01T21:39:51.369600+0100 INFO 2488 uuid: 4788e6ed-9558-46f8-bfe3-355ef9a1418a
2024-10-01T21:39:51.369600+0100 INFO 2488 title: Amid the Chaos
2024-10-01T21:39:51.369600+0100 INFO 2488 price: 36.58
2024-10-01T21:39:51.369600+0100 INFO 2488 availability: 15 
2024-10-01T21:39:51.369600+0100 INFO 2488 rating: 1
2024-10-01T21:39:51.369600+0100 INFO 2488 category: Cultural
2024-10-01T21:39:51.384984+0100 INFO 2476 Successfully fetched the page
2024-10-01T21:39:51.384984+0100 INFO 2476 uuid: 333b2cce-6569-4dc2-a942-c937f24637da
2024-10-01T21:39:51.384984+0100 INFO 2476 title: Dark Notes
2024-10-01T21:39:51.384984+0100 INFO 2476 price: 19.19
2024-10-01T21:39:51.384984+0100 INFO 2476 availability: 15 
2024-10-01T21:39:51.384984+0100 INFO 2476 rating: 5
2024-10-01T21:39:51.384984+0100 INFO 2476 category: Erotica
2024-10-01T21:39:51.631716+0100 INFO 8980 Successfully fetched the page
2024-10-01T21:39:51.631716+0100 INFO 8980 uuid: 29add89f-4dda-45e5-ba3c-0d137065894b
2024-10-01T21:39:51.631716+0100 INFO 8980 title: The Long Shadow of Small Ghosts: Murder and Memory in an American City
2024-10-01T21:39:51.631716+0100 INFO 8980 price: 10.97
2024-10-01T21:39:51.631716+0100 INFO 8980 availability: 15 
2024-10-01T21:39:51.631716+0100 INFO 8980 rating: 1
2024-10-01T21:39:51.631716+0100 INFO 8980 category: Crime
2024-10-01T21:39:51.631716+0100 ERROR 5680 Error scraping books: 'NoneType' object has no attribute 'close'
2024-10-01T21:39:51.631716+0100 ERROR 5680 An unexpected error occurred: 'NoneType' object has no attribute 'close'
