2024-09-18T13:56:24.967901+0100 INFO 17600 Ensured data directory exists at C:\Users\qqeer\Desktop\code\scraping books\scraping_books\data
2024-09-18T13:56:24.999901+0100 INFO 17600 Created database engine for C:\Users\qqeer\Desktop\code\scraping books\scraping_books\data\scraping_books.db
2024-09-18T13:56:25.047960+0100 INFO 17600 All tables truncated successfully.
2024-09-18T13:56:25.047960+0100 INFO 17600 2 records inserted successfully.
2024-09-18T13:56:25.048962+0100 INFO 17600 Database initialized successfully with new records.
2024-09-18T13:56:25.049961+0100 ERROR 17600 Tables were not created successfully.
2024-09-18T13:56:25.053927+0100 INFO 17600 Database schema initialized successfully.
2024-09-18T13:56:25.054927+0100 INFO 17600 Tables in the database: <MagicMock name='engine._sa_instance_state.get_table_names()' id='1974468083008'>
2024-09-18T13:56:25.054927+0100 ERROR 17600 Not all required tables were created.
2024-09-18T13:56:25.060928+0100 ERROR 17600 Error initializing database schema: ()
2024-09-18T13:56:25.061928+0100 INFO 17600 Row inserted successfully into test_table.
2024-09-18T13:56:25.063438+0100 ERROR 17600 Error inserting row into test_table: ()
2024-09-18T13:56:25.063845+0100 ERROR 17600 Tables do not exist. Cannot insert row.
2024-09-18T13:56:25.064857+0100 INFO 17600 2 records inserted successfully.
2024-09-18T13:56:25.065857+0100 ERROR 17600 Error inserting records: ()
2024-09-18T13:56:25.068857+0100 INFO 17600 Data exported to test.csv
2024-09-18T13:56:25.071857+0100 INFO 17600 Data exported to test.json
2024-09-18T13:56:25.076856+0100 INFO 17600 Database schema initialized successfully.
2024-09-18T13:56:25.077857+0100 INFO 17600 Tables in the database: ['TestTable', 'books']
2024-09-18T13:56:25.077857+0100 INFO 17600 All required tables have been created successfully.
2024-09-18T13:56:25.632420+0100 INFO 17600 Successfully fetched the page
2024-09-18T13:56:25.659638+0100 INFO 17600 Created the soup.
2024-09-18T13:56:25.665147+0100 DEBUG 17600 max workers: 16
2024-09-18T13:56:25.674145+0100 INFO 17600 Successfully fetched the page
