2024-10-01T21:53:36.149555+0100 INFO 9528 Ensured data directory exists at C:\Users\qqeer\Desktop\code\scraping books\scraping_books\data
2024-10-01T21:53:36.149555+0100 INFO 9528 Created database engine for C:\Users\qqeer\Desktop\code\scraping books\scraping_books\data\scraping_books.db
2024-10-01T21:53:36.165179+0100 INFO 9528 Database schema initialized successfully.
2024-10-01T21:53:36.165179+0100 INFO 9528 Tables in the database: ['TestTable', 'books']
2024-10-01T21:53:36.165179+0100 INFO 9528 All required tables have been created successfully.
2024-10-01T21:53:36.717789+0100 INFO 9528 Successfully fetched the page
2024-10-01T21:53:36.733416+0100 INFO 9528 Created the soup.
2024-10-01T21:53:36.733416+0100 INFO 12640 category name: Travel
2024-10-01T21:53:36.733416+0100 INFO 6156 category name: Mystery
2024-10-01T21:53:36.733416+0100 INFO 17620 category name: Historical Fiction
2024-10-01T21:53:36.733416+0100 INFO 2416 category name: Sequential Art
2024-10-01T21:53:36.733416+0100 INFO 12136 category name: Classics
2024-10-01T21:53:36.733416+0100 INFO 11540 category name: Philosophy
2024-10-01T21:53:36.733416+0100 INFO 1464 category name: Romance
2024-10-01T21:53:36.733416+0100 INFO 13124 category name: Womens Fiction
2024-10-01T21:53:36.733416+0100 INFO 9552 category name: Fiction
2024-10-01T21:53:36.733416+0100 INFO 18364 category name: Childrens
2024-10-01T21:53:36.733416+0100 INFO 8200 category name: Religion
2024-10-01T21:53:36.733416+0100 INFO 5496 category name: Nonfiction
2024-10-01T21:53:36.733416+0100 INFO 15584 category name: Music
2024-10-01T21:53:36.749899+0100 INFO 2680 category name: Default
2024-10-01T21:53:36.750014+0100 INFO 14884 category name: Science Fiction
2024-10-01T21:53:36.751030+0100 INFO 6616 category name: Sports and Games
2024-10-01T21:53:36.751030+0100 DEBUG 9528 max workers: 16
2024-10-01T21:53:37.224645+0100 INFO 6616 Successfully fetched the page
2024-10-01T21:53:37.232142+0100 INFO 6616 pages: 1
2024-10-01T21:53:37.232142+0100 INFO 6616 current category page url: https://books.toscrape.com/catalogue/category/books/sports-and-games_17/index.html
2024-10-01T21:53:37.239394+0100 INFO 12640 Successfully fetched the page
2024-10-01T21:53:37.251607+0100 INFO 12640 pages: 1
2024-10-01T21:53:37.251607+0100 INFO 12640 current category page url: https://books.toscrape.com/catalogue/category/books/travel_2/index.html
2024-10-01T21:53:37.252608+0100 INFO 11540 Successfully fetched the page
2024-10-01T21:53:37.262193+0100 INFO 11540 pages: 1
2024-10-01T21:53:37.263193+0100 INFO 11540 current category page url: https://books.toscrape.com/catalogue/category/books/philosophy_7/index.html
2024-10-01T21:53:37.268161+0100 INFO 8200 Successfully fetched the page
2024-10-01T21:53:37.280405+0100 INFO 8200 pages: 1
2024-10-01T21:53:37.280405+0100 INFO 8200 current category page url: https://books.toscrape.com/catalogue/category/books/religion_12/index.html
2024-10-01T21:53:37.295028+0100 INFO 17620 Successfully fetched the page
2024-10-01T21:53:37.335944+0100 INFO 17620 num_pages is not None
2024-10-01T21:53:37.335944+0100 INFO 17620 pages: 2
2024-10-01T21:53:37.335944+0100 INFO 17620 current category page url: https://books.toscrape.com/catalogue/category/books/historical-fiction_4/index.html
2024-10-01T21:53:37.335944+0100 INFO 18364 Successfully fetched the page
2024-10-01T21:53:37.337014+0100 INFO 9552 Successfully fetched the page
2024-10-01T21:53:37.349856+0100 INFO 18364 num_pages is not None
2024-10-01T21:53:37.356721+0100 INFO 18364 pages: 2
2024-10-01T21:53:37.365076+0100 INFO 9552 num_pages is not None
2024-10-01T21:53:37.365076+0100 INFO 12136 Successfully fetched the page
2024-10-01T21:53:37.365076+0100 INFO 18364 current category page url: https://books.toscrape.com/catalogue/category/books/childrens_11/index.html
2024-10-01T21:53:37.365076+0100 INFO 1464 Successfully fetched the page
2024-10-01T21:53:37.365076+0100 INFO 9552 pages: 4
2024-10-01T21:53:37.365076+0100 INFO 14884 Successfully fetched the page
2024-10-01T21:53:37.365076+0100 INFO 2416 Successfully fetched the page
2024-10-01T21:53:37.365076+0100 INFO 5496 Successfully fetched the page
2024-10-01T21:53:37.365076+0100 INFO 6156 Successfully fetched the page
2024-10-01T21:53:37.380033+0100 INFO 12136 pages: 1
2024-10-01T21:53:37.380033+0100 INFO 13124 Successfully fetched the page
2024-10-01T21:53:37.393576+0100 INFO 1464 num_pages is not None
2024-10-01T21:53:37.393576+0100 INFO 9552 current category page url: https://books.toscrape.com/catalogue/category/books/fiction_10/index.html
2024-10-01T21:53:37.393576+0100 INFO 15584 Successfully fetched the page
2024-10-01T21:53:37.393576+0100 INFO 2680 Successfully fetched the page
2024-10-01T21:53:37.407044+0100 INFO 14884 pages: 1
2024-10-01T21:53:37.421485+0100 INFO 5496 num_pages is not None
2024-10-01T21:53:37.434833+0100 INFO 2416 num_pages is not None
2024-10-01T21:53:37.448656+0100 INFO 6156 num_pages is not None
2024-10-01T21:53:37.448656+0100 INFO 12136 current category page url: https://books.toscrape.com/catalogue/category/books/classics_6/index.html
2024-10-01T21:53:37.448656+0100 INFO 1464 pages: 2
2024-10-01T21:53:37.462560+0100 INFO 13124 pages: 1
2024-10-01T21:53:37.473868+0100 INFO 15584 pages: 1
2024-10-01T21:53:37.488758+0100 INFO 2680 num_pages is not None
2024-10-01T21:53:37.488758+0100 INFO 14884 current category page url: https://books.toscrape.com/catalogue/category/books/science-fiction_16/index.html
2024-10-01T21:53:37.489823+0100 INFO 5496 pages: 6
2024-10-01T21:53:37.489823+0100 INFO 2416 pages: 4
2024-10-01T21:53:37.489823+0100 INFO 6156 pages: 2
2024-10-01T21:53:37.489823+0100 INFO 1464 current category page url: https://books.toscrape.com/catalogue/category/books/romance_8/index.html
2024-10-01T21:53:37.489823+0100 INFO 13124 current category page url: https://books.toscrape.com/catalogue/category/books/womens-fiction_9/index.html
2024-10-01T21:53:37.490547+0100 INFO 15584 current category page url: https://books.toscrape.com/catalogue/category/books/music_14/index.html
2024-10-01T21:53:37.490547+0100 INFO 2680 pages: 8
2024-10-01T21:53:37.490547+0100 INFO 5496 current category page url: https://books.toscrape.com/catalogue/category/books/nonfiction_13/index.html
2024-10-01T21:53:37.490547+0100 INFO 2416 current category page url: https://books.toscrape.com/catalogue/category/books/sequential-art_5/index.html
2024-10-01T21:53:37.490547+0100 INFO 6156 current category page url: https://books.toscrape.com/catalogue/category/books/mystery_3/index.html
2024-10-01T21:53:37.490547+0100 INFO 2680 current category page url: https://books.toscrape.com/catalogue/category/books/default_15/index.html
2024-10-01T21:53:37.705303+0100 INFO 12640 Successfully fetched the page
2024-10-01T21:53:37.719906+0100 INFO 12640 current book url: its-only-the-himalayas_981/index.html
2024-10-01T21:53:37.719906+0100 INFO 6616 Successfully fetched the page
2024-10-01T21:53:37.729299+0100 INFO 6616 current book url: the-book-of-basketball-the-nba-according-to-the-sports-guy_232/index.html
2024-10-01T21:53:37.732301+0100 INFO 11540 Successfully fetched the page
2024-10-01T21:53:37.742190+0100 INFO 11540 current book url: sophies-world_966/index.html
2024-10-01T21:53:37.743190+0100 INFO 8200 Successfully fetched the page
2024-10-01T21:53:37.747473+0100 INFO 8200 current book url: dont-be-a-jerk-and-other-practical-advice-from-dogen-japans-greatest-zen-master_890/index.html
2024-10-01T21:53:37.983528+0100 INFO 17620 Successfully fetched the page
2024-10-01T21:53:37.997458+0100 INFO 17620 current book url: tipping-the-velvet_999/index.html
2024-10-01T21:53:37.997458+0100 INFO 18364 Successfully fetched the page
2024-10-01T21:53:38.011210+0100 INFO 18364 current book url: birdsong-a-story-in-pictures_975/index.html
2024-10-01T21:53:38.066125+0100 INFO 2680 Successfully fetched the page
2024-10-01T21:53:38.079088+0100 INFO 2680 current book url: the-coming-woman-a-novel-based-on-the-life-of-the-infamous-feminist-victoria-woodhull_993/index.html
2024-10-01T21:53:38.080157+0100 INFO 9552 Successfully fetched the page
2024-10-01T21:53:38.093981+0100 INFO 9552 current book url: soumission_998/index.html
2024-10-01T21:53:38.094128+0100 INFO 14884 Successfully fetched the page
2024-10-01T21:53:38.099861+0100 INFO 15584 Successfully fetched the page
2024-10-01T21:53:38.106867+0100 INFO 14884 current book url: mesaerion-the-best-science-fiction-stories-1800-1849_983/index.html
2024-10-01T21:53:38.107938+0100 INFO 13124 Successfully fetched the page
2024-10-01T21:53:38.107938+0100 INFO 2416 Successfully fetched the page
2024-10-01T21:53:38.117779+0100 INFO 15584 current book url: rip-it-up-and-start-again_986/index.html
2024-10-01T21:53:38.118778+0100 INFO 5496 Successfully fetched the page
2024-10-01T21:53:38.129699+0100 INFO 13124 current book url: i-had-a-nice-time-and-other-lies-how-to-find-love-sht-like-that_814/index.html
2024-10-01T21:53:38.130697+0100 INFO 12136 Successfully fetched the page
2024-10-01T21:53:38.144587+0100 INFO 2416 current book url: scott-pilgrims-precious-little-life-scott-pilgrim-1_987/index.html
2024-10-01T21:53:38.144587+0100 INFO 1464 Successfully fetched the page
2024-10-01T21:53:38.144587+0100 INFO 6156 Successfully fetched the page
2024-10-01T21:53:38.158429+0100 INFO 5496 current book url: worlds-elsewhere-journeys-around-shakespeares-globe_972/index.html
2024-10-01T21:53:38.219789+0100 INFO 12136 current book url: the-secret-garden_413/index.html
2024-10-01T21:53:38.233691+0100 INFO 1464 current book url: chase-me-paris-nights-2_977/index.html
2024-10-01T21:53:38.247494+0100 INFO 6156 current book url: sharp-objects_997/index.html
2024-10-01T21:53:38.247494+0100 INFO 8200 Successfully fetched the page
2024-10-01T21:53:38.247494+0100 INFO 12640 Successfully fetched the page
2024-10-01T21:53:38.247494+0100 INFO 11540 Successfully fetched the page
2024-10-01T21:53:38.247494+0100 INFO 6616 Successfully fetched the page
2024-10-01T21:53:38.256729+0100 INFO 8200 uuid: 47d42f4a-cdbd-4b2d-ae3f-ad94d3d9e212
2024-10-01T21:53:38.261483+0100 INFO 12640 uuid: c6df290b-cd3e-4de8-86ed-05f3c90e393e
2024-10-01T21:53:38.267554+0100 INFO 11540 uuid: f4fdde8c-293c-4218-8203-2a23d3c7b078
2024-10-01T21:53:38.273551+0100 INFO 6616 uuid: f054f1d6-f399-4c18-b79e-9ff6870f78d5
2024-10-01T21:53:38.273551+0100 INFO 8200 title: Don't Be a Jerk: And Other Practical Advice from Dogen, Japan's Greatest Zen Master
2024-10-01T21:53:38.273551+0100 INFO 12640 title: It's Only the Himalayas
2024-10-01T21:53:38.273551+0100 INFO 11540 title: Sophie's World
2024-10-01T21:53:38.274673+0100 INFO 6616 title: The Book of Basketball: The NBA According to The Sports Guy
2024-10-01T21:53:38.274912+0100 INFO 8200 price: 37.97
2024-10-01T21:53:38.274912+0100 INFO 12640 price: 45.17
2024-10-01T21:53:38.274912+0100 INFO 11540 price: 15.94
2024-10-01T21:53:38.274912+0100 INFO 6616 price: 44.84
2024-10-01T21:53:38.274912+0100 INFO 8200 availability: 16 
2024-10-01T21:53:38.275681+0100 INFO 12640 availability: 19 
2024-10-01T21:53:38.275681+0100 INFO 11540 availability: 18 
2024-10-01T21:53:38.275681+0100 INFO 6616 availability: 3 
2024-10-01T21:53:38.275681+0100 INFO 8200 rating: 2
2024-10-01T21:53:38.275681+0100 INFO 12640 rating: 2
2024-10-01T21:53:38.275681+0100 INFO 11540 rating: 5
2024-10-01T21:53:38.275681+0100 INFO 6616 rating: 5
2024-10-01T21:53:38.275681+0100 INFO 8200 category: Religion
2024-10-01T21:53:38.275681+0100 INFO 12640 category: Travel
2024-10-01T21:53:38.275681+0100 INFO 11540 category: Philosophy
2024-10-01T21:53:38.275681+0100 INFO 6616 category: Sports and Games
2024-10-01T21:53:38.275681+0100 INFO 8200 category name: Add a comment
2024-10-01T21:53:38.275681+0100 INFO 12640 category name: Fantasy
2024-10-01T21:53:38.275681+0100 INFO 11540 category name: New Adult
2024-10-01T21:53:38.275681+0100 INFO 6616 category name: Young Adult
2024-10-01T21:53:38.481284+0100 INFO 18364 Successfully fetched the page
2024-10-01T21:53:38.485945+0100 INFO 18364 uuid: aad79a75-3424-4c17-99a9-0e5adf299ae1
2024-10-01T21:53:38.485945+0100 INFO 18364 title: Birdsong: A Story in Pictures
2024-10-01T21:53:38.486946+0100 INFO 18364 price: 54.64
2024-10-01T21:53:38.486946+0100 INFO 18364 availability: 19 
2024-10-01T21:53:38.486946+0100 INFO 18364 rating: 3
2024-10-01T21:53:38.486946+0100 INFO 18364 category: Childrens
2024-10-01T21:53:38.486946+0100 INFO 18364 category name: Science
2024-10-01T21:53:38.504577+0100 INFO 17620 Successfully fetched the page
2024-10-01T21:53:38.504577+0100 INFO 17620 uuid: 44ad4b4c-422b-4380-880e-dbc9d9313252
2024-10-01T21:53:38.504577+0100 INFO 17620 title: Tipping the Velvet
2024-10-01T21:53:38.504577+0100 INFO 17620 price: 53.74
2024-10-01T21:53:38.504577+0100 INFO 17620 availability: 20 
2024-10-01T21:53:38.504577+0100 INFO 17620 rating: 1
2024-10-01T21:53:38.504577+0100 INFO 17620 category: Historical Fiction
2024-10-01T21:53:38.504577+0100 INFO 17620 category name: Poetry
2024-10-01T21:53:38.582702+0100 INFO 2680 Successfully fetched the page
2024-10-01T21:53:38.582702+0100 INFO 2680 uuid: 8c440f93-e94c-4ffc-a9c8-5333538ac2b3
2024-10-01T21:53:38.582702+0100 INFO 2680 title: The Coming Woman: A Novel Based on the Life of the Infamous Feminist, Victoria Woodhull
2024-10-01T21:53:38.582702+0100 INFO 2680 price: 17.93
2024-10-01T21:53:38.582702+0100 INFO 2680 availability: 19 
2024-10-01T21:53:38.582702+0100 INFO 2680 rating: 3
2024-10-01T21:53:38.582702+0100 INFO 2680 category: Default
2024-10-01T21:53:38.582702+0100 INFO 2680 category name: Paranormal
2024-10-01T21:53:38.598327+0100 INFO 9552 Successfully fetched the page
2024-10-01T21:53:38.598327+0100 INFO 9552 uuid: 8aa16a2e-7780-461e-830b-42a1ebab2e4f
2024-10-01T21:53:38.598327+0100 INFO 9552 title: Soumission
2024-10-01T21:53:38.598327+0100 INFO 9552 price: 50.10
2024-10-01T21:53:38.598327+0100 INFO 9552 availability: 20 
2024-10-01T21:53:38.598327+0100 INFO 9552 rating: 1
2024-10-01T21:53:38.598327+0100 INFO 9552 category: Fiction
2024-10-01T21:53:38.598327+0100 INFO 9552 category name: Art
2024-10-01T21:53:38.598327+0100 INFO 14884 Successfully fetched the page
2024-10-01T21:53:38.613952+0100 INFO 14884 uuid: 0ac35ae2-37dc-470e-86a3-e1bf60196daa
2024-10-01T21:53:38.613952+0100 INFO 14884 title: Mesaerion: The Best Science Fiction Stories 1800-1849
2024-10-01T21:53:38.613952+0100 INFO 14884 price: 37.59
2024-10-01T21:53:38.613952+0100 INFO 14884 availability: 19 
2024-10-01T21:53:38.613952+0100 INFO 14884 rating: 1
2024-10-01T21:53:38.613952+0100 INFO 14884 category: Science Fiction
2024-10-01T21:53:38.613952+0100 INFO 14884 category name: Psychology
2024-10-01T21:53:38.645202+0100 INFO 15584 Successfully fetched the page
2024-10-01T21:53:38.645202+0100 INFO 15584 uuid: fa19fdf1-3a0d-49ac-9daf-5875068b02d6
2024-10-01T21:53:38.645202+0100 INFO 15584 title: Rip it Up and Start Again
2024-10-01T21:53:38.645202+0100 INFO 15584 price: 35.02
2024-10-01T21:53:38.645202+0100 INFO 15584 availability: 19 
2024-10-01T21:53:38.645202+0100 INFO 15584 rating: 5
2024-10-01T21:53:38.645202+0100 INFO 15584 category: Music
2024-10-01T21:53:38.645202+0100 INFO 15584 category name: Autobiography
2024-10-01T21:53:38.676452+0100 INFO 13124 Successfully fetched the page
2024-10-01T21:53:38.692077+0100 INFO 13124 uuid: 53ecdc56-7e10-4a68-91af-675f11c57088
2024-10-01T21:53:38.692077+0100 INFO 13124 title: I Had a Nice Time And Other Lies...: How to find love & sh*t like that
2024-10-01T21:53:38.692077+0100 INFO 13124 price: 57.36
2024-10-01T21:53:38.692077+0100 INFO 13124 availability: 15 
2024-10-01T21:53:38.692077+0100 INFO 13124 rating: 4
2024-10-01T21:53:38.692077+0100 INFO 13124 category: Womens Fiction
2024-10-01T21:53:38.692077+0100 INFO 13124 category name: Parenting
2024-10-01T21:53:38.692077+0100 INFO 12136 Successfully fetched the page
2024-10-01T21:53:38.692077+0100 INFO 5496 Successfully fetched the page
2024-10-01T21:53:38.692077+0100 INFO 12136 uuid: 399357b7-e3eb-4639-8673-0703d7c3608d
2024-10-01T21:53:38.692077+0100 INFO 12136 title: The Secret Garden
2024-10-01T21:53:38.707702+0100 INFO 12136 price: 15.08
2024-10-01T21:53:38.707702+0100 INFO 5496 uuid: 31c7f977-58c1-4b8b-aa8e-48aa2c951389
2024-10-01T21:53:38.707702+0100 INFO 12136 availability: 5 
2024-10-01T21:53:38.707702+0100 INFO 5496 title: Worlds Elsewhere: Journeys Around Shakespeare’s Globe
2024-10-01T21:53:38.707702+0100 INFO 12136 rating: 4
2024-10-01T21:53:38.707702+0100 INFO 5496 price: 40.30
2024-10-01T21:53:38.707702+0100 INFO 12136 category: Classics
2024-10-01T21:53:38.707702+0100 INFO 5496 availability: 18 
2024-10-01T21:53:38.707702+0100 INFO 12136 category name: Adult Fiction
2024-10-01T21:53:38.707702+0100 INFO 5496 rating: 5
2024-10-01T21:53:38.707702+0100 INFO 5496 category: Nonfiction
2024-10-01T21:53:38.707702+0100 INFO 5496 category name: Humor
2024-10-01T21:53:38.707702+0100 INFO 1464 Successfully fetched the page
2024-10-01T21:53:38.723327+0100 INFO 2416 Successfully fetched the page
2024-10-01T21:53:38.723327+0100 INFO 1464 uuid: 7fcd85da-d2c0-4e76-8f65-2ead131a18a3
2024-10-01T21:53:38.723327+0100 INFO 1464 title: Chase Me (Paris Nights #2)
2024-10-01T21:53:38.729719+0100 INFO 1464 price: 25.27
2024-10-01T21:53:38.729796+0100 INFO 1464 availability: 19 
2024-10-01T21:53:38.729796+0100 INFO 2416 uuid: 77005110-e6fd-47cb-a5f2-996844139fbf
2024-10-01T21:53:38.729796+0100 INFO 1464 rating: 5
2024-10-01T21:53:38.730829+0100 INFO 2416 title: Scott Pilgrim's Precious Little Life (Scott Pilgrim #1)
2024-10-01T21:53:38.730829+0100 INFO 1464 category: Romance
2024-10-01T21:53:38.730829+0100 INFO 2416 price: 52.29
2024-10-01T21:53:38.730829+0100 INFO 1464 category name: Horror
2024-10-01T21:53:38.730829+0100 INFO 2416 availability: 19 
2024-10-01T21:53:38.730829+0100 INFO 2416 rating: 5
2024-10-01T21:53:38.730829+0100 INFO 2416 category: Sequential Art
2024-10-01T21:53:38.731735+0100 INFO 2416 category name: History
2024-10-01T21:53:38.744665+0100 INFO 6156 Successfully fetched the page
2024-10-01T21:53:38.748654+0100 INFO 6156 uuid: cc2d866e-6b9c-4c6d-a777-402d68fc533d
2024-10-01T21:53:38.748654+0100 INFO 6156 title: Sharp Objects
2024-10-01T21:53:38.748654+0100 INFO 6156 price: 47.82
2024-10-01T21:53:38.748654+0100 INFO 6156 availability: 20 
2024-10-01T21:53:38.748654+0100 INFO 6156 rating: 4
2024-10-01T21:53:38.748654+0100 INFO 6156 category: Mystery
2024-10-01T21:53:38.748654+0100 INFO 6156 category name: Food and Drink
2024-10-01T21:53:38.761720+0100 INFO 11540 Successfully fetched the page
2024-10-01T21:53:38.768800+0100 INFO 11540 pages: 1
2024-10-01T21:53:38.768800+0100 INFO 11540 current category page url: https://books.toscrape.com/catalogue/category/books/new-adult_20/index.html
2024-10-01T21:53:38.837659+0100 INFO 8200 Successfully fetched the page
2024-10-01T21:53:38.852685+0100 INFO 8200 num_pages is not None
2024-10-01T21:53:38.852685+0100 INFO 8200 pages: 4
2024-10-01T21:53:38.852685+0100 INFO 8200 current category page url: https://books.toscrape.com/catalogue/category/books/add-a-comment_18/index.html
2024-10-01T21:53:38.853722+0100 INFO 6616 Successfully fetched the page
2024-10-01T21:53:38.864445+0100 INFO 6616 num_pages is not None
2024-10-01T21:53:38.864445+0100 INFO 6616 pages: 3
2024-10-01T21:53:38.864445+0100 INFO 6616 current category page url: https://books.toscrape.com/catalogue/category/books/young-adult_21/index.html
2024-10-01T21:53:38.864445+0100 INFO 12640 Successfully fetched the page
2024-10-01T21:53:38.882715+0100 INFO 12640 num_pages is not None
2024-10-01T21:53:38.882715+0100 INFO 12640 pages: 3
2024-10-01T21:53:38.883755+0100 INFO 12640 current category page url: https://books.toscrape.com/catalogue/category/books/fantasy_19/index.html
2024-10-01T21:53:39.086195+0100 INFO 2680 Successfully fetched the page
2024-10-01T21:53:39.091225+0100 INFO 2680 pages: 1
2024-10-01T21:53:39.091225+0100 INFO 2680 current category page url: https://books.toscrape.com/catalogue/category/books/paranormal_24/index.html
2024-10-01T21:53:39.091225+0100 INFO 9552 Successfully fetched the page
2024-10-01T21:53:39.100487+0100 INFO 9552 pages: 1
2024-10-01T21:53:39.100487+0100 INFO 9552 current category page url: https://books.toscrape.com/catalogue/category/books/art_25/index.html
2024-10-01T21:53:39.100487+0100 INFO 18364 Successfully fetched the page
2024-10-01T21:53:39.113377+0100 INFO 18364 pages: 1
2024-10-01T21:53:39.113377+0100 INFO 18364 current category page url: https://books.toscrape.com/catalogue/category/books/science_22/index.html
2024-10-01T21:53:39.114069+0100 INFO 17620 Successfully fetched the page
2024-10-01T21:53:39.114069+0100 INFO 14884 Successfully fetched the page
2024-10-01T21:53:39.128759+0100 INFO 17620 pages: 1
2024-10-01T21:53:39.128759+0100 INFO 17620 current category page url: https://books.toscrape.com/catalogue/category/books/poetry_23/index.html
2024-10-01T21:53:39.137111+0100 INFO 14884 pages: 1
2024-10-01T21:53:39.137111+0100 INFO 14884 current category page url: https://books.toscrape.com/catalogue/category/books/psychology_26/index.html
2024-10-01T21:53:39.138111+0100 INFO 13124 Successfully fetched the page
2024-10-01T21:53:39.138111+0100 INFO 15584 Successfully fetched the page
2024-10-01T21:53:39.143789+0100 INFO 13124 pages: 1
2024-10-01T21:53:39.143789+0100 INFO 13124 current category page url: https://books.toscrape.com/catalogue/category/books/parenting_28/index.html
2024-10-01T21:53:39.152745+0100 INFO 15584 pages: 1
2024-10-01T21:53:39.152745+0100 INFO 15584 current category page url: https://books.toscrape.com/catalogue/category/books/autobiography_27/index.html
2024-10-01T21:53:39.178225+0100 INFO 12136 Successfully fetched the page
2024-10-01T21:53:39.182645+0100 INFO 12136 pages: 1
2024-10-01T21:53:39.182645+0100 INFO 12136 current category page url: https://books.toscrape.com/catalogue/category/books/adult-fiction_29/index.html
2024-10-01T21:53:39.230689+0100 INFO 5496 Successfully fetched the page
2024-10-01T21:53:39.240537+0100 INFO 5496 pages: 1
2024-10-01T21:53:39.240537+0100 INFO 5496 current category page url: https://books.toscrape.com/catalogue/category/books/humor_30/index.html
2024-10-01T21:53:39.259338+0100 INFO 11540 Successfully fetched the page
2024-10-01T21:53:39.265790+0100 INFO 11540 current book url: without-borders-wanderlove-1_956/index.html
2024-10-01T21:53:39.305711+0100 INFO 1464 Successfully fetched the page
2024-10-01T21:53:39.317710+0100 INFO 1464 pages: 1
2024-10-01T21:53:39.317710+0100 INFO 1464 current category page url: https://books.toscrape.com/catalogue/category/books/horror_31/index.html
2024-10-01T21:53:39.317710+0100 INFO 2416 Successfully fetched the page
2024-10-01T21:53:39.331649+0100 INFO 2416 pages: 1
2024-10-01T21:53:39.331649+0100 INFO 2416 current category page url: https://books.toscrape.com/catalogue/category/books/history_32/index.html
2024-10-01T21:53:39.336402+0100 INFO 6156 Successfully fetched the page
2024-10-01T21:53:39.350750+0100 INFO 6156 num_pages is not None
2024-10-01T21:53:39.350750+0100 INFO 6156 pages: 2
2024-10-01T21:53:39.350750+0100 INFO 6156 current category page url: https://books.toscrape.com/catalogue/category/books/food-and-drink_33/index.html
2024-10-01T21:53:39.447860+0100 INFO 8200 Successfully fetched the page
2024-10-01T21:53:39.460776+0100 INFO 8200 current book url: the-torch-is-passed-a-harding-family-story_945/index.html
2024-10-01T21:53:39.468808+0100 INFO 6616 Successfully fetched the page
2024-10-01T21:53:39.549229+0100 INFO 6616 current book url: the-requiem-red_995/index.html
2024-10-01T21:53:39.549229+0100 INFO 12640 Successfully fetched the page
2024-10-01T21:53:39.564854+0100 INFO 12640 current book url: unicorn-tracks_951/index.html
2024-10-01T21:53:39.607173+0100 INFO 9552 Successfully fetched the page
2024-10-01T21:53:39.607173+0100 INFO 2680 Successfully fetched the page
2024-10-01T21:53:39.607173+0100 INFO 9552 current book url: wall-and-piece_971/index.html
2024-10-01T21:53:39.622800+0100 INFO 2680 current book url: vampire-knight-vol-1-vampire-knight-1_93/index.html
2024-10-01T21:53:39.622800+0100 INFO 15584 Successfully fetched the page
2024-10-01T21:53:39.622800+0100 INFO 15584 current book url: the-argonauts_837/index.html
2024-10-01T21:53:39.638426+0100 INFO 14884 Successfully fetched the page
2024-10-01T21:53:39.654050+0100 INFO 14884 current book url: the-lucifer-effect-understanding-how-good-people-turn-evil_758/index.html
2024-10-01T21:53:39.654050+0100 INFO 13124 Successfully fetched the page
2024-10-01T21:53:39.654050+0100 INFO 13124 current book url: catastrophic-happiness-finding-joy-in-childhoods-messy-years_138/index.html
2024-10-01T21:53:39.669675+0100 INFO 12136 Successfully fetched the page
2024-10-01T21:53:39.669675+0100 INFO 12136 current book url: fifty-shades-freed-fifty-shades-3_156/index.html
2024-10-01T21:53:39.725182+0100 INFO 17620 Successfully fetched the page
2024-10-01T21:53:39.739080+0100 INFO 17620 current book url: a-light-in-the-attic_1000/index.html
2024-10-01T21:53:39.765122+0100 INFO 5496 Successfully fetched the page
2024-10-01T21:53:39.773925+0100 INFO 5496 current book url: the-long-haul-diary-of-a-wimpy-kid-9_757/index.html
2024-10-01T21:53:39.773925+0100 INFO 11540 Successfully fetched the page
2024-10-01T21:53:39.773925+0100 INFO 18364 Successfully fetched the page
2024-10-01T21:53:39.773925+0100 INFO 11540 uuid: 008da2ef-6d43-40e6-a6ed-5d85f691bf06
2024-10-01T21:53:39.781000+0100 INFO 11540 title: Without Borders (Wanderlove #1)
2024-10-01T21:53:39.791746+0100 INFO 18364 current book url: the-most-perfect-thing-inside-and-outside-a-birds-egg_938/index.html
2024-10-01T21:53:39.791746+0100 INFO 11540 price: 45.07
2024-10-01T21:53:39.791746+0100 INFO 11540 availability: 16 
2024-10-01T21:53:39.791746+0100 INFO 11540 rating: 2
2024-10-01T21:53:39.791746+0100 INFO 11540 category: New Adult
2024-10-01T21:53:39.791746+0100 INFO 11540 category name: Christian Fiction
2024-10-01T21:53:39.926066+0100 INFO 1464 Successfully fetched the page
2024-10-01T21:53:39.937700+0100 INFO 1464 current book url: security_925/index.html
2024-10-01T21:53:39.937700+0100 INFO 8200 Successfully fetched the page
2024-10-01T21:53:39.937700+0100 INFO 2416 Successfully fetched the page
2024-10-01T21:53:39.944017+0100 INFO 8200 uuid: 7c4d54b0-1c8c-4528-82c1-eb05f51839d7
2024-10-01T21:53:39.944017+0100 INFO 8200 title: The Torch Is Passed: A Harding Family Story
2024-10-01T21:53:39.951684+0100 INFO 8200 price: 19.09
2024-10-01T21:53:39.955978+0100 INFO 2416 current book url: sapiens-a-brief-history-of-humankind_996/index.html
2024-10-01T21:53:39.955978+0100 INFO 8200 availability: 16 
2024-10-01T21:53:39.955978+0100 INFO 8200 rating: 1
2024-10-01T21:53:39.955978+0100 INFO 8200 category: Add a comment
2024-10-01T21:53:39.955978+0100 INFO 8200 category name: Business
2024-10-01T21:53:40.009919+0100 INFO 6616 Successfully fetched the page
2024-10-01T21:53:40.009919+0100 INFO 6616 uuid: e212708c-2700-4cca-8f58-61ae1a98bfe0
2024-10-01T21:53:40.009919+0100 INFO 6616 title: The Requiem Red
2024-10-01T21:53:40.025545+0100 INFO 6616 price: 22.65
2024-10-01T21:53:40.025545+0100 INFO 6616 availability: 19 
2024-10-01T21:53:40.025545+0100 INFO 6616 rating: 1
2024-10-01T21:53:40.025545+0100 INFO 6616 category: Young Adult
2024-10-01T21:53:40.025545+0100 INFO 6616 category name: Biography
2024-10-01T21:53:40.025545+0100 INFO 6156 Successfully fetched the page
2024-10-01T21:53:40.048711+0100 INFO 6156 current book url: foolproof-preserving-a-guide-to-small-batch-jams-jellies-pickles-condiments-and-more-a-foolproof-guide-to-making-small-batch-jams-jellies-pickles-condiments-and-more_978/index.html
2024-10-01T21:53:40.048711+0100 INFO 12640 Successfully fetched the page
2024-10-01T21:53:40.051619+0100 INFO 12640 uuid: 1883a1f7-af08-436f-82e3-9cafaef8c170
2024-10-01T21:53:40.051619+0100 INFO 12640 title: Unicorn Tracks
2024-10-01T21:53:40.051619+0100 INFO 12640 price: 18.78
2024-10-01T21:53:40.051619+0100 INFO 12640 availability: 16 
2024-10-01T21:53:40.051619+0100 INFO 12640 rating: 3
2024-10-01T21:53:40.051619+0100 INFO 12640 category: Fantasy
2024-10-01T21:53:40.051619+0100 INFO 12640 category name: Thriller
2024-10-01T21:53:40.072436+0100 INFO 9552 Successfully fetched the page
2024-10-01T21:53:40.088063+0100 INFO 9552 uuid: 4dfb89b2-b081-41f8-97cb-893fd88cafb7
2024-10-01T21:53:40.088063+0100 INFO 9552 title: Wall and Piece
2024-10-01T21:53:40.088063+0100 INFO 9552 price: 44.18
2024-10-01T21:53:40.088063+0100 INFO 9552 availability: 18 
2024-10-01T21:53:40.088063+0100 INFO 9552 rating: 4
2024-10-01T21:53:40.088063+0100 INFO 9552 category: Art
2024-10-01T21:53:40.088063+0100 INFO 9552 category name: Contemporary
2024-10-01T21:53:40.088063+0100 INFO 15584 Successfully fetched the page
2024-10-01T21:53:40.088063+0100 INFO 15584 uuid: 9e8bd73c-e145-453b-8709-c2c7eebaf1bd
2024-10-01T21:53:40.088063+0100 INFO 15584 title: The Argonauts
2024-10-01T21:53:40.088063+0100 INFO 15584 price: 10.93
2024-10-01T21:53:40.088063+0100 INFO 15584 availability: 15 
2024-10-01T21:53:40.088063+0100 INFO 15584 rating: 2
2024-10-01T21:53:40.088063+0100 INFO 15584 category: Autobiography
2024-10-01T21:53:40.088063+0100 INFO 15584 category name: Spirituality
2024-10-01T21:53:40.103688+0100 INFO 2680 Successfully fetched the page
2024-10-01T21:53:40.103688+0100 INFO 2680 uuid: 6dda44fb-7af5-468b-a00b-d9dc0dcead0a
2024-10-01T21:53:40.103688+0100 INFO 2680 title: Vampire Knight, Vol. 1 (Vampire Knight #1)
2024-10-01T21:53:40.103688+0100 INFO 2680 price: 15.40
2024-10-01T21:53:40.103688+0100 INFO 2680 availability: 1 
2024-10-01T21:53:40.103688+0100 INFO 2680 rating: 1
2024-10-01T21:53:40.103688+0100 INFO 2680 category: Paranormal
2024-10-01T21:53:40.103688+0100 INFO 2680 category name: Academic
2024-10-01T21:53:40.103688+0100 INFO 17620 Successfully fetched the page
2024-10-01T21:53:40.103688+0100 INFO 17620 uuid: 83c72697-f8f1-4c09-b660-cd57b49b12d1
2024-10-01T21:53:40.103688+0100 INFO 17620 title: A Light in the Attic
2024-10-01T21:53:40.103688+0100 INFO 17620 price: 51.77
2024-10-01T21:53:40.103688+0100 INFO 17620 availability: 22 
2024-10-01T21:53:40.103688+0100 INFO 17620 rating: 3
2024-10-01T21:53:40.103688+0100 INFO 17620 category: Poetry
2024-10-01T21:53:40.103688+0100 INFO 17620 category name: Self Help
2024-10-01T21:53:40.134938+0100 INFO 14884 Successfully fetched the page
2024-10-01T21:53:40.134938+0100 INFO 12136 Successfully fetched the page
2024-10-01T21:53:40.134938+0100 INFO 14884 uuid: 3ab5a1bb-335e-479b-bc6c-e9204c26a3c9
2024-10-01T21:53:40.150563+0100 INFO 14884 title: The Lucifer Effect: Understanding How Good People Turn Evil
2024-10-01T21:53:40.150563+0100 INFO 12136 uuid: f9a7a7af-3b0c-489b-a6a0-082bfa762d1f
2024-10-01T21:53:40.150563+0100 INFO 14884 price: 10.40
2024-10-01T21:53:40.150563+0100 INFO 12136 title: Fifty Shades Freed (Fifty Shades #3)
2024-10-01T21:53:40.150563+0100 INFO 14884 availability: 14 
2024-10-01T21:53:40.150563+0100 INFO 12136 price: 15.36
2024-10-01T21:53:40.150563+0100 INFO 14884 rating: 1
2024-10-01T21:53:40.150563+0100 INFO 12136 availability: 3 
2024-10-01T21:53:40.150563+0100 INFO 14884 category: Psychology
2024-10-01T21:53:40.150563+0100 INFO 12136 rating: 5
2024-10-01T21:53:40.150563+0100 INFO 14884 category name: Historical
2024-10-01T21:53:40.150563+0100 INFO 12136 category: Adult Fiction
2024-10-01T21:53:40.150563+0100 INFO 12136 category name: Christian
2024-10-01T21:53:40.150563+0100 INFO 13124 Successfully fetched the page
2024-10-01T21:53:40.150563+0100 INFO 13124 uuid: 2e87b24f-bf3d-4e9a-98fc-e56100b363e0
2024-10-01T21:53:40.150563+0100 INFO 13124 title: Catastrophic Happiness: Finding Joy in Childhood's Messy Years
2024-10-01T21:53:40.150563+0100 INFO 13124 price: 37.35
2024-10-01T21:53:40.150563+0100 INFO 13124 availability: 3 
2024-10-01T21:53:40.150563+0100 INFO 13124 rating: 2
2024-10-01T21:53:40.150563+0100 INFO 13124 category: Parenting
2024-10-01T21:53:40.150563+0100 INFO 13124 category name: Suspense
2024-10-01T21:53:40.228688+0100 INFO 5496 Successfully fetched the page
2024-10-01T21:53:40.248598+0100 INFO 5496 uuid: 93e1ff3d-c13f-4237-9064-beeeeaf3a1df
2024-10-01T21:53:40.248598+0100 INFO 5496 title: The Long Haul (Diary of a Wimpy Kid #9)
2024-10-01T21:53:40.248598+0100 INFO 5496 price: 44.07
2024-10-01T21:53:40.248598+0100 INFO 5496 availability: 14 
2024-10-01T21:53:40.248598+0100 INFO 5496 rating: 1
2024-10-01T21:53:40.248598+0100 INFO 5496 category: Humor
2024-10-01T21:53:40.248598+0100 INFO 5496 category name: Short Stories
2024-10-01T21:53:40.252727+0100 INFO 11540 Successfully fetched the page
2024-10-01T21:53:40.260467+0100 INFO 11540 pages: 1
2024-10-01T21:53:40.260467+0100 INFO 11540 current category page url: https://books.toscrape.com/catalogue/category/books/christian-fiction_34/index.html
2024-10-01T21:53:40.260467+0100 INFO 18364 Successfully fetched the page
2024-10-01T21:53:40.265694+0100 INFO 18364 uuid: cbe1251f-e34b-4563-9dc7-5f46396668e1
2024-10-01T21:53:40.266742+0100 INFO 18364 title: The Most Perfect Thing: Inside (and Outside) a Bird's Egg
2024-10-01T21:53:40.267111+0100 INFO 18364 price: 42.96
2024-10-01T21:53:40.267111+0100 INFO 18364 availability: 16 
2024-10-01T21:53:40.267111+0100 INFO 18364 rating: 4
2024-10-01T21:53:40.267420+0100 INFO 18364 category: Science
2024-10-01T21:53:40.267420+0100 INFO 18364 category name: Novels
2024-10-01T21:53:40.400720+0100 INFO 2416 Successfully fetched the page
2024-10-01T21:53:40.404731+0100 INFO 2416 uuid: 2dd3869c-ee4b-41aa-8234-dbe353165d5e
2024-10-01T21:53:40.404731+0100 INFO 2416 title: Sapiens: A Brief History of Humankind
2024-10-01T21:53:40.404731+0100 INFO 2416 price: 54.23
2024-10-01T21:53:40.405733+0100 INFO 2416 availability: 20 
2024-10-01T21:53:40.405810+0100 INFO 2416 rating: 5
2024-10-01T21:53:40.405810+0100 INFO 2416 category: History
2024-10-01T21:53:40.405938+0100 INFO 2416 category name: Health
2024-10-01T21:53:40.409782+0100 INFO 1464 Successfully fetched the page
2024-10-01T21:53:40.415171+0100 INFO 1464 uuid: 307b88b3-f73f-45ed-9ed0-1250df2c52d5
2024-10-01T21:53:40.415171+0100 INFO 1464 title: Security
2024-10-01T21:53:40.415171+0100 INFO 1464 price: 39.25
2024-10-01T21:53:40.415700+0100 INFO 1464 availability: 16 
2024-10-01T21:53:40.415760+0100 INFO 1464 rating: 2
2024-10-01T21:53:40.415760+0100 INFO 1464 category: Horror
2024-10-01T21:53:40.415760+0100 INFO 1464 category name: Politics
2024-10-01T21:53:40.502173+0100 INFO 6156 Successfully fetched the page
2024-10-01T21:53:40.507495+0100 INFO 6156 uuid: 752fdcd5-fe3a-48c6-8c9b-5d19a648da74
2024-10-01T21:53:40.507495+0100 INFO 6156 title: Foolproof Preserving: A Guide to Small Batch Jams, Jellies, Pickles, Condiments, and More: A Foolproof Guide to Making Small Batch Jams, Jellies, Pickles, Condiments, and More
2024-10-01T21:53:40.507495+0100 INFO 6156 price: 30.52
2024-10-01T21:53:40.507495+0100 INFO 6156 availability: 19 
2024-10-01T21:53:40.507495+0100 INFO 6156 rating: 3
2024-10-01T21:53:40.507495+0100 INFO 6156 category: Food and Drink
2024-10-01T21:53:40.508495+0100 INFO 6156 category name: Cultural
2024-10-01T21:53:40.508495+0100 INFO 12640 Successfully fetched the page
2024-10-01T21:53:40.519360+0100 INFO 12640 pages: 1
2024-10-01T21:53:40.519775+0100 INFO 12640 current category page url: https://books.toscrape.com/catalogue/category/books/thriller_37/index.html
2024-10-01T21:53:40.519775+0100 INFO 6616 Successfully fetched the page
2024-10-01T21:53:40.526369+0100 INFO 6616 pages: 1
2024-10-01T21:53:40.526369+0100 INFO 6616 current category page url: https://books.toscrape.com/catalogue/category/books/biography_36/index.html
2024-10-01T21:53:40.542175+0100 INFO 8200 Successfully fetched the page
2024-10-01T21:53:40.552700+0100 INFO 8200 pages: 1
2024-10-01T21:53:40.552700+0100 INFO 8200 current category page url: https://books.toscrape.com/catalogue/category/books/business_35/index.html
2024-10-01T21:53:40.552700+0100 INFO 15584 Successfully fetched the page
2024-10-01T21:53:40.558593+0100 INFO 15584 pages: 1
2024-10-01T21:53:40.558593+0100 INFO 15584 current category page url: https://books.toscrape.com/catalogue/category/books/spirituality_39/index.html
2024-10-01T21:53:40.558593+0100 INFO 2680 Successfully fetched the page
2024-10-01T21:53:40.558593+0100 INFO 2680 pages: 1
2024-10-01T21:53:40.558593+0100 INFO 2680 current category page url: https://books.toscrape.com/catalogue/category/books/academic_40/index.html
2024-10-01T21:53:40.558593+0100 INFO 9552 Successfully fetched the page
2024-10-01T21:53:40.558593+0100 INFO 9552 pages: 1
2024-10-01T21:53:40.558593+0100 INFO 9552 current category page url: https://books.toscrape.com/catalogue/category/books/contemporary_38/index.html
2024-10-01T21:53:40.573599+0100 INFO 17620 Successfully fetched the page
2024-10-01T21:53:40.573599+0100 INFO 17620 pages: 1
2024-10-01T21:53:40.573599+0100 INFO 17620 current category page url: https://books.toscrape.com/catalogue/category/books/self-help_41/index.html
2024-10-01T21:53:40.600264+0100 INFO 12136 Successfully fetched the page
2024-10-01T21:53:40.615891+0100 INFO 12136 pages: 1
2024-10-01T21:53:40.615891+0100 INFO 12136 current category page url: https://books.toscrape.com/catalogue/category/books/christian_43/index.html
2024-10-01T21:53:40.615891+0100 INFO 13124 Successfully fetched the page
2024-10-01T21:53:40.615891+0100 INFO 13124 pages: 1
2024-10-01T21:53:40.615891+0100 INFO 13124 current category page url: https://books.toscrape.com/catalogue/category/books/suspense_44/index.html
2024-10-01T21:53:40.615891+0100 INFO 14884 Successfully fetched the page
2024-10-01T21:53:40.615891+0100 INFO 14884 pages: 1
2024-10-01T21:53:40.615891+0100 INFO 14884 current category page url: https://books.toscrape.com/catalogue/category/books/historical_42/index.html
2024-10-01T21:53:40.719354+0100 INFO 5496 Successfully fetched the page
2024-10-01T21:53:40.719354+0100 INFO 5496 pages: 1
2024-10-01T21:53:40.719354+0100 INFO 5496 current category page url: https://books.toscrape.com/catalogue/category/books/short-stories_45/index.html
2024-10-01T21:53:40.735000+0100 INFO 18364 Successfully fetched the page
2024-10-01T21:53:40.866604+0100 INFO 18364 pages: 1
2024-10-01T21:53:40.867604+0100 INFO 18364 current category page url: https://books.toscrape.com/catalogue/category/books/novels_46/index.html
2024-10-01T21:53:40.868605+0100 INFO 11540 Successfully fetched the page
2024-10-01T21:53:40.869605+0100 INFO 2416 Successfully fetched the page
2024-10-01T21:53:40.872919+0100 INFO 11540 current book url: redeeming-love_826/index.html
2024-10-01T21:53:40.882401+0100 INFO 2416 pages: 1
2024-10-01T21:53:40.882401+0100 INFO 2416 current category page url: https://books.toscrape.com/catalogue/category/books/health_47/index.html
2024-10-01T21:53:40.883400+0100 INFO 1464 Successfully fetched the page
2024-10-01T21:53:40.886677+0100 INFO 1464 pages: 1
2024-10-01T21:53:40.886677+0100 INFO 1464 current category page url: https://books.toscrape.com/catalogue/category/books/politics_48/index.html
2024-10-01T21:53:41.083717+0100 INFO 6156 Successfully fetched the page
2024-10-01T21:53:41.088765+0100 INFO 6156 pages: 1
2024-10-01T21:53:41.088765+0100 INFO 6156 current category page url: https://books.toscrape.com/catalogue/category/books/cultural_49/index.html
2024-10-01T21:53:41.092729+0100 INFO 9552 Successfully fetched the page
2024-10-01T21:53:41.098754+0100 INFO 9552 current book url: when-we-collided_955/index.html
2024-10-01T21:53:41.099674+0100 INFO 15584 Successfully fetched the page
2024-10-01T21:53:41.107477+0100 INFO 15584 current book url: the-four-agreements-a-practical-guide-to-personal-freedom_970/index.html
2024-10-01T21:53:41.107782+0100 INFO 17620 Successfully fetched the page
2024-10-01T21:53:41.107782+0100 INFO 2680 Successfully fetched the page
2024-10-01T21:53:41.108321+0100 INFO 6616 Successfully fetched the page
2024-10-01T21:53:41.114826+0100 INFO 17620 current book url: online-marketing-for-busy-authors-a-step-by-step-guide_913/index.html
2024-10-01T21:53:41.119712+0100 INFO 2680 current book url: logan-kade-fallen-crest-high-55_384/index.html
2024-10-01T21:53:41.126732+0100 INFO 6616 current book url: louisa-the-extraordinary-life-of-mrs-adams_818/index.html
2024-10-01T21:53:41.135053+0100 INFO 12640 Successfully fetched the page
2024-10-01T21:53:41.143762+0100 INFO 12640 current book url: in-her-wake_980/index.html
2024-10-01T21:53:41.145771+0100 INFO 8200 Successfully fetched the page
2024-10-01T21:53:41.155891+0100 INFO 8200 current book url: the-dirty-little-secrets-of-getting-your-dream-job_994/index.html
2024-10-01T21:53:41.197230+0100 INFO 13124 Successfully fetched the page
2024-10-01T21:53:41.202185+0100 INFO 13124 current book url: silence-in-the-dark-logan-point-4_542/index.html
2024-10-01T21:53:41.211450+0100 INFO 5496 Successfully fetched the page
2024-10-01T21:53:41.227313+0100 INFO 5496 current book url: the-grownup_546/index.html
2024-10-01T21:53:41.227313+0100 INFO 14884 Successfully fetched the page
2024-10-01T21:53:41.233313+0100 INFO 14884 current book url: all-the-light-we-cannot-see_660/index.html
2024-10-01T21:53:41.233421+0100 INFO 12136 Successfully fetched the page
2024-10-01T21:53:41.239336+0100 INFO 12136 current book url: unqualified-how-god-uses-broken-people-to-do-big-things_873/index.html
2024-10-01T21:53:41.334160+0100 INFO 18364 Successfully fetched the page
2024-10-01T21:53:41.334160+0100 INFO 18364 current book url: suzie-snowflake-one-beautiful-flake-a-self-esteem-story_568/index.html
2024-10-01T21:53:41.334160+0100 INFO 2416 Successfully fetched the page
2024-10-01T21:53:41.349719+0100 INFO 2416 current book url: the-bulletproof-diet-lose-up-to-a-pound-a-day-reclaim-energy-and-focus-upgrade-your-life_931/index.html
2024-10-01T21:53:41.350341+0100 INFO 11540 Successfully fetched the page
2024-10-01T21:53:41.355437+0100 INFO 11540 uuid: d9a14791-8e2e-49d2-b96c-fbc7095a379b
2024-10-01T21:53:41.356436+0100 INFO 11540 title: Redeeming Love
2024-10-01T21:53:41.356436+0100 INFO 11540 price: 20.47
2024-10-01T21:53:41.356436+0100 INFO 11540 availability: 15 
2024-10-01T21:53:41.356436+0100 INFO 11540 rating: 5
2024-10-01T21:53:41.356436+0100 INFO 11540 category: Christian Fiction
2024-10-01T21:53:41.357308+0100 INFO 11540 category name: Erotica
2024-10-01T21:53:41.368374+0100 INFO 1464 Successfully fetched the page
2024-10-01T21:53:41.374269+0100 INFO 1464 current book url: libertarianism-for-beginners_982/index.html
2024-10-01T21:53:41.548651+0100 INFO 6156 Successfully fetched the page
2024-10-01T21:53:41.553630+0100 INFO 6156 current book url: amid-the-chaos_788/index.html
2024-10-01T21:53:41.562861+0100 INFO 9552 Successfully fetched the page
2024-10-01T21:53:41.567616+0100 INFO 9552 uuid: 12cd7f6f-990b-4255-9970-3ca25a4a4767
2024-10-01T21:53:41.567616+0100 INFO 9552 title: When We Collided
2024-10-01T21:53:41.567616+0100 INFO 9552 price: 31.77
2024-10-01T21:53:41.567616+0100 INFO 15584 Successfully fetched the page
2024-10-01T21:53:41.568642+0100 INFO 9552 availability: 16 
2024-10-01T21:53:41.568642+0100 INFO 9552 rating: 1
2024-10-01T21:53:41.573624+0100 INFO 15584 uuid: 60fba60b-2114-413b-9cc2-c6ac9278c387
2024-10-01T21:53:41.573624+0100 INFO 9552 category: Contemporary
2024-10-01T21:53:41.573624+0100 INFO 15584 title: The Four Agreements: A Practical Guide to Personal Freedom
2024-10-01T21:53:41.573624+0100 INFO 9552 category name: Crime
2024-10-01T21:53:41.573624+0100 INFO 15584 price: 17.66
2024-10-01T21:53:41.573624+0100 INFO 15584 availability: 18 
2024-10-01T21:53:41.574656+0100 INFO 17620 Successfully fetched the page
2024-10-01T21:53:41.574734+0100 INFO 15584 rating: 5
2024-10-01T21:53:41.574734+0100 INFO 15584 category: Spirituality
2024-10-01T21:53:41.580628+0100 INFO 17620 uuid: 1a5f20af-af12-4765-98ed-c781edd75c26
2024-10-01T21:53:41.580628+0100 INFO 17620 title: Online Marketing for Busy Authors: A Step-By-Step Guide
2024-10-01T21:53:41.581664+0100 INFO 17620 price: 46.35
2024-10-01T21:53:41.581664+0100 INFO 17620 availability: 16 
2024-10-01T21:53:41.581664+0100 INFO 6616 Successfully fetched the page
2024-10-01T21:53:41.581664+0100 INFO 17620 rating: 1
2024-10-01T21:53:41.581664+0100 INFO 17620 category: Self Help
2024-10-01T21:53:41.587626+0100 INFO 6616 uuid: 71926501-48fe-4a7f-bfd3-11ce2939a851
2024-10-01T21:53:41.587626+0100 INFO 6616 title: Louisa: The Extraordinary Life of Mrs. Adams
2024-10-01T21:53:41.587626+0100 INFO 6616 price: 16.85
2024-10-01T21:53:41.587626+0100 INFO 6616 availability: 15 
2024-10-01T21:53:41.587626+0100 INFO 6616 rating: 2
2024-10-01T21:53:41.588625+0100 INFO 6616 category: Biography
2024-10-01T21:53:41.599625+0100 INFO 2680 Successfully fetched the page
2024-10-01T21:53:41.604613+0100 INFO 2680 uuid: c3efdee6-7c17-4bc9-9143-dac2aa52a65b
2024-10-01T21:53:41.604613+0100 INFO 2680 title: Logan Kade (Fallen Crest High #5.5)
2024-10-01T21:53:41.605630+0100 INFO 2680 price: 13.12
2024-10-01T21:53:41.605630+0100 INFO 2680 availability: 5 
2024-10-01T21:53:41.605630+0100 INFO 2680 rating: 2
2024-10-01T21:53:41.605630+0100 INFO 2680 category: Academic
2024-10-01T21:53:41.614711+0100 INFO 12640 Successfully fetched the page
2024-10-01T21:53:41.619631+0100 INFO 12640 uuid: 5567cac3-ce62-46df-9850-d4685fb6aaef
2024-10-01T21:53:41.619631+0100 INFO 12640 title: In Her Wake
2024-10-01T21:53:41.619631+0100 INFO 12640 price: 12.84
2024-10-01T21:53:41.619631+0100 INFO 12640 availability: 19 
2024-10-01T21:53:41.619631+0100 INFO 12640 rating: 1
2024-10-01T21:53:41.619631+0100 INFO 12640 category: Thriller
2024-10-01T21:53:41.624629+0100 INFO 8200 Successfully fetched the page
2024-10-01T21:53:41.629610+0100 INFO 8200 uuid: 3e98d20d-f55a-4145-9646-cdb7b58c26d5
2024-10-01T21:53:41.629610+0100 INFO 8200 title: The Dirty Little Secrets of Getting Your Dream Job
2024-10-01T21:53:41.629610+0100 INFO 8200 price: 33.34
2024-10-01T21:53:41.630612+0100 INFO 8200 availability: 19 
2024-10-01T21:53:41.630612+0100 INFO 8200 rating: 4
2024-10-01T21:53:41.630612+0100 INFO 8200 category: Business
2024-10-01T21:53:41.662967+0100 INFO 13124 Successfully fetched the page
2024-10-01T21:53:41.668216+0100 INFO 13124 uuid: 952d4c28-74f3-4a65-8b53-e607be96a326
2024-10-01T21:53:41.668216+0100 INFO 13124 title: Silence in the Dark (Logan Point #4)
2024-10-01T21:53:41.668216+0100 INFO 13124 price: 58.33
2024-10-01T21:53:41.668216+0100 INFO 13124 availability: 8 
2024-10-01T21:53:41.668216+0100 INFO 13124 rating: 3
2024-10-01T21:53:41.668216+0100 INFO 13124 category: Suspense
2024-10-01T21:53:41.690668+0100 INFO 12136 Successfully fetched the page
2024-10-01T21:53:41.705674+0100 INFO 12136 uuid: 0a25ced6-cb1a-4201-be12-d4c6fd5f8b30
2024-10-01T21:53:41.705674+0100 INFO 12136 title: (Un)Qualified: How God Uses Broken People to Do Big Things
2024-10-01T21:53:41.705674+0100 INFO 12136 price: 54.00
2024-10-01T21:53:41.705674+0100 INFO 12136 availability: 16 
2024-10-01T21:53:41.705674+0100 INFO 12136 rating: 5
2024-10-01T21:53:41.705674+0100 INFO 12136 category: Christian
2024-10-01T21:53:41.705674+0100 INFO 14884 Successfully fetched the page
2024-10-01T21:53:41.705674+0100 INFO 14884 uuid: 57c48a77-d9af-4ee7-b90e-c8bc336e5c51
2024-10-01T21:53:41.705674+0100 INFO 14884 title: All the Light We Cannot See
2024-10-01T21:53:41.705674+0100 INFO 14884 price: 29.87
2024-10-01T21:53:41.705674+0100 INFO 14884 availability: 14 
2024-10-01T21:53:41.705674+0100 INFO 14884 rating: 5
2024-10-01T21:53:41.705674+0100 INFO 14884 category: Historical
2024-10-01T21:53:41.721306+0100 INFO 5496 Successfully fetched the page
2024-10-01T21:53:41.721306+0100 INFO 5496 uuid: 775923c5-b2b6-48b5-8912-dfed90d917c9
2024-10-01T21:53:41.721306+0100 INFO 5496 title: The Grownup
2024-10-01T21:53:41.721306+0100 INFO 5496 price: 35.88
2024-10-01T21:53:41.721306+0100 INFO 5496 availability: 8 
2024-10-01T21:53:41.721306+0100 INFO 5496 rating: 1
2024-10-01T21:53:41.721306+0100 INFO 5496 category: Short Stories
2024-10-01T21:53:41.815056+0100 INFO 18364 Successfully fetched the page
2024-10-01T21:53:41.815056+0100 INFO 18364 uuid: 9731c5e9-ce8a-42d0-a61e-867a2197deda
2024-10-01T21:53:41.815056+0100 INFO 18364 title: Suzie Snowflake: One beautiful flake (a self-esteem story)
2024-10-01T21:53:41.815056+0100 INFO 18364 price: 54.81
2024-10-01T21:53:41.815056+0100 INFO 18364 availability: 9 
2024-10-01T21:53:41.815056+0100 INFO 18364 rating: 5
2024-10-01T21:53:41.815056+0100 INFO 18364 category: Novels
2024-10-01T21:53:41.830680+0100 INFO 2416 Successfully fetched the page
2024-10-01T21:53:41.830680+0100 INFO 2416 uuid: 2561418a-6718-4bab-a822-4a128f00290d
2024-10-01T21:53:41.830680+0100 INFO 2416 title: The Bulletproof Diet: Lose up to a Pound a Day, Reclaim Energy and Focus, Upgrade Your Life
2024-10-01T21:53:41.830680+0100 INFO 2416 price: 49.05
2024-10-01T21:53:41.830680+0100 INFO 1464 Successfully fetched the page
2024-10-01T21:53:41.830680+0100 INFO 2416 availability: 16 
2024-10-01T21:53:41.830680+0100 INFO 2416 rating: 3
2024-10-01T21:53:41.846305+0100 INFO 2416 category: Health
2024-10-01T21:53:41.846305+0100 INFO 1464 uuid: 5d893f63-83a6-4b3c-b2d0-fcf7be49daf4
2024-10-01T21:53:41.846305+0100 INFO 1464 title: Libertarianism for Beginners
2024-10-01T21:53:41.846305+0100 INFO 1464 price: 51.33
2024-10-01T21:53:41.846305+0100 INFO 1464 availability: 19 
2024-10-01T21:53:41.846305+0100 INFO 1464 rating: 2
2024-10-01T21:53:41.846305+0100 INFO 1464 category: Politics
2024-10-01T21:53:41.846305+0100 INFO 11540 Successfully fetched the page
2024-10-01T21:53:41.846305+0100 INFO 11540 pages: 1
2024-10-01T21:53:41.846305+0100 INFO 11540 current category page url: https://books.toscrape.com/catalogue/category/books/erotica_50/index.html
2024-10-01T21:53:41.990138+0100 INFO 6156 Successfully fetched the page
2024-10-01T21:53:42.005787+0100 INFO 6156 uuid: 9f2086f5-d34e-45be-b24e-82768b0247cc
2024-10-01T21:53:42.005787+0100 INFO 6156 title: Amid the Chaos
2024-10-01T21:53:42.005787+0100 INFO 6156 price: 36.58
2024-10-01T21:53:42.005787+0100 INFO 6156 availability: 15 
2024-10-01T21:53:42.005787+0100 INFO 6156 rating: 1
2024-10-01T21:53:42.005787+0100 INFO 6156 category: Cultural
2024-10-01T21:53:42.037037+0100 INFO 9552 Successfully fetched the page
2024-10-01T21:53:42.037037+0100 INFO 9552 pages: 1
2024-10-01T21:53:42.037037+0100 INFO 9552 current category page url: https://books.toscrape.com/catalogue/category/books/crime_51/index.html
2024-10-01T21:53:42.297037+0100 INFO 11540 Successfully fetched the page
2024-10-01T21:53:42.297037+0100 INFO 11540 current book url: dark-notes_800/index.html
2024-10-01T21:53:42.514367+0100 INFO 9552 Successfully fetched the page
2024-10-01T21:53:42.514367+0100 INFO 9552 current book url: the-long-shadow-of-small-ghosts-murder-and-memory-in-an-american-city_848/index.html
2024-10-01T21:53:42.776101+0100 INFO 11540 Successfully fetched the page
2024-10-01T21:53:42.776101+0100 INFO 11540 uuid: 776baa2a-f11d-41cd-8eba-3f6b1a90b0f0
2024-10-01T21:53:42.776101+0100 INFO 11540 title: Dark Notes
2024-10-01T21:53:42.776101+0100 INFO 11540 price: 19.19
2024-10-01T21:53:42.776101+0100 INFO 11540 availability: 15 
2024-10-01T21:53:42.776101+0100 INFO 11540 rating: 5
2024-10-01T21:53:42.776101+0100 INFO 11540 category: Erotica
2024-10-01T21:53:42.955410+0100 INFO 9552 Successfully fetched the page
2024-10-01T21:53:42.955410+0100 INFO 9552 uuid: c3948377-696f-45c1-b178-9de8dd867241
2024-10-01T21:53:42.955410+0100 INFO 9552 title: The Long Shadow of Small Ghosts: Murder and Memory in an American City
2024-10-01T21:53:42.955410+0100 INFO 9552 price: 10.97
2024-10-01T21:53:42.955410+0100 INFO 9552 availability: 15 
2024-10-01T21:53:42.955410+0100 INFO 9552 rating: 1
2024-10-01T21:53:42.955410+0100 INFO 9552 category: Crime
2024-10-01T21:53:42.955410+0100 ERROR 9528 Error scraping books: 'NoneType' object has no attribute 'close'
2024-10-01T21:53:42.955410+0100 ERROR 9528 An unexpected error occurred: 'NoneType' object has no attribute 'close'
